#
# There is insufficient memory for the Java Runtime Environment to continue.
# Native memory allocation (mmap) failed to map 132120576 bytes for Failed to commit area from 0x0000000090f00000 to 0x0000000098d00000 of length 132120576.
# Possible reasons:
#   The system is out of physical RAM or swap space
#   The process is running with CompressedOops enabled, and the Java Heap may be blocking the growth of the native heap
# Possible solutions:
#   Reduce memory load on the system
#   Increase physical memory or swap space
#   Check if swap backing store is full
#   Decrease Java heap size (-Xmx/-Xms)
#   Decrease number of Java threads
#   Decrease Java thread stack sizes (-Xss)
#   Set larger code cache with -XX:ReservedCodeCacheSize=
#   JVM is running with Unscaled Compressed Oops mode in which the Java heap is
#     placed in the first 4GB address space. The Java Heap base address is the
#     maximum limit for the native heap growth. Please use -XX:HeapBaseMinAddress
#     to set the Java Heap base and to place the Java Heap above 4GB virtual address.
# This output file may be truncated or incomplete.
#
#  Out of Memory Error (./src/hotspot/os/windows/os_windows.cpp:3301), pid=9320, tid=3376
#
# JRE version: OpenJDK Runtime Environment (11.0.10) (build 11.0.10+0-b96-7249189)
# Java VM: OpenJDK 64-Bit Server VM (11.0.10+0-b96-7249189, mixed mode, tiered, compressed oops, g1 gc, windows-amd64)
# No core dump will be written. Minidumps are not enabled by default on client versions of Windows
#

---------------  S U M M A R Y ------------

Command Line: --add-opens=java.base/java.util=ALL-UNNAMED --add-opens=java.base/java.lang=ALL-UNNAMED --add-opens=java.base/java.lang.invoke=ALL-UNNAMED --add-opens=java.base/java.util=ALL-UNNAMED --add-opens=java.prefs/java.util.prefs=ALL-UNNAMED --add-opens=java.prefs/java.util.prefs=ALL-UNNAMED --add-opens=java.base/java.nio.charset=ALL-UNNAMED --add-opens=java.base/java.net=ALL-UNNAMED --add-opens=java.base/java.util.concurrent.atomic=ALL-UNNAMED -Xmx2048m -Dfile.encoding=UTF-8 -Duser.country=US -Duser.language=en -Duser.variant org.gradle.launcher.daemon.bootstrap.GradleDaemon 7.0.2

Host: Intel(R) Core(TM) i5-8250U CPU @ 1.60GHz, 8 cores, 7G,  Windows 10 , 64 bit Build 19041 (10.0.19041.1202)
Time: Tue Sep 21 23:45:48 2021 SE Asia Standard Time elapsed time: 20.173576 seconds (0d 0h 0m 20s)

---------------  T H R E A D  ---------------

Current thread (0x00000236cab43000):  VMThread "VM Thread" [stack: 0x000000b744900000,0x000000b744a00000] [id=3376]

Stack: [0x000000b744900000,0x000000b744a00000]
[error occurred during error reporting (printing stack bounds), id 0xc0000005, EXCEPTION_ACCESS_VIOLATION (0xc0000005) at pc=0x00000236b41c0f2d]

Native frames: (J=compiled Java code, j=interpreted, Vv=VM code, C=native code)
V  [jvm.dll+0x5ecfaa]
V  [jvm.dll+0x722bd5]
V  [jvm.dll+0x72412d]
V  [jvm.dll+0x724745]
V  [jvm.dll+0x7246fb]
V  [jvm.dll+0x5ec348]
V  [jvm.dll+0x5ecad8]
C  [ntdll.dll+0xa20cf]
C  [ntdll.dll+0x51454]
C  [ntdll.dll+0xa0bfe]
C  0x00000236b41c0f2d

VM_Operation (0x000000b747efd5a0): G1CollectForAllocation, mode: safepoint, requested by thread 0x00000236d0be1800


---------------  P R O C E S S  ---------------

Threads class SMR info:
_java_thread_list=0x00000236d40a2940, length=80, elements={
0x00000236b06cd000, 0x00000236cab47000, 0x00000236cab50000, 0x00000236cb4c5800,
0x00000236cb4c7000, 0x00000236cb4c9000, 0x00000236cb4ca000, 0x00000236cb4cd800,
0x00000236cab5e000, 0x00000236cb63e000, 0x00000236cd357800, 0x00000236cb700000,
0x00000236cd67c000, 0x00000236cd52b800, 0x00000236ccb3a800, 0x00000236cd01f000,
0x00000236cd020000, 0x00000236cd3bd800, 0x00000236cd6a3000, 0x00000236cc24c000,
0x00000236cc24d800, 0x00000236cc24c800, 0x00000236cc24b000, 0x00000236cdc60800,
0x00000236cdc64800, 0x00000236cdc61000, 0x00000236cdc5e800, 0x00000236cdc62800,
0x00000236cdc65000, 0x00000236cdc62000, 0x00000236cdc5f800, 0x00000236cdc69000,
0x00000236cdc67000, 0x00000236cdc6b000, 0x00000236cdc67800, 0x00000236cdc6a000,
0x00000236cdc68800, 0x00000236cdc66000, 0x00000236cdc6c800, 0x00000236cdc6d800,
0x00000236d0be3000, 0x00000236d0be4800, 0x00000236d0be1800, 0x00000236d0be5800,
0x00000236d0be7000, 0x00000236d0be6800, 0x00000236d0be4000, 0x00000236d0be8000,
0x00000236d0be2800, 0x00000236d0bec000, 0x00000236d0bed000, 0x00000236d0be9000,
0x00000236d0bed800, 0x00000236d0bee800, 0x00000236d0bef800, 0x00000236d0bea800,
0x00000236d0be9800, 0x00000236d0bf0000, 0x00000236d07c6000, 0x00000236d07ca800,
0x00000236d07c7000, 0x00000236cd3bd000, 0x00000236cd888000, 0x00000236d07c9800,
0x00000236d07cb000, 0x00000236d07c5800, 0x00000236d07cc000, 0x00000236d07cc800,
0x00000236d07cd800, 0x00000236d07c8000, 0x00000236d07c8800, 0x00000236d07cf000,
0x00000236d07d3800, 0x00000236d07ce800, 0x00000236d07d1800, 0x00000236d07d0000,
0x00000236d07d4000, 0x00000236d07d1000, 0x00000236d07d2800, 0x00000236d0b3d800
}

Java Threads: ( => current thread )
  0x00000236b06cd000 JavaThread "main" [_thread_blocked, id=2272, stack(0x000000b744300000,0x000000b744400000)]
  0x00000236cab47000 JavaThread "Reference Handler" daemon [_thread_blocked, id=6360, stack(0x000000b744a00000,0x000000b744b00000)]
  0x00000236cab50000 JavaThread "Finalizer" daemon [_thread_blocked, id=12884, stack(0x000000b744b00000,0x000000b744c00000)]
  0x00000236cb4c5800 JavaThread "Signal Dispatcher" daemon [_thread_blocked, id=13440, stack(0x000000b744c00000,0x000000b744d00000)]
  0x00000236cb4c7000 JavaThread "Attach Listener" daemon [_thread_blocked, id=6788, stack(0x000000b744d00000,0x000000b744e00000)]
  0x00000236cb4c9000 JavaThread "Service Thread" daemon [_thread_blocked, id=7400, stack(0x000000b744e00000,0x000000b744f00000)]
  0x00000236cb4ca000 JavaThread "C2 CompilerThread0" daemon [_thread_in_native, id=1224, stack(0x000000b744f00000,0x000000b745000000)]
  0x00000236cb4cd800 JavaThread "C1 CompilerThread0" daemon [_thread_blocked, id=10392, stack(0x000000b745000000,0x000000b745100000)]
  0x00000236cab5e000 JavaThread "Sweeper thread" daemon [_thread_blocked, id=14072, stack(0x000000b745100000,0x000000b745200000)]
  0x00000236cb63e000 JavaThread "Common-Cleaner" daemon [_thread_blocked, id=8200, stack(0x000000b745200000,0x000000b745300000)]
  0x00000236cd357800 JavaThread "Daemon health stats" [_thread_blocked, id=10460, stack(0x000000b745800000,0x000000b745900000)]
  0x00000236cb700000 JavaThread "Incoming local TCP Connector on port 58048" [_thread_in_native, id=8084, stack(0x000000b745400000,0x000000b745500000)]
  0x00000236cd67c000 JavaThread "Daemon periodic checks" [_thread_blocked, id=3420, stack(0x000000b745500000,0x000000b745600000)]
  0x00000236cd52b800 JavaThread "Daemon" [_thread_blocked, id=2356, stack(0x000000b745900000,0x000000b745a00000)]
  0x00000236ccb3a800 JavaThread "Handler for socket connection from /127.0.0.1:58048 to /127.0.0.1:58049" [_thread_in_native, id=5260, stack(0x000000b745a00000,0x000000b745b00000)]
  0x00000236cd01f000 JavaThread "Cancel handler" [_thread_blocked, id=9180, stack(0x000000b745b00000,0x000000b745c00000)]
  0x00000236cd020000 JavaThread "Daemon worker" [_thread_blocked, id=6976, stack(0x000000b745c00000,0x000000b745d00000)]
  0x00000236cd3bd800 JavaThread "Asynchronous log dispatcher for DefaultDaemonConnection: socket connection from /127.0.0.1:58048 to /127.0.0.1:58049" [_thread_blocked, id=4424, stack(0x000000b745e00000,0x000000b745f00000)]
  0x00000236cd6a3000 JavaThread "Stdin handler" [_thread_blocked, id=10648, stack(0x000000b745f00000,0x000000b746000000)]
  0x00000236cc24c000 JavaThread "Daemon client event forwarder" [_thread_blocked, id=12716, stack(0x000000b746000000,0x000000b746100000)]
  0x00000236cc24d800 JavaThread "Cache worker for file hash cache (C:\Users\ASUS\.gradle\caches\7.0.2\fileHashes)" [_thread_blocked, id=5360, stack(0x000000b746600000,0x000000b746700000)]
  0x00000236cc24c800 JavaThread "File lock request listener" [_thread_in_native, id=12348, stack(0x000000b746700000,0x000000b746800000)]
  0x00000236cc24b000 JavaThread "Cache worker for journal cache (C:\Users\ASUS\.gradle\caches\journal-1)" [_thread_blocked, id=11228, stack(0x000000b746900000,0x000000b746a00000)]
  0x00000236cdc60800 JavaThread "Cache worker for file hash cache (C:\Users\ASUS\AndroidStudioProjects\BookApp\.gradle\7.0.2\fileHashes)" [_thread_blocked, id=1980, stack(0x000000b746a00000,0x000000b746b00000)]
  0x00000236cdc64800 JavaThread "File watcher server" daemon [_thread_blocked, id=13548, stack(0x000000b746b00000,0x000000b746c00000)]
  0x00000236cdc61000 JavaThread "File watcher consumer" daemon [_thread_blocked, id=7324, stack(0x000000b746c00000,0x000000b746d00000)]
  0x00000236cdc5e800 JavaThread "Cache worker for checksums cache (C:\Users\ASUS\AndroidStudioProjects\BookApp\.gradle\checksums)" [_thread_blocked, id=1984, stack(0x000000b746d00000,0x000000b746e00000)]
  0x00000236cdc62800 JavaThread "Cache worker for cache directory md-supplier (C:\Users\ASUS\.gradle\caches\7.0.2\md-supplier)" [_thread_blocked, id=13276, stack(0x000000b746e00000,0x000000b746f00000)]
  0x00000236cdc65000 JavaThread "Cache worker for cache directory md-rule (C:\Users\ASUS\.gradle\caches\7.0.2\md-rule)" [_thread_blocked, id=3212, stack(0x000000b746f00000,0x000000b747000000)]
  0x00000236cdc62000 JavaThread "Cache worker for execution history cache (C:\Users\ASUS\.gradle\caches\7.0.2\executionHistory)" [_thread_blocked, id=14084, stack(0x000000b747100000,0x000000b747200000)]
  0x00000236cdc5f800 JavaThread "jar transforms" [_thread_blocked, id=9276, stack(0x000000b747200000,0x000000b747300000)]
  0x00000236cdc69000 JavaThread "jar transforms Thread 2" [_thread_blocked, id=13384, stack(0x000000b747300000,0x000000b747400000)]
  0x00000236cdc67000 JavaThread "Cache worker for file content cache (C:\Users\ASUS\.gradle\caches\7.0.2\fileContent)" [_thread_blocked, id=3456, stack(0x000000b747400000,0x000000b747500000)]
  0x00000236cdc6b000 JavaThread "Cache worker for dependencies-accessors (C:\Users\ASUS\AndroidStudioProjects\BookApp\.gradle\7.0.2\dependencies-accessors)" [_thread_blocked, id=10256, stack(0x000000b747500000,0x000000b747600000)]
  0x00000236cdc67800 JavaThread "jar transforms Thread 3" [_thread_blocked, id=10472, stack(0x000000b747600000,0x000000b747700000)]
  0x00000236cdc6a000 JavaThread "Cache worker for Build Output Cleanup Cache (C:\Users\ASUS\AndroidStudioProjects\BookApp\.gradle\buildOutputCleanup)" [_thread_blocked, id=4764, stack(0x000000b747700000,0x000000b747800000)]
  0x00000236cdc68800 JavaThread "Build operations" [_thread_blocked, id=7844, stack(0x000000b747800000,0x000000b747900000)]
  0x00000236cdc66000 JavaThread "Build operations Thread 2" [_thread_blocked, id=9712, stack(0x000000b747900000,0x000000b747a00000)]
  0x00000236cdc6c800 JavaThread "Build operations Thread 3" [_thread_blocked, id=14120, stack(0x000000b747a00000,0x000000b747b00000)]
  0x00000236cdc6d800 JavaThread "Build operations Thread 4" [_thread_blocked, id=3720, stack(0x000000b747b00000,0x000000b747c00000)]
  0x00000236d0be3000 JavaThread "Build operations Thread 5" [_thread_blocked, id=12672, stack(0x000000b747c00000,0x000000b747d00000)]
  0x00000236d0be4800 JavaThread "Build operations Thread 6" [_thread_blocked, id=6268, stack(0x000000b747d00000,0x000000b747e00000)]
  0x00000236d0be1800 JavaThread "Build operations Thread 7" [_thread_blocked, id=13652, stack(0x000000b747e00000,0x000000b747f00000)]
  0x00000236d0be5800 JavaThread "Build operations Thread 8" [_thread_blocked, id=3604, stack(0x000000b747f00000,0x000000b748000000)]
  0x00000236d0be7000 JavaThread "jar transforms Thread 4" [_thread_blocked, id=8168, stack(0x000000b748000000,0x000000b748100000)]
  0x00000236d0be6800 JavaThread "jar transforms Thread 5" [_thread_blocked, id=13600, stack(0x000000b748100000,0x000000b748200000)]
  0x00000236d0be4000 JavaThread "jar transforms Thread 6" [_thread_blocked, id=11440, stack(0x000000b748200000,0x000000b748300000)]
  0x00000236d0be8000 JavaThread "jar transforms Thread 7" [_thread_blocked, id=12472, stack(0x000000b748300000,0x000000b748400000)]
  0x00000236d0be2800 JavaThread "jar transforms Thread 8" [_thread_blocked, id=7636, stack(0x000000b748400000,0x000000b748500000)]
  0x00000236d0bec000 JavaThread "Memory manager" [_thread_blocked, id=1468, stack(0x000000b748500000,0x000000b748600000)]
  0x00000236d0bed000 JavaThread "build event listener" [_thread_blocked, id=11612, stack(0x000000b748600000,0x000000b748700000)]
  0x00000236d0be9000 JavaThread "Execution worker for ':'" [_thread_blocked, id=10724, stack(0x000000b748700000,0x000000b748800000)]
  0x00000236d0bed800 JavaThread "Execution worker for ':' Thread 2" [_thread_blocked, id=2452, stack(0x000000b748800000,0x000000b748900000)]
  0x00000236d0bee800 JavaThread "Execution worker for ':' Thread 3" [_thread_blocked, id=12980, stack(0x000000b748900000,0x000000b748a00000)]
  0x00000236d0bef800 JavaThread "Execution worker for ':' Thread 4" [_thread_blocked, id=10752, stack(0x000000b748a00000,0x000000b748b00000)]
  0x00000236d0bea800 JavaThread "Execution worker for ':' Thread 5" [_thread_blocked, id=7084, stack(0x000000b748b00000,0x000000b748c00000)]
  0x00000236d0be9800 JavaThread "Execution worker for ':' Thread 6" [_thread_blocked, id=4888, stack(0x000000b748c00000,0x000000b748d00000)]
  0x00000236d0bf0000 JavaThread "Execution worker for ':' Thread 7" [_thread_blocked, id=11384, stack(0x000000b748d00000,0x000000b748e00000)]
  0x00000236d07c6000 JavaThread "Cache worker for execution history cache (C:\Users\ASUS\AndroidStudioProjects\BookApp\.gradle\7.0.2\executionHistory)" [_thread_blocked, id=2404, stack(0x000000b748e00000,0x000000b748f00000)]
  0x00000236d07ca800 JavaThread "Cache worker for Java compile cache (C:\Users\ASUS\.gradle\caches\7.0.2\javaCompile)" [_thread_blocked, id=11652, stack(0x000000b748f00000,0x000000b749000000)]
  0x00000236d07c7000 JavaThread "Cache worker for Java compile cache (C:\Users\ASUS\AndroidStudioProjects\BookApp\.gradle\7.0.2\javaCompile)" [_thread_blocked, id=9704, stack(0x000000b749000000,0x000000b749100000)]
  0x00000236cd3bd000 JavaThread "C2 CompilerThread1" daemon [_thread_blocked, id=3124, stack(0x000000b745d00000,0x000000b745e00000)]
  0x00000236cd888000 JavaThread "C2 CompilerThread2" daemon [_thread_blocked, id=7472, stack(0x000000b747000000,0x000000b747100000)]
  0x00000236d07c9800 JavaThread "WorkerExecutor Queue" [_thread_blocked, id=13788, stack(0x000000b749100000,0x000000b749200000)]
  0x00000236d07cb000 JavaThread "WorkerExecutor Queue Thread 2" [_thread_blocked, id=12144, stack(0x000000b749200000,0x000000b749300000)]
  0x00000236d07c5800 JavaThread "WorkerExecutor Queue Thread 3" [_thread_blocked, id=9936, stack(0x000000b749300000,0x000000b749400000)]
  0x00000236d07cc000 JavaThread "WorkerExecutor Queue Thread 4" [_thread_blocked, id=7748, stack(0x000000b749400000,0x000000b749500000)]
  0x00000236d07cc800 JavaThread "WorkerExecutor Queue Thread 5" [_thread_blocked, id=9348, stack(0x000000b749500000,0x000000b749600000)]
  0x00000236d07cd800 JavaThread "WorkerExecutor Queue Thread 6" [_thread_blocked, id=1600, stack(0x000000b749600000,0x000000b749700000)]
  0x00000236d07c8000 JavaThread "WorkerExecutor Queue Thread 7" [_thread_blocked, id=6556, stack(0x000000b749700000,0x000000b749800000)]
  0x00000236d07c8800 JavaThread "WorkerExecutor Queue Thread 8" [_thread_blocked, id=7832, stack(0x000000b749800000,0x000000b749900000)]
  0x00000236d07cf000 JavaThread "WorkerExecutor Queue Thread 9" [_thread_blocked, id=6584, stack(0x000000b749900000,0x000000b749a00000)]
  0x00000236d07d3800 JavaThread "ForkJoinPool-1-worker-3" daemon [_thread_blocked, id=3340, stack(0x000000b749b00000,0x000000b749c00000)]
  0x00000236d07ce800 JavaThread "ForkJoinPool-1-worker-5" daemon [_thread_blocked, id=13244, stack(0x000000b749c00000,0x000000b749d00000)]
  0x00000236d07d1800 JavaThread "ForkJoinPool-1-worker-7" daemon [_thread_blocked, id=8956, stack(0x000000b749d00000,0x000000b749e00000)]
  0x00000236d07d0000 JavaThread "ForkJoinPool-1-worker-9" daemon [_thread_blocked, id=14020, stack(0x000000b749e00000,0x000000b749f00000)]
  0x00000236d07d4000 JavaThread "ForkJoinPool-1-worker-11" daemon [_thread_blocked, id=5700, stack(0x000000b749f00000,0x000000b74a000000)]
  0x00000236d07d1000 JavaThread "ForkJoinPool-1-worker-13" daemon [_thread_blocked, id=7924, stack(0x000000b74a000000,0x000000b74a100000)]
  0x00000236d07d2800 JavaThread "ForkJoinPool-1-worker-15" daemon [_thread_blocked, id=13940, stack(0x000000b74a100000,0x000000b74a200000)]
  0x00000236d0b3d800 JavaThread "ForkJoinPool-1-worker-1" daemon [_thread_blocked, id=6668, stack(0x000000b74a200000,0x000000b74a300000)]

Other Threads:
=>0x00000236cab43000 VMThread "VM Thread" [stack: 0x000000b744900000,0x000000b744a00000] [id=3376]
  0x00000236cb65a800 WatcherThread [stack: 0x000000b745300000,0x000000b745400000] [id=8896]
  0x00000236b06e7800 GCTaskThread "GC Thread#0" [stack: 0x000000b744400000,0x000000b744500000] [id=2720]
  0x00000236cc413800 GCTaskThread "GC Thread#1" [stack: 0x000000b745600000,0x000000b745700000] [id=5712]
  0x00000236cc2be800 GCTaskThread "GC Thread#2" [stack: 0x000000b745700000,0x000000b745800000] [id=752]
  0x00000236cd9bf800 GCTaskThread "GC Thread#3" [stack: 0x000000b746100000,0x000000b746200000] [id=2872]
  0x00000236cc6d1000 GCTaskThread "GC Thread#4" [stack: 0x000000b746200000,0x000000b746300000] [id=8300]
  0x00000236ce111800 GCTaskThread "GC Thread#5" [stack: 0x000000b746300000,0x000000b746400000] [id=5788]
  0x00000236cdbe7000 GCTaskThread "GC Thread#6" [stack: 0x000000b746400000,0x000000b746500000] [id=6332]
  0x00000236cd31c800 GCTaskThread "GC Thread#7" [stack: 0x000000b746500000,0x000000b746600000] [id=7300]
  0x00000236b0717800 ConcurrentGCThread "G1 Main Marker" [stack: 0x000000b744500000,0x000000b744600000] [id=8600]
  0x00000236b0719000 ConcurrentGCThread "G1 Conc#0" [stack: 0x000000b744600000,0x000000b744700000] [id=1132]
  0x00000236cd41e800 ConcurrentGCThread "G1 Conc#1" [stack: 0x000000b746800000,0x000000b746900000] [id=5644]
  0x00000236ca990800 ConcurrentGCThread "G1 Refine#0" [stack: 0x000000b744700000,0x000000b744800000] [id=7032]
  0x00000236cdafa800 ConcurrentGCThread "G1 Refine#1" [stack: 0x000000b749a00000,0x000000b749b00000] [id=1372]
  0x00000236ca991800 ConcurrentGCThread "G1 Young RemSet Sampling" [stack: 0x000000b744800000,0x000000b744900000] [id=9872]

Threads with active compile tasks:
C2 CompilerThread0  20192 13672       4       com.android.tools.r8.internal.Le::a (1137 bytes)
C1 CompilerThread0  20192 15045       2       org.gradle.internal.operations.DefaultBuildOperationRunner$BuildOperationTrackingListener::close (42 bytes)
C2 CompilerThread1  20192 13312 %     4       com.android.tools.r8.dex.j::a @ 315 (1038 bytes)
C2 CompilerThread2  20192 14955   !   4       java.util.concurrent.ConcurrentHashMap::merge (545 bytes)

VM state:at safepoint (normal execution)

VM Mutex/Monitor currently owned by a thread:  ([mutex/lock_event])
[0x00000236b06c8a90] Threads_lock - owner thread: 0x00000236cab43000
[0x00000236b06c9150] Heap_lock - owner thread: 0x00000236d0be1800

Heap address: 0x0000000080000000, size: 2048 MB, Compressed Oops mode: 32-bit
Narrow klass base: 0x0000000000000000, Narrow klass shift: 3
Compressed class space size: 1073741824 Address: 0x0000000100000000

Heap:
 garbage-first heap   total 406528K, used 193822K [0x0000000080000000, 0x0000000100000000)
  region size 1024K, 5 young (5120K), 5 survivors (5120K)
 Metaspace       used 104546K, capacity 107461K, committed 108544K, reserved 1142784K
  class space    used 13613K, capacity 14691K, committed 15180K, reserved 1048576K
Heap Regions: E=young(eden), S=young(survivor), O=old, HS=humongous(starts), HC=humongous(continues), CS=collection set, F=free, A=archive, TAMS=top-at-mark-start (previous, next)
|   0|0x0000000080000000, 0x0000000080100000, 0x0000000080100000|100%| O|  |TAMS 0x0000000080100000, 0x0000000080000000| Untracked 
|   1|0x0000000080100000, 0x0000000080200000, 0x0000000080200000|100%| O|  |TAMS 0x0000000080200000, 0x0000000080100000| Untracked 
|   2|0x0000000080200000, 0x0000000080300000, 0x0000000080300000|100%| O|  |TAMS 0x0000000080300000, 0x0000000080200000| Untracked 
|   3|0x0000000080300000, 0x0000000080400000, 0x0000000080400000|100%|HS|  |TAMS 0x0000000080400000, 0x0000000080300000| Complete 
|   4|0x0000000080400000, 0x0000000080500000, 0x0000000080500000|100%|HC|  |TAMS 0x0000000080500000, 0x0000000080400000| Complete 
|   5|0x0000000080500000, 0x0000000080600000, 0x0000000080600000|100%|HC|  |TAMS 0x0000000080600000, 0x0000000080500000| Complete 
|   6|0x0000000080600000, 0x0000000080700000, 0x0000000080700000|100%| O|  |TAMS 0x0000000080700000, 0x0000000080600000| Untracked 
|   7|0x0000000080700000, 0x0000000080800000, 0x0000000080800000|100%| O|  |TAMS 0x0000000080800000, 0x0000000080700000| Untracked 
|   8|0x0000000080800000, 0x0000000080900000, 0x0000000080900000|100%| O|  |TAMS 0x0000000080900000, 0x0000000080800000| Untracked 
|   9|0x0000000080900000, 0x0000000080a00000, 0x0000000080a00000|100%| O|  |TAMS 0x0000000080a00000, 0x0000000080900000| Untracked 
|  10|0x0000000080a00000, 0x0000000080b00000, 0x0000000080b00000|100%| O|  |TAMS 0x0000000080b00000, 0x0000000080a00000| Untracked 
|  11|0x0000000080b00000, 0x0000000080c00000, 0x0000000080c00000|100%| O|  |TAMS 0x0000000080c00000, 0x0000000080b00000| Complete 
|  12|0x0000000080c00000, 0x0000000080d00000, 0x0000000080d00000|100%| O|  |TAMS 0x0000000080d00000, 0x0000000080c00000| Untracked 
|  13|0x0000000080d00000, 0x0000000080e00000, 0x0000000080e00000|100%| O|  |TAMS 0x0000000080e00000, 0x0000000080d00000| Untracked 
|  14|0x0000000080e00000, 0x0000000080f00000, 0x0000000080f00000|100%| O|  |TAMS 0x0000000080f00000, 0x0000000080e00000| Untracked 
|  15|0x0000000080f00000, 0x0000000081000000, 0x0000000081000000|100%| O|  |TAMS 0x0000000081000000, 0x0000000080f00000| Complete 
|  16|0x0000000081000000, 0x0000000081100000, 0x0000000081100000|100%|HS|  |TAMS 0x0000000081100000, 0x0000000081000000| Complete 
|  17|0x0000000081100000, 0x0000000081200000, 0x0000000081200000|100%| O|  |TAMS 0x0000000081200000, 0x0000000081100000| Untracked 
|  18|0x0000000081200000, 0x0000000081300000, 0x0000000081300000|100%| O|  |TAMS 0x0000000081300000, 0x0000000081200000| Untracked 
|  19|0x0000000081300000, 0x0000000081400000, 0x0000000081400000|100%| O|  |TAMS 0x0000000081400000, 0x0000000081300000| Untracked 
|  20|0x0000000081400000, 0x0000000081500000, 0x0000000081500000|100%| O|  |TAMS 0x0000000081500000, 0x0000000081400000| Untracked 
|  21|0x0000000081500000, 0x0000000081600000, 0x0000000081600000|100%| O|  |TAMS 0x0000000081600000, 0x0000000081500000| Untracked 
|  22|0x0000000081600000, 0x0000000081700000, 0x0000000081700000|100%| O|  |TAMS 0x0000000081700000, 0x0000000081600000| Untracked 
|  23|0x0000000081700000, 0x0000000081800000, 0x0000000081800000|100%| O|  |TAMS 0x0000000081800000, 0x0000000081700000| Untracked 
|  24|0x0000000081800000, 0x0000000081900000, 0x0000000081900000|100%| O|  |TAMS 0x0000000081900000, 0x0000000081800000| Untracked 
|  25|0x0000000081900000, 0x0000000081a00000, 0x0000000081a00000|100%| O|  |TAMS 0x0000000081a00000, 0x0000000081900000| Untracked 
|  26|0x0000000081a00000, 0x0000000081b00000, 0x0000000081b00000|100%| O|  |TAMS 0x0000000081b00000, 0x0000000081a00000| Untracked 
|  27|0x0000000081b00000, 0x0000000081c00000, 0x0000000081c00000|100%|HS|  |TAMS 0x0000000081c00000, 0x0000000081b00000| Complete 
|  28|0x0000000081c00000, 0x0000000081d00000, 0x0000000081d00000|100%|HS|  |TAMS 0x0000000081d00000, 0x0000000081c00000| Complete 
|  29|0x0000000081d00000, 0x0000000081e00000, 0x0000000081e00000|100%|HC|  |TAMS 0x0000000081e00000, 0x0000000081d00000| Complete 
|  30|0x0000000081e00000, 0x0000000081f00000, 0x0000000081f00000|100%| O|  |TAMS 0x0000000081f00000, 0x0000000081e00000| Untracked 
|  31|0x0000000081f00000, 0x0000000082000000, 0x0000000082000000|100%| O|  |TAMS 0x0000000082000000, 0x0000000081f00000| Complete 
|  32|0x0000000082000000, 0x0000000082100000, 0x0000000082100000|100%| O|  |TAMS 0x0000000082100000, 0x0000000082000000| Complete 
|  33|0x0000000082100000, 0x0000000082200000, 0x0000000082200000|100%| O|  |TAMS 0x0000000082200000, 0x0000000082100000| Untracked 
|  34|0x0000000082200000, 0x0000000082300000, 0x0000000082300000|100%| O|  |TAMS 0x0000000082300000, 0x0000000082200000| Untracked 
|  35|0x0000000082300000, 0x0000000082400000, 0x0000000082400000|100%| O|  |TAMS 0x0000000082400000, 0x0000000082300000| Untracked 
|  36|0x0000000082400000, 0x0000000082500000, 0x0000000082500000|100%| O|  |TAMS 0x0000000082500000, 0x0000000082400000| Untracked 
|  37|0x0000000082500000, 0x0000000082600000, 0x0000000082600000|100%| O|  |TAMS 0x0000000082600000, 0x0000000082500000| Untracked 
|  38|0x0000000082600000, 0x0000000082700000, 0x0000000082700000|100%| O|  |TAMS 0x0000000082700000, 0x0000000082600000| Untracked 
|  39|0x0000000082700000, 0x0000000082800000, 0x0000000082800000|100%| O|  |TAMS 0x0000000082800000, 0x0000000082700000| Untracked 
|  40|0x0000000082800000, 0x0000000082900000, 0x0000000082900000|100%| O|  |TAMS 0x0000000082900000, 0x0000000082800000| Untracked 
|  41|0x0000000082900000, 0x0000000082a00000, 0x0000000082a00000|100%| O|  |TAMS 0x0000000082a00000, 0x0000000082900000| Complete 
|  42|0x0000000082a00000, 0x0000000082b00000, 0x0000000082b00000|100%| O|  |TAMS 0x0000000082b00000, 0x0000000082a00000| Untracked 
|  43|0x0000000082b00000, 0x0000000082c00000, 0x0000000082c00000|100%| O|  |TAMS 0x0000000082c00000, 0x0000000082b00000| Untracked 
|  44|0x0000000082c00000, 0x0000000082d00000, 0x0000000082d00000|100%| O|  |TAMS 0x0000000082d00000, 0x0000000082c00000| Untracked 
|  45|0x0000000082d00000, 0x0000000082e00000, 0x0000000082e00000|100%| O|  |TAMS 0x0000000082e00000, 0x0000000082d00000| Untracked 
|  46|0x0000000082e00000, 0x0000000082f00000, 0x0000000082f00000|100%| O|  |TAMS 0x0000000082f00000, 0x0000000082e00000| Untracked 
|  47|0x0000000082f00000, 0x0000000083000000, 0x0000000083000000|100%| O|  |TAMS 0x0000000083000000, 0x0000000082f00000| Untracked 
|  48|0x0000000083000000, 0x0000000083100000, 0x0000000083100000|100%| O|  |TAMS 0x0000000083100000, 0x0000000083000000| Untracked 
|  49|0x0000000083100000, 0x0000000083200000, 0x0000000083200000|100%| O|  |TAMS 0x0000000083200000, 0x0000000083100000| Untracked 
|  50|0x0000000083200000, 0x0000000083300000, 0x0000000083300000|100%| O|  |TAMS 0x0000000083300000, 0x0000000083200000| Untracked 
|  51|0x0000000083300000, 0x0000000083400000, 0x0000000083400000|100%| O|  |TAMS 0x0000000083400000, 0x0000000083300000| Untracked 
|  52|0x0000000083400000, 0x0000000083500000, 0x0000000083500000|100%| O|  |TAMS 0x0000000083500000, 0x0000000083400000| Untracked 
|  53|0x0000000083500000, 0x0000000083600000, 0x0000000083600000|100%| O|  |TAMS 0x0000000083600000, 0x0000000083500000| Complete 
|  54|0x0000000083600000, 0x0000000083700000, 0x0000000083700000|100%| O|  |TAMS 0x0000000083700000, 0x0000000083600000| Untracked 
|  55|0x0000000083700000, 0x0000000083800000, 0x0000000083800000|100%| O|  |TAMS 0x0000000083800000, 0x0000000083700000| Untracked 
|  56|0x0000000083800000, 0x0000000083900000, 0x0000000083900000|100%| O|  |TAMS 0x0000000083900000, 0x0000000083800000| Untracked 
|  57|0x0000000083900000, 0x0000000083a00000, 0x0000000083a00000|100%| O|  |TAMS 0x0000000083a00000, 0x0000000083900000| Untracked 
|  58|0x0000000083a00000, 0x0000000083b00000, 0x0000000083b00000|100%| O|  |TAMS 0x0000000083b00000, 0x0000000083a00000| Untracked 
|  59|0x0000000083b00000, 0x0000000083c00000, 0x0000000083c00000|100%| O|  |TAMS 0x0000000083c00000, 0x0000000083b00000| Untracked 
|  60|0x0000000083c00000, 0x0000000083d00000, 0x0000000083d00000|100%| O|  |TAMS 0x0000000083d00000, 0x0000000083c00000| Untracked 
|  61|0x0000000083d00000, 0x0000000083e00000, 0x0000000083e00000|100%| O|  |TAMS 0x0000000083e00000, 0x0000000083d00000| Complete 
|  62|0x0000000083e00000, 0x0000000083f00000, 0x0000000083f00000|100%| O|  |TAMS 0x0000000083f00000, 0x0000000083e00000| Complete 
|  63|0x0000000083f00000, 0x0000000084000000, 0x0000000084000000|100%| O|  |TAMS 0x0000000084000000, 0x0000000083f00000| Untracked 
|  64|0x0000000084000000, 0x0000000084100000, 0x0000000084100000|100%| O|  |TAMS 0x0000000084100000, 0x0000000084000000| Complete 
|  65|0x0000000084100000, 0x0000000084200000, 0x0000000084200000|100%| O|  |TAMS 0x0000000084200000, 0x0000000084100000| Untracked 
|  66|0x0000000084200000, 0x0000000084300000, 0x0000000084300000|100%| O|  |TAMS 0x0000000084300000, 0x0000000084200000| Untracked 
|  67|0x0000000084300000, 0x0000000084400000, 0x0000000084400000|100%| O|  |TAMS 0x0000000084400000, 0x0000000084300000| Untracked 
|  68|0x0000000084400000, 0x0000000084500000, 0x0000000084500000|100%| O|  |TAMS 0x0000000084500000, 0x0000000084400000| Complete 
|  69|0x0000000084500000, 0x0000000084600000, 0x0000000084600000|100%| O|  |TAMS 0x0000000084600000, 0x0000000084500000| Complete 
|  70|0x0000000084600000, 0x0000000084700000, 0x0000000084700000|100%| O|  |TAMS 0x0000000084700000, 0x0000000084600000| Untracked 
|  71|0x0000000084700000, 0x0000000084800000, 0x0000000084800000|100%| O|  |TAMS 0x0000000084800000, 0x0000000084700000| Untracked 
|  72|0x0000000084800000, 0x0000000084900000, 0x0000000084900000|100%| O|  |TAMS 0x0000000084900000, 0x0000000084800000| Untracked 
|  73|0x0000000084900000, 0x0000000084a00000, 0x0000000084a00000|100%| O|  |TAMS 0x0000000084a00000, 0x0000000084900000| Untracked 
|  74|0x0000000084a00000, 0x0000000084b00000, 0x0000000084b00000|100%| O|  |TAMS 0x0000000084b00000, 0x0000000084a00000| Untracked 
|  75|0x0000000084b00000, 0x0000000084c00000, 0x0000000084c00000|100%| O|  |TAMS 0x0000000084c00000, 0x0000000084b00000| Complete 
|  76|0x0000000084c00000, 0x0000000084d00000, 0x0000000084d00000|100%| O|  |TAMS 0x0000000084d00000, 0x0000000084c00000| Complete 
|  77|0x0000000084d00000, 0x0000000084e00000, 0x0000000084e00000|100%| O|  |TAMS 0x0000000084e00000, 0x0000000084d00000| Complete 
|  78|0x0000000084e00000, 0x0000000084f00000, 0x0000000084f00000|100%| O|  |TAMS 0x0000000084f00000, 0x0000000084e00000| Untracked 
|  79|0x0000000084f00000, 0x0000000085000000, 0x0000000085000000|100%| O|  |TAMS 0x0000000085000000, 0x0000000084f00000| Untracked 
|  80|0x0000000085000000, 0x0000000085100000, 0x0000000085100000|100%| O|  |TAMS 0x0000000085100000, 0x0000000085000000| Complete 
|  81|0x0000000085100000, 0x0000000085200000, 0x0000000085200000|100%|HS|  |TAMS 0x0000000085200000, 0x0000000085100000| Complete 
|  82|0x0000000085200000, 0x0000000085300000, 0x0000000085300000|100%|HC|  |TAMS 0x0000000085300000, 0x0000000085200000| Complete 
|  83|0x0000000085300000, 0x0000000085400000, 0x0000000085400000|100%|HS|  |TAMS 0x0000000085400000, 0x0000000085300000| Complete 
|  84|0x0000000085400000, 0x0000000085500000, 0x0000000085500000|100%|HS|  |TAMS 0x0000000085500000, 0x0000000085400000| Complete 
|  85|0x0000000085500000, 0x0000000085600000, 0x0000000085600000|100%|HS|  |TAMS 0x0000000085600000, 0x0000000085500000| Complete 
|  86|0x0000000085600000, 0x0000000085700000, 0x0000000085700000|100%|HS|  |TAMS 0x0000000085700000, 0x0000000085600000| Complete 
|  87|0x0000000085700000, 0x0000000085800000, 0x0000000085800000|100%| O|  |TAMS 0x0000000085800000, 0x0000000085700000| Complete 
|  88|0x0000000085800000, 0x0000000085900000, 0x0000000085900000|100%| O|  |TAMS 0x0000000085900000, 0x0000000085800000| Complete 
|  89|0x0000000085900000, 0x0000000085900000, 0x0000000085a00000|  0%| F|  |TAMS 0x0000000085900000, 0x0000000085900000| Untracked 
|  90|0x0000000085a00000, 0x0000000085b00000, 0x0000000085b00000|100%| O|  |TAMS 0x0000000085a00000, 0x0000000085a00000| Untracked 
|  91|0x0000000085b00000, 0x0000000085c00000, 0x0000000085c00000|100%| O|  |TAMS 0x0000000085c00000, 0x0000000085b00000| Untracked 
|  92|0x0000000085c00000, 0x0000000085d00000, 0x0000000085d00000|100%| O|  |TAMS 0x0000000085d00000, 0x0000000085c00000| Untracked 
|  93|0x0000000085d00000, 0x0000000085e00000, 0x0000000085e00000|100%| O|  |TAMS 0x0000000085e00000, 0x0000000085d00000| Complete 
|  94|0x0000000085e00000, 0x0000000085f00000, 0x0000000085f00000|100%| O|  |TAMS 0x0000000085f00000, 0x0000000085e00000| Complete 
|  95|0x0000000085f00000, 0x0000000086000000, 0x0000000086000000|100%| O|  |TAMS 0x0000000085f00000, 0x0000000085f00000| Untracked 
|  96|0x0000000086000000, 0x0000000086100000, 0x0000000086100000|100%| O|  |TAMS 0x0000000086100000, 0x0000000086000000| Complete 
|  97|0x0000000086100000, 0x0000000086200000, 0x0000000086200000|100%| O|  |TAMS 0x0000000086100000, 0x0000000086100000| Untracked 
|  98|0x0000000086200000, 0x0000000086300000, 0x0000000086300000|100%| O|  |TAMS 0x0000000086300000, 0x0000000086200000| Complete 
|  99|0x0000000086300000, 0x0000000086400000, 0x0000000086400000|100%| O|  |TAMS 0x0000000086300000, 0x0000000086300000| Untracked 
| 100|0x0000000086400000, 0x0000000086500000, 0x0000000086500000|100%| O|  |TAMS 0x0000000086500000, 0x0000000086400000| Complete 
| 101|0x0000000086500000, 0x0000000086500000, 0x0000000086600000|  0%| F|  |TAMS 0x0000000086500000, 0x0000000086500000| Untracked 
| 102|0x0000000086600000, 0x0000000086700000, 0x0000000086700000|100%| O|  |TAMS 0x0000000086700000, 0x0000000086600000| Complete 
| 103|0x0000000086700000, 0x0000000086800000, 0x0000000086800000|100%| O|  |TAMS 0x0000000086800000, 0x0000000086700000| Untracked 
| 104|0x0000000086800000, 0x0000000086900000, 0x0000000086900000|100%| O|  |TAMS 0x0000000086900000, 0x0000000086800000| Untracked 
| 105|0x0000000086900000, 0x0000000086a00000, 0x0000000086a00000|100%| O|  |TAMS 0x0000000086a00000, 0x0000000086900000| Untracked 
| 106|0x0000000086a00000, 0x0000000086b00000, 0x0000000086b00000|100%| O|  |TAMS 0x0000000086b00000, 0x0000000086a00000| Complete 
| 107|0x0000000086b00000, 0x0000000086c00000, 0x0000000086c00000|100%| O|  |TAMS 0x0000000086b00000, 0x0000000086b00000| Untracked 
| 108|0x0000000086c00000, 0x0000000086d00000, 0x0000000086d00000|100%| O|  |TAMS 0x0000000086d00000, 0x0000000086c00000| Complete 
| 109|0x0000000086d00000, 0x0000000086e00000, 0x0000000086e00000|100%| O|  |TAMS 0x0000000086e00000, 0x0000000086d00000| Complete 
| 110|0x0000000086e00000, 0x0000000086f00000, 0x0000000086f00000|100%| O|  |TAMS 0x0000000086f00000, 0x0000000086e00000| Complete 
| 111|0x0000000086f00000, 0x0000000087000000, 0x0000000087000000|100%| O|  |TAMS 0x0000000087000000, 0x0000000086f00000| Complete 
| 112|0x0000000087000000, 0x0000000087100000, 0x0000000087100000|100%| O|  |TAMS 0x0000000087100000, 0x0000000087000000| Complete 
| 113|0x0000000087100000, 0x0000000087200000, 0x0000000087200000|100%| O|  |TAMS 0x0000000087200000, 0x0000000087100000| Complete 
| 114|0x0000000087200000, 0x0000000087300000, 0x0000000087300000|100%| O|  |TAMS 0x0000000087300000, 0x0000000087200000| Complete 
| 115|0x0000000087300000, 0x0000000087400000, 0x0000000087400000|100%| O|  |TAMS 0x0000000087400000, 0x0000000087300000| Untracked 
| 116|0x0000000087400000, 0x0000000087500000, 0x0000000087500000|100%| O|  |TAMS 0x0000000087500000, 0x0000000087400000| Untracked 
| 117|0x0000000087500000, 0x0000000087600000, 0x0000000087600000|100%| O|  |TAMS 0x0000000087600000, 0x0000000087500000| Complete 
| 118|0x0000000087600000, 0x0000000087700000, 0x0000000087700000|100%| O|  |TAMS 0x0000000087700000, 0x0000000087600000| Complete 
| 119|0x0000000087700000, 0x0000000087800000, 0x0000000087800000|100%| O|  |TAMS 0x0000000087800000, 0x0000000087700000| Complete 
| 120|0x0000000087800000, 0x0000000087900000, 0x0000000087900000|100%| O|  |TAMS 0x0000000087900000, 0x0000000087800000| Complete 
| 121|0x0000000087900000, 0x0000000087a00000, 0x0000000087a00000|100%| O|  |TAMS 0x0000000087a00000, 0x0000000087900000| Complete 
| 122|0x0000000087a00000, 0x0000000087b00000, 0x0000000087b00000|100%|HS|  |TAMS 0x0000000087b00000, 0x0000000087a00000| Complete 
| 123|0x0000000087b00000, 0x0000000087c00000, 0x0000000087c00000|100%|HS|  |TAMS 0x0000000087c00000, 0x0000000087b00000| Complete 
| 124|0x0000000087c00000, 0x0000000087d00000, 0x0000000087d00000|100%| O|  |TAMS 0x0000000087d00000, 0x0000000087c00000| Untracked 
| 125|0x0000000087d00000, 0x0000000087e00000, 0x0000000087e00000|100%| O|  |TAMS 0x0000000087e00000, 0x0000000087d00000| Untracked 
| 126|0x0000000087e00000, 0x0000000087f00000, 0x0000000087f00000|100%| O|  |TAMS 0x0000000087f00000, 0x0000000087e00000| Untracked 
| 127|0x0000000087f00000, 0x0000000088000000, 0x0000000088000000|100%| O|  |TAMS 0x0000000088000000, 0x0000000087f00000| Untracked 
| 128|0x0000000088000000, 0x0000000088100000, 0x0000000088100000|100%| O|  |TAMS 0x0000000088100000, 0x0000000088000000| Untracked 
| 129|0x0000000088100000, 0x0000000088200000, 0x0000000088200000|100%| O|  |TAMS 0x0000000088200000, 0x0000000088100000| Untracked 
| 130|0x0000000088200000, 0x0000000088300000, 0x0000000088300000|100%| O|  |TAMS 0x0000000088300000, 0x0000000088200000| Complete 
| 131|0x0000000088300000, 0x0000000088400000, 0x0000000088400000|100%| O|  |TAMS 0x0000000088400000, 0x0000000088300000| Untracked 
| 132|0x0000000088400000, 0x0000000088500000, 0x0000000088500000|100%| O|  |TAMS 0x0000000088500000, 0x0000000088400000| Untracked 
| 133|0x0000000088500000, 0x0000000088600000, 0x0000000088600000|100%| O|  |TAMS 0x0000000088600000, 0x0000000088500000| Complete 
| 134|0x0000000088600000, 0x0000000088700000, 0x0000000088700000|100%| O|  |TAMS 0x0000000088700000, 0x0000000088600000| Complete 
| 135|0x0000000088700000, 0x0000000088800000, 0x0000000088800000|100%| O|  |TAMS 0x0000000088800000, 0x0000000088700000| Untracked 
| 136|0x0000000088800000, 0x0000000088900000, 0x0000000088900000|100%| O|  |TAMS 0x0000000088900000, 0x0000000088800000| Untracked 
| 137|0x0000000088900000, 0x0000000088a00000, 0x0000000088a00000|100%| O|  |TAMS 0x0000000088a00000, 0x0000000088900000| Untracked 
| 138|0x0000000088a00000, 0x0000000088b00000, 0x0000000088b00000|100%| O|  |TAMS 0x0000000088b00000, 0x0000000088a00000| Untracked 
| 139|0x0000000088b00000, 0x0000000088c00000, 0x0000000088c00000|100%| O|  |TAMS 0x0000000088c00000, 0x0000000088b00000| Complete 
| 140|0x0000000088c00000, 0x0000000088d00000, 0x0000000088d00000|100%| O|  |TAMS 0x0000000088d00000, 0x0000000088c00000| Complete 
| 141|0x0000000088d00000, 0x0000000088e00000, 0x0000000088e00000|100%| O|  |TAMS 0x0000000088e00000, 0x0000000088d00000| Untracked 
| 142|0x0000000088e00000, 0x0000000088f00000, 0x0000000088f00000|100%| O|  |TAMS 0x0000000088f00000, 0x0000000088e00000| Complete 
| 143|0x0000000088f00000, 0x0000000089000000, 0x0000000089000000|100%| O|  |TAMS 0x0000000089000000, 0x0000000088f00000| Untracked 
| 144|0x0000000089000000, 0x0000000089100000, 0x0000000089100000|100%| O|  |TAMS 0x0000000089100000, 0x0000000089000000| Complete 
| 145|0x0000000089100000, 0x0000000089200000, 0x0000000089200000|100%| O|  |TAMS 0x0000000089200000, 0x0000000089100000| Complete 
| 146|0x0000000089200000, 0x0000000089300000, 0x0000000089300000|100%| O|  |TAMS 0x0000000089300000, 0x0000000089200000| Complete 
| 147|0x0000000089300000, 0x0000000089400000, 0x0000000089400000|100%| O|  |TAMS 0x0000000089400000, 0x0000000089300000| Complete 
| 148|0x0000000089400000, 0x0000000089500000, 0x0000000089500000|100%| O|  |TAMS 0x0000000089500000, 0x0000000089400000| Complete 
| 149|0x0000000089500000, 0x0000000089600000, 0x0000000089600000|100%| O|  |TAMS 0x0000000089600000, 0x0000000089500000| Untracked 
| 150|0x0000000089600000, 0x0000000089700000, 0x0000000089700000|100%| O|  |TAMS 0x0000000089700000, 0x0000000089600000| Complete 
| 151|0x0000000089700000, 0x0000000089800000, 0x0000000089800000|100%| O|  |TAMS 0x0000000089800000, 0x0000000089700000| Complete 
| 152|0x0000000089800000, 0x0000000089900000, 0x0000000089900000|100%| O|  |TAMS 0x0000000089900000, 0x0000000089800000| Untracked 
| 153|0x0000000089900000, 0x0000000089a00000, 0x0000000089a00000|100%| O|  |TAMS 0x0000000089a00000, 0x0000000089900000| Complete 
| 154|0x0000000089a00000, 0x0000000089b00000, 0x0000000089b00000|100%| O|  |TAMS 0x0000000089b00000, 0x0000000089a00000| Complete 
| 155|0x0000000089b00000, 0x0000000089c00000, 0x0000000089c00000|100%| O|  |TAMS 0x0000000089c00000, 0x0000000089b00000| Complete 
| 156|0x0000000089c00000, 0x0000000089d00000, 0x0000000089d00000|100%| O|  |TAMS 0x0000000089d00000, 0x0000000089c00000| Complete 
| 157|0x0000000089d00000, 0x0000000089e00000, 0x0000000089e00000|100%| O|  |TAMS 0x0000000089e00000, 0x0000000089d00000| Untracked 
| 158|0x0000000089e00000, 0x0000000089f00000, 0x0000000089f00000|100%| O|  |TAMS 0x0000000089f00000, 0x0000000089e00000| Untracked 
| 159|0x0000000089f00000, 0x000000008a000000, 0x000000008a000000|100%| O|  |TAMS 0x000000008a000000, 0x0000000089f00000| Complete 
| 160|0x000000008a000000, 0x000000008a100000, 0x000000008a100000|100%| O|  |TAMS 0x000000008a100000, 0x000000008a000000| Complete 
| 161|0x000000008a100000, 0x000000008a200000, 0x000000008a200000|100%| O|  |TAMS 0x000000008a200000, 0x000000008a100000| Complete 
| 162|0x000000008a200000, 0x000000008a300000, 0x000000008a300000|100%| O|  |TAMS 0x000000008a300000, 0x000000008a200000| Complete 
| 163|0x000000008a300000, 0x000000008a400000, 0x000000008a400000|100%| O|  |TAMS 0x000000008a400000, 0x000000008a300000| Untracked 
| 164|0x000000008a400000, 0x000000008a500000, 0x000000008a500000|100%| O|  |TAMS 0x000000008a500000, 0x000000008a400000| Complete 
| 165|0x000000008a500000, 0x000000008a600000, 0x000000008a600000|100%| O|  |TAMS 0x000000008a600000, 0x000000008a500000| Complete 
| 166|0x000000008a600000, 0x000000008a700000, 0x000000008a700000|100%| O|  |TAMS 0x000000008a700000, 0x000000008a600000| Complete 
| 167|0x000000008a700000, 0x000000008a800000, 0x000000008a800000|100%| O|  |TAMS 0x000000008a800000, 0x000000008a700000| Complete 
| 168|0x000000008a800000, 0x000000008a900000, 0x000000008a900000|100%| O|  |TAMS 0x000000008a900000, 0x000000008a800000| Complete 
| 169|0x000000008a900000, 0x000000008aa00000, 0x000000008aa00000|100%| O|  |TAMS 0x000000008aa00000, 0x000000008a900000| Untracked 
| 170|0x000000008aa00000, 0x000000008ab00000, 0x000000008ab00000|100%| O|  |TAMS 0x000000008ab00000, 0x000000008aa00000| Complete 
| 171|0x000000008ab00000, 0x000000008ac00000, 0x000000008ac00000|100%| O|  |TAMS 0x000000008ac00000, 0x000000008ab00000| Untracked 
| 172|0x000000008ac00000, 0x000000008ad00000, 0x000000008ad00000|100%| O|  |TAMS 0x000000008ad00000, 0x000000008ac00000| Untracked 
| 173|0x000000008ad00000, 0x000000008ae00000, 0x000000008ae00000|100%| O|  |TAMS 0x000000008ae00000, 0x000000008ad00000| Untracked 
| 174|0x000000008ae00000, 0x000000008af00000, 0x000000008af00000|100%| O|  |TAMS 0x000000008af00000, 0x000000008ae00000| Complete 
| 175|0x000000008af00000, 0x000000008b000000, 0x000000008b000000|100%| O|  |TAMS 0x000000008b000000, 0x000000008af00000| Complete 
| 176|0x000000008b000000, 0x000000008b100000, 0x000000008b100000|100%| O|  |TAMS 0x000000008b100000, 0x000000008b000000| Untracked 
| 177|0x000000008b100000, 0x000000008b200000, 0x000000008b200000|100%| O|  |TAMS 0x000000008b200000, 0x000000008b100000| Untracked 
| 178|0x000000008b200000, 0x000000008b300000, 0x000000008b300000|100%| O|  |TAMS 0x000000008b300000, 0x000000008b200000| Untracked 
| 179|0x000000008b300000, 0x000000008b400000, 0x000000008b400000|100%| O|  |TAMS 0x000000008b400000, 0x000000008b300000| Complete 
| 180|0x000000008b400000, 0x000000008b500000, 0x000000008b500000|100%| O|  |TAMS 0x000000008b500000, 0x000000008b400000| Untracked 
| 181|0x000000008b500000, 0x000000008b600000, 0x000000008b600000|100%| O|  |TAMS 0x000000008b600000, 0x000000008b500000| Untracked 
| 182|0x000000008b600000, 0x000000008b700000, 0x000000008b700000|100%| O|  |TAMS 0x000000008b700000, 0x000000008b600000| Untracked 
| 183|0x000000008b700000, 0x000000008b800000, 0x000000008b800000|100%| O|  |TAMS 0x000000008b800000, 0x000000008b700000| Complete 
| 184|0x000000008b800000, 0x000000008b900000, 0x000000008b900000|100%| O|  |TAMS 0x000000008b900000, 0x000000008b800000| Complete 
| 185|0x000000008b900000, 0x000000008ba00000, 0x000000008ba00000|100%| O|  |TAMS 0x000000008b9f8c00, 0x000000008b900000| Complete 
| 186|0x000000008ba00000, 0x000000008ba47a00, 0x000000008bb00000| 27%| O|  |TAMS 0x000000008ba00000, 0x000000008ba00000| Untracked 
| 187|0x000000008bb00000, 0x000000008bb00000, 0x000000008bc00000|  0%| F|  |TAMS 0x000000008bb00000, 0x000000008bb00000| Untracked 
| 188|0x000000008bc00000, 0x000000008bc00000, 0x000000008bd00000|  0%| F|  |TAMS 0x000000008bc00000, 0x000000008bc00000| Untracked 
| 189|0x000000008bd00000, 0x000000008bd00000, 0x000000008be00000|  0%| F|  |TAMS 0x000000008bd00000, 0x000000008bd00000| Untracked 
| 190|0x000000008be00000, 0x000000008be00000, 0x000000008bf00000|  0%| F|  |TAMS 0x000000008be00000, 0x000000008be00000| Untracked 
| 191|0x000000008bf00000, 0x000000008bf00000, 0x000000008c000000|  0%| F|  |TAMS 0x000000008bf00000, 0x000000008bf00000| Untracked 
| 192|0x000000008c000000, 0x000000008c000000, 0x000000008c100000|  0%| F|  |TAMS 0x000000008c000000, 0x000000008c000000| Untracked 
| 193|0x000000008c100000, 0x000000008c100000, 0x000000008c200000|  0%| F|  |TAMS 0x000000008c100000, 0x000000008c100000| Untracked 
| 194|0x000000008c200000, 0x000000008c200000, 0x000000008c300000|  0%| F|  |TAMS 0x000000008c200000, 0x000000008c200000| Untracked 
| 195|0x000000008c300000, 0x000000008c300000, 0x000000008c400000|  0%| F|  |TAMS 0x000000008c300000, 0x000000008c300000| Untracked 
| 196|0x000000008c400000, 0x000000008c400000, 0x000000008c500000|  0%| F|  |TAMS 0x000000008c400000, 0x000000008c400000| Untracked 
| 197|0x000000008c500000, 0x000000008c500000, 0x000000008c600000|  0%| F|  |TAMS 0x000000008c500000, 0x000000008c500000| Untracked 
| 198|0x000000008c600000, 0x000000008c600000, 0x000000008c700000|  0%| F|  |TAMS 0x000000008c600000, 0x000000008c600000| Untracked 
| 199|0x000000008c700000, 0x000000008c700000, 0x000000008c800000|  0%| F|  |TAMS 0x000000008c700000, 0x000000008c700000| Untracked 
| 200|0x000000008c800000, 0x000000008c800000, 0x000000008c900000|  0%| F|  |TAMS 0x000000008c800000, 0x000000008c800000| Untracked 
| 201|0x000000008c900000, 0x000000008c900000, 0x000000008ca00000|  0%| F|  |TAMS 0x000000008c900000, 0x000000008c900000| Untracked 
| 202|0x000000008ca00000, 0x000000008ca00000, 0x000000008cb00000|  0%| F|  |TAMS 0x000000008ca00000, 0x000000008ca00000| Untracked 
| 203|0x000000008cb00000, 0x000000008cb00000, 0x000000008cc00000|  0%| F|  |TAMS 0x000000008cb00000, 0x000000008cb00000| Untracked 
| 204|0x000000008cc00000, 0x000000008cc00000, 0x000000008cd00000|  0%| F|  |TAMS 0x000000008cc00000, 0x000000008cc00000| Untracked 
| 205|0x000000008cd00000, 0x000000008cd00000, 0x000000008ce00000|  0%| F|  |TAMS 0x000000008cd00000, 0x000000008cd00000| Untracked 
| 206|0x000000008ce00000, 0x000000008ce00000, 0x000000008cf00000|  0%| F|  |TAMS 0x000000008ce00000, 0x000000008ce00000| Untracked 
| 207|0x000000008cf00000, 0x000000008cf00000, 0x000000008d000000|  0%| F|  |TAMS 0x000000008cf00000, 0x000000008cf00000| Untracked 
| 208|0x000000008d000000, 0x000000008d000000, 0x000000008d100000|  0%| F|  |TAMS 0x000000008d000000, 0x000000008d000000| Untracked 
| 209|0x000000008d100000, 0x000000008d100000, 0x000000008d200000|  0%| F|  |TAMS 0x000000008d100000, 0x000000008d100000| Untracked 
| 210|0x000000008d200000, 0x000000008d200000, 0x000000008d300000|  0%| F|  |TAMS 0x000000008d200000, 0x000000008d200000| Untracked 
| 211|0x000000008d300000, 0x000000008d300000, 0x000000008d400000|  0%| F|  |TAMS 0x000000008d300000, 0x000000008d300000| Untracked 
| 212|0x000000008d400000, 0x000000008d400000, 0x000000008d500000|  0%| F|  |TAMS 0x000000008d400000, 0x000000008d400000| Untracked 
| 213|0x000000008d500000, 0x000000008d500000, 0x000000008d600000|  0%| F|  |TAMS 0x000000008d500000, 0x000000008d500000| Untracked 
| 214|0x000000008d600000, 0x000000008d600000, 0x000000008d700000|  0%| F|  |TAMS 0x000000008d600000, 0x000000008d600000| Untracked 
| 215|0x000000008d700000, 0x000000008d700000, 0x000000008d800000|  0%| F|  |TAMS 0x000000008d700000, 0x000000008d700000| Untracked 
| 216|0x000000008d800000, 0x000000008d800000, 0x000000008d900000|  0%| F|  |TAMS 0x000000008d800000, 0x000000008d800000| Untracked 
| 217|0x000000008d900000, 0x000000008d900000, 0x000000008da00000|  0%| F|  |TAMS 0x000000008d900000, 0x000000008d900000| Untracked 
| 218|0x000000008da00000, 0x000000008da00000, 0x000000008db00000|  0%| F|  |TAMS 0x000000008da00000, 0x000000008da00000| Untracked 
| 219|0x000000008db00000, 0x000000008db00000, 0x000000008dc00000|  0%| F|  |TAMS 0x000000008db00000, 0x000000008db00000| Untracked 
| 220|0x000000008dc00000, 0x000000008dc00000, 0x000000008dd00000|  0%| F|  |TAMS 0x000000008dc00000, 0x000000008dc00000| Untracked 
| 221|0x000000008dd00000, 0x000000008dd00000, 0x000000008de00000|  0%| F|  |TAMS 0x000000008dd00000, 0x000000008dd00000| Untracked 
| 222|0x000000008de00000, 0x000000008de00000, 0x000000008df00000|  0%| F|  |TAMS 0x000000008de00000, 0x000000008de00000| Untracked 
| 223|0x000000008df00000, 0x000000008df00000, 0x000000008e000000|  0%| F|  |TAMS 0x000000008df00000, 0x000000008df00000| Untracked 
| 224|0x000000008e000000, 0x000000008e000000, 0x000000008e100000|  0%| F|  |TAMS 0x000000008e000000, 0x000000008e000000| Untracked 
| 225|0x000000008e100000, 0x000000008e100000, 0x000000008e200000|  0%| F|  |TAMS 0x000000008e100000, 0x000000008e100000| Untracked 
| 226|0x000000008e200000, 0x000000008e200000, 0x000000008e300000|  0%| F|  |TAMS 0x000000008e200000, 0x000000008e200000| Untracked 
| 227|0x000000008e300000, 0x000000008e300000, 0x000000008e400000|  0%| F|  |TAMS 0x000000008e300000, 0x000000008e300000| Untracked 
| 228|0x000000008e400000, 0x000000008e400000, 0x000000008e500000|  0%| F|  |TAMS 0x000000008e400000, 0x000000008e400000| Untracked 
| 229|0x000000008e500000, 0x000000008e500000, 0x000000008e600000|  0%| F|  |TAMS 0x000000008e500000, 0x000000008e500000| Untracked 
| 230|0x000000008e600000, 0x000000008e700000, 0x000000008e700000|100%| S|CS|TAMS 0x000000008e600000, 0x000000008e600000| Complete 
| 231|0x000000008e700000, 0x000000008e800000, 0x000000008e800000|100%| S|CS|TAMS 0x000000008e700000, 0x000000008e700000| Complete 
| 232|0x000000008e800000, 0x000000008e900000, 0x000000008e900000|100%| S|CS|TAMS 0x000000008e800000, 0x000000008e800000| Complete 
| 233|0x000000008e900000, 0x000000008ea00000, 0x000000008ea00000|100%| S|CS|TAMS 0x000000008e900000, 0x000000008e900000| Complete 
| 234|0x000000008ea00000, 0x000000008ea00000, 0x000000008eb00000|  0%| F|  |TAMS 0x000000008ea00000, 0x000000008ea00000| Untracked 
| 235|0x000000008eb00000, 0x000000008eb00000, 0x000000008ec00000|  0%| F|  |TAMS 0x000000008eb00000, 0x000000008eb00000| Untracked 
| 236|0x000000008ec00000, 0x000000008ed00000, 0x000000008ed00000|100%| S|CS|TAMS 0x000000008ec00000, 0x000000008ec00000| Complete 
| 237|0x000000008ed00000, 0x000000008ed00000, 0x000000008ee00000|  0%| F|  |TAMS 0x000000008ed00000, 0x000000008ed00000| Untracked 
| 238|0x000000008ee00000, 0x000000008ee00000, 0x000000008ef00000|  0%| F|  |TAMS 0x000000008ee00000, 0x000000008ee00000| Untracked 
| 239|0x000000008ef00000, 0x000000008ef00000, 0x000000008f000000|  0%| F|  |TAMS 0x000000008ef00000, 0x000000008ef00000| Untracked 
| 240|0x000000008f000000, 0x000000008f000000, 0x000000008f100000|  0%| F|  |TAMS 0x000000008f000000, 0x000000008f000000| Untracked 
| 241|0x000000008f100000, 0x000000008f100000, 0x000000008f200000|  0%| F|  |TAMS 0x000000008f100000, 0x000000008f100000| Untracked 
| 242|0x000000008f200000, 0x000000008f200000, 0x000000008f300000|  0%| F|  |TAMS 0x000000008f200000, 0x000000008f200000| Untracked 
| 243|0x000000008f300000, 0x000000008f300000, 0x000000008f400000|  0%| F|  |TAMS 0x000000008f300000, 0x000000008f300000| Untracked 
| 244|0x000000008f400000, 0x000000008f400000, 0x000000008f500000|  0%| F|  |TAMS 0x000000008f400000, 0x000000008f400000| Untracked 
| 245|0x000000008f500000, 0x000000008f500000, 0x000000008f600000|  0%| F|  |TAMS 0x000000008f500000, 0x000000008f500000| Untracked 
| 246|0x000000008f600000, 0x000000008f600000, 0x000000008f700000|  0%| F|  |TAMS 0x000000008f600000, 0x000000008f600000| Untracked 
| 247|0x000000008f700000, 0x000000008f700000, 0x000000008f800000|  0%| F|  |TAMS 0x000000008f700000, 0x000000008f700000| Untracked 
| 248|0x000000008f800000, 0x000000008f800000, 0x000000008f900000|  0%| F|  |TAMS 0x000000008f800000, 0x000000008f800000| Untracked 
| 249|0x000000008f900000, 0x000000008f900000, 0x000000008fa00000|  0%| F|  |TAMS 0x000000008f900000, 0x000000008f900000| Untracked 
| 250|0x000000008fa00000, 0x000000008fa00000, 0x000000008fb00000|  0%| F|  |TAMS 0x000000008fa00000, 0x000000008fa00000| Untracked 
| 251|0x000000008fb00000, 0x000000008fb00000, 0x000000008fc00000|  0%| F|  |TAMS 0x000000008fb00000, 0x000000008fb00000| Untracked 
| 252|0x000000008fc00000, 0x000000008fc00000, 0x000000008fd00000|  0%| F|  |TAMS 0x000000008fc00000, 0x000000008fc00000| Untracked 
| 253|0x000000008fd00000, 0x000000008fd00000, 0x000000008fe00000|  0%| F|  |TAMS 0x000000008fd00000, 0x000000008fd00000| Untracked 
| 254|0x000000008fe00000, 0x000000008fe00000, 0x000000008ff00000|  0%| F|  |TAMS 0x000000008fe00000, 0x000000008fe00000| Untracked 
| 255|0x000000008ff00000, 0x000000008ff00000, 0x0000000090000000|  0%| F|  |TAMS 0x000000008ff00000, 0x000000008ff00000| Untracked 
| 256|0x0000000090000000, 0x0000000090000000, 0x0000000090100000|  0%| F|  |TAMS 0x0000000090000000, 0x0000000090000000| Untracked 
| 257|0x0000000090100000, 0x0000000090100000, 0x0000000090200000|  0%| F|  |TAMS 0x0000000090100000, 0x0000000090100000| Untracked 
| 258|0x0000000090200000, 0x0000000090200000, 0x0000000090300000|  0%| F|  |TAMS 0x0000000090200000, 0x0000000090200000| Untracked 
| 259|0x0000000090300000, 0x0000000090300000, 0x0000000090400000|  0%| F|  |TAMS 0x0000000090300000, 0x0000000090300000| Untracked 
| 260|0x0000000090400000, 0x0000000090400000, 0x0000000090500000|  0%| F|  |TAMS 0x0000000090400000, 0x0000000090400000| Untracked 
| 261|0x0000000090500000, 0x0000000090500000, 0x0000000090600000|  0%| F|  |TAMS 0x0000000090500000, 0x0000000090500000| Untracked 
| 262|0x0000000090600000, 0x0000000090600000, 0x0000000090700000|  0%| F|  |TAMS 0x0000000090600000, 0x0000000090600000| Untracked 
| 263|0x0000000090700000, 0x0000000090700000, 0x0000000090800000|  0%| F|  |TAMS 0x0000000090700000, 0x0000000090700000| Untracked 
| 264|0x0000000090800000, 0x0000000090800000, 0x0000000090900000|  0%| F|  |TAMS 0x0000000090800000, 0x0000000090800000| Untracked 
| 265|0x0000000090900000, 0x0000000090900000, 0x0000000090a00000|  0%| F|  |TAMS 0x0000000090900000, 0x0000000090900000| Untracked 
| 266|0x0000000090a00000, 0x0000000090a00000, 0x0000000090b00000|  0%| F|  |TAMS 0x0000000090a00000, 0x0000000090a00000| Untracked 
| 267|0x0000000090b00000, 0x0000000090b00000, 0x0000000090c00000|  0%| F|  |TAMS 0x0000000090b00000, 0x0000000090b00000| Untracked 
| 268|0x0000000090c00000, 0x0000000090c00000, 0x0000000090d00000|  0%| F|  |TAMS 0x0000000090c00000, 0x0000000090c00000| Untracked 
| 269|0x0000000090d00000, 0x0000000090d00000, 0x0000000090e00000|  0%| F|  |TAMS 0x0000000090d00000, 0x0000000090d00000| Untracked 
| 270|0x0000000090e00000, 0x0000000090e00000, 0x0000000090f00000|  0%| F|  |TAMS 0x0000000090e00000, 0x0000000090e00000| Untracked 

Card table byte_map: [0x00000236c38f0000,0x00000236c3cf0000] _byte_map_base: 0x00000236c34f0000

Marking Bits (Prev, Next): (CMBitMap*) 0x00000236b070eac0, (CMBitMap*) 0x00000236b070ea88
 Prev Bits: [0x00000236c60f0000, 0x00000236c80f0000)
 Next Bits: [0x00000236c40f0000, 0x00000236c60f0000)

Polling page: 0x00000236afeb0000

Metaspace:

Usage:
  Non-class:     90.60 MB capacity,    88.80 MB ( 98%) used,     1.45 MB (  2%) free+waste,   347.69 KB ( <1%) overhead. 
      Class:     14.35 MB capacity,    13.29 MB ( 93%) used,   920.17 KB (  6%) free+waste,   157.81 KB (  1%) overhead. 
       Both:    104.94 MB capacity,   102.10 MB ( 97%) used,     2.35 MB (  2%) free+waste,   505.50 KB ( <1%) overhead. 

Virtual space:
  Non-class space:       92.00 MB reserved,      91.18 MB (>99%) committed 
      Class space:        1.00 GB reserved,      14.82 MB (  1%) committed 
             Both:        1.09 GB reserved,     106.00 MB (  9%) committed 

Chunk freelists:
   Non-Class:  466.00 KB
       Class:  413.00 KB
        Both:  879.00 KB

MaxMetaspaceSize: 17179869184.00 GB
CompressedClassSpaceSize: 1.00 GB

CodeHeap 'non-profiled nmethods': size=120000Kb used=8418Kb max_used=8418Kb free=111581Kb
 bounds [0x00000236bbc90000, 0x00000236bc4d0000, 0x00000236c31c0000]
CodeHeap 'profiled nmethods': size=120000Kb used=31060Kb max_used=31060Kb free=88939Kb
 bounds [0x00000236b4760000, 0x00000236b65c0000, 0x00000236bbc90000]
CodeHeap 'non-nmethods': size=5760Kb used=2314Kb max_used=2385Kb free=3445Kb
 bounds [0x00000236b41c0000, 0x00000236b4430000, 0x00000236b4760000]
 total_blobs=15262 nmethods=14333 adapters=840
 compilation: enabled
              stopped_count=0, restarted_count=0
 full_count=0

Compilation events (20 events):
Event: 20.150 Thread 0x00000236cb4cd800 nmethod 15034 0x00000236b65b0b90 code [0x00000236b65b0d40, 0x00000236b65b0e68]
Event: 20.150 Thread 0x00000236cb4cd800 15031       2       org.gradle.api.internal.provider.DefaultProperty::unpackState (5 bytes)
Event: 20.150 Thread 0x00000236cb4cd800 nmethod 15031 0x00000236b65b0f10 code [0x00000236b65b10c0, 0x00000236b65b1218]
Event: 20.150 Thread 0x00000236cb4cd800 15027   !   2       java.io.ObjectInputStream::readOrdinaryObject (322 bytes)
Event: 20.150 Thread 0x00000236cd888000 nmethod 15016 0x00000236bc4c8190 code [0x00000236bc4c8320, 0x00000236bc4c8398]
Event: 20.151 Thread 0x00000236cd888000 15017       4       org.gradle.internal.component.model.AttributeMatchingExplanationBuilder::candidateDoesNotMatchAttributes (1 bytes)
Event: 20.151 Thread 0x00000236cd888000 nmethod 15017 0x00000236bc4c8410 code [0x00000236bc4c85a0, 0x00000236bc4c85f8]
Event: 20.151 Thread 0x00000236cd888000 15035       4       org.gradle.internal.snapshot.AbstractFileSystemLocationSnapshot::asFileSystemNode (2 bytes)
Event: 20.151 Thread 0x00000236cd888000 nmethod 15035 0x00000236bc4c8690 code [0x00000236bc4c8820, 0x00000236bc4c8878]
Event: 20.151 Thread 0x00000236cd888000 14955   !   4       java.util.concurrent.ConcurrentHashMap::merge (545 bytes)
Event: 20.155 Thread 0x00000236cb4cd800 nmethod 15027 0x00000236b65b1310 code [0x00000236b65b16c0, 0x00000236b65b24a8]
Event: 20.155 Thread 0x00000236cb4cd800 15043   !   2       org.gradle.internal.logging.sink.OutputEventRenderer::onOutput (101 bytes)
Event: 20.156 Thread 0x00000236cb4cd800 nmethod 15043 0x00000236b65b2e90 code [0x00000236b65b30a0, 0x00000236b65b3638]
Event: 20.156 Thread 0x00000236cb4cd800 15041       2       org.gradle.internal.operations.DefaultBuildOperationRunner$BuildOperationTrackingListener::stop (36 bytes)
Event: 20.157 Thread 0x00000236cb4cd800 nmethod 15041 0x00000236b65b3910 code [0x00000236b65b3b20, 0x00000236b65b3ef8]
Event: 20.157 Thread 0x00000236cb4cd800 15040       2       java.util.concurrent.FutureTask::<init> (27 bytes)
Event: 20.157 Thread 0x00000236cb4cd800 nmethod 15040 0x00000236b65b4210 code [0x00000236b65b43e0, 0x00000236b65b45e8]
Event: 20.157 Thread 0x00000236cb4cd800 15037       2       com.android.tools.r8.internal.zh::<init> (89 bytes)
Event: 20.158 Thread 0x00000236cb4cd800 nmethod 15037 0x00000236b65b4710 code [0x00000236b65b4940, 0x00000236b65b4ef8]
Event: 20.158 Thread 0x00000236cb4cd800 15045       2       org.gradle.internal.operations.DefaultBuildOperationRunner$BuildOperationTrackingListener::close (42 bytes)

GC Heap History (20 events):
Event: 17.474 GC heap after
{Heap after GC invocations=26 (full 0):
 garbage-first heap   total 189440K, used 100496K [0x0000000080000000, 0x0000000100000000)
  region size 1024K, 9 young (9216K), 9 survivors (9216K)
 Metaspace       used 94692K, capacity 97106K, committed 97664K, reserved 1134592K
  class space    used 12213K, capacity 13090K, committed 13260K, reserved 1048576K
}
Event: 17.780 GC heap before
{Heap before GC invocations=27 (full 0):
 garbage-first heap   total 189440K, used 156816K [0x0000000080000000, 0x0000000100000000)
  region size 1024K, 55 young (56320K), 9 survivors (9216K)
 Metaspace       used 96889K, capacity 99483K, committed 99712K, reserved 1136640K
  class space    used 12534K, capacity 13466K, committed 13516K, reserved 1048576K
}
Event: 17.801 GC heap after
{Heap after GC invocations=28 (full 0):
 garbage-first heap   total 189440K, used 122132K [0x0000000080000000, 0x0000000100000000)
  region size 1024K, 7 young (7168K), 7 survivors (7168K)
 Metaspace       used 96889K, capacity 99483K, committed 99712K, reserved 1136640K
  class space    used 12534K, capacity 13466K, committed 13516K, reserved 1048576K
}
Event: 17.940 GC heap before
{Heap before GC invocations=28 (full 0):
 garbage-first heap   total 189440K, used 147732K [0x0000000080000000, 0x0000000100000000)
  region size 1024K, 34 young (34816K), 7 survivors (7168K)
 Metaspace       used 98672K, capacity 101586K, committed 101760K, reserved 1136640K
  class space    used 12888K, capacity 14005K, committed 14028K, reserved 1048576K
}
Event: 17.962 GC heap after
{Heap after GC invocations=29 (full 0):
 garbage-first heap   total 227328K, used 130012K [0x0000000080000000, 0x0000000100000000)
  region size 1024K, 5 young (5120K), 5 survivors (5120K)
 Metaspace       used 98672K, capacity 101586K, committed 101760K, reserved 1136640K
  class space    used 12888K, capacity 14005K, committed 14028K, reserved 1048576K
}
Event: 18.400 GC heap before
{Heap before GC invocations=30 (full 0):
 garbage-first heap   total 227328K, used 170972K [0x0000000080000000, 0x0000000100000000)
  region size 1024K, 44 young (45056K), 5 survivors (5120K)
 Metaspace       used 102547K, capacity 105587K, committed 105984K, reserved 1140736K
  class space    used 13591K, capacity 14784K, committed 14924K, reserved 1048576K
}
Event: 18.424 GC heap after
{Heap after GC invocations=31 (full 0):
 garbage-first heap   total 227328K, used 143874K [0x0000000080000000, 0x0000000100000000)
  region size 1024K, 6 young (6144K), 6 survivors (6144K)
 Metaspace       used 102547K, capacity 105587K, committed 105984K, reserved 1140736K
  class space    used 13591K, capacity 14784K, committed 14924K, reserved 1048576K
}
Event: 18.652 GC heap before
{Heap before GC invocations=31 (full 0):
 garbage-first heap   total 227328K, used 176642K [0x0000000080000000, 0x0000000100000000)
  region size 1024K, 39 young (39936K), 6 survivors (6144K)
 Metaspace       used 103167K, capacity 106213K, committed 106496K, reserved 1140736K
  class space    used 13655K, capacity 14842K, committed 14924K, reserved 1048576K
}
Event: 18.672 GC heap after
{Heap after GC invocations=32 (full 0):
 garbage-first heap   total 227328K, used 157353K [0x0000000080000000, 0x0000000100000000)
  region size 1024K, 5 young (5120K), 5 survivors (5120K)
 Metaspace       used 103167K, capacity 106213K, committed 106496K, reserved 1140736K
  class space    used 13655K, capacity 14842K, committed 14924K, reserved 1048576K
}
Event: 18.817 GC heap before
{Heap before GC invocations=32 (full 0):
 garbage-first heap   total 227328K, used 181929K [0x0000000080000000, 0x0000000100000000)
  region size 1024K, 30 young (30720K), 5 survivors (5120K)
 Metaspace       used 103983K, capacity 107168K, committed 107392K, reserved 1142784K
  class space    used 13785K, capacity 15033K, committed 15052K, reserved 1048576K
}
Event: 18.834 GC heap after
{Heap after GC invocations=33 (full 0):
 garbage-first heap   total 227328K, used 168846K [0x0000000080000000, 0x0000000100000000)
  region size 1024K, 4 young (4096K), 4 survivors (4096K)
 Metaspace       used 103983K, capacity 107168K, committed 107392K, reserved 1142784K
  class space    used 13785K, capacity 15033K, committed 15052K, reserved 1048576K
}
Event: 18.992 GC heap before
{Heap before GC invocations=33 (full 0):
 garbage-first heap   total 227328K, used 186254K [0x0000000080000000, 0x0000000100000000)
  region size 1024K, 22 young (22528K), 4 survivors (4096K)
 Metaspace       used 103466K, capacity 106311K, committed 107392K, reserved 1142784K
  class space    used 13578K, capacity 14644K, committed 15052K, reserved 1048576K
}
Event: 19.007 GC heap after
{Heap after GC invocations=34 (full 0):
 garbage-first heap   total 277504K, used 175640K [0x0000000080000000, 0x0000000100000000)
  region size 1024K, 3 young (3072K), 3 survivors (3072K)
 Metaspace       used 103466K, capacity 106311K, committed 107392K, reserved 1142784K
  class space    used 13578K, capacity 14644K, committed 15052K, reserved 1048576K
}
Event: 19.235 GC heap before
{Heap before GC invocations=35 (full 0):
 garbage-first heap   total 277504K, used 211480K [0x0000000080000000, 0x0000000100000000)
  region size 1024K, 39 young (39936K), 3 survivors (3072K)
 Metaspace       used 103552K, capacity 106388K, committed 107392K, reserved 1142784K
  class space    used 13584K, capacity 14647K, committed 15052K, reserved 1048576K
}
Event: 19.254 GC heap after
{Heap after GC invocations=36 (full 0):
 garbage-first heap   total 277504K, used 189179K [0x0000000080000000, 0x0000000100000000)
  region size 1024K, 5 young (5120K), 5 survivors (5120K)
 Metaspace       used 103552K, capacity 106388K, committed 107392K, reserved 1142784K
  class space    used 13584K, capacity 14647K, committed 15052K, reserved 1048576K
}
Event: 19.445 GC heap before
{Heap before GC invocations=36 (full 0):
 garbage-first heap   total 277504K, used 218875K [0x0000000080000000, 0x0000000100000000)
  region size 1024K, 35 young (35840K), 5 survivors (5120K)
 Metaspace       used 103705K, capacity 106570K, committed 107776K, reserved 1142784K
  class space    used 13589K, capacity 14681K, committed 15180K, reserved 1048576K
}
Event: 19.462 GC heap after
{Heap after GC invocations=37 (full 0):
 garbage-first heap   total 277504K, used 195555K [0x0000000080000000, 0x0000000100000000)
  region size 1024K, 5 young (5120K), 5 survivors (5120K)
 Metaspace       used 103705K, capacity 106570K, committed 107776K, reserved 1142784K
  class space    used 13589K, capacity 14681K, committed 15180K, reserved 1048576K
}
Event: 19.953 GC heap before
{Heap before GC invocations=37 (full 0):
 garbage-first heap   total 277504K, used 217059K [0x0000000080000000, 0x0000000100000000)
  region size 1024K, 33 young (33792K), 5 survivors (5120K)
 Metaspace       used 104356K, capacity 107198K, committed 108288K, reserved 1142784K
  class space    used 13595K, capacity 14678K, committed 15180K, reserved 1048576K
}
Event: 19.967 GC heap after
{Heap after GC invocations=38 (full 0):
 garbage-first heap   total 277504K, used 191995K [0x0000000080000000, 0x0000000100000000)
  region size 1024K, 4 young (4096K), 4 survivors (4096K)
 Metaspace       used 104356K, capacity 107198K, committed 108288K, reserved 1142784K
  class space    used 13595K, capacity 14678K, committed 15180K, reserved 1048576K
}
Event: 20.159 GC heap before
{Heap before GC invocations=39 (full 0):
 garbage-first heap   total 277504K, used 224763K [0x0000000080000000, 0x0000000100000000)
  region size 1024K, 36 young (36864K), 4 survivors (4096K)
 Metaspace       used 104546K, capacity 107461K, committed 108544K, reserved 1142784K
  class space    used 13613K, capacity 14691K, committed 15180K, reserved 1048576K
}

Deoptimization events (20 events):
Event: 20.096 Thread 0x00000236d0bea800 DEOPT PACKING pc=0x00000236bc374898 sp=0x000000b748bfc700
Event: 20.096 Thread 0x00000236d0bea800 DEOPT UNPACKING pc=0x00000236b41e78af sp=0x000000b748bfc680 mode 2
Event: 20.096 Thread 0x00000236d0bea800 Uncommon trap: trap_request=0xffffffde fr.pc=0x00000236bc374898 relative=0x0000000000000078
Event: 20.096 Thread 0x00000236d0bea800 Uncommon trap: reason=class_check action=maybe_recompile pc=0x00000236bc374898 method=java.util.AbstractList$RandomAccessSpliterator.getFence()I @ 34 c2
Event: 20.096 Thread 0x00000236d0bea800 DEOPT PACKING pc=0x00000236bc374898 sp=0x000000b748bfc700
Event: 20.096 Thread 0x00000236d0bea800 DEOPT UNPACKING pc=0x00000236b41e78af sp=0x000000b748bfc680 mode 2
Event: 20.096 Thread 0x00000236d0bea800 Uncommon trap: trap_request=0xffffff4d fr.pc=0x00000236bc19c214 relative=0x00000000000007f4
Event: 20.097 Thread 0x00000236d0bea800 Uncommon trap: reason=unstable_if action=reinterpret pc=0x00000236bc19c214 method=org.gradle.internal.snapshot.VfsRelativePath.compareToFirstSegment(Ljava/lang/String;Lorg/gradle/internal/snapshot/CaseSensitivity;)I @ 134 c2
Event: 20.097 Thread 0x00000236d0bea800 DEOPT PACKING pc=0x00000236bc19c214 sp=0x000000b748bfa1d0
Event: 20.097 Thread 0x00000236d0bea800 DEOPT UNPACKING pc=0x00000236b41e78af sp=0x000000b748bfa150 mode 2
Event: 20.098 Thread 0x00000236d0bea800 DEOPT PACKING pc=0x00000236b5888bb1 sp=0x000000b748bfa8d0
Event: 20.098 Thread 0x00000236d0bea800 DEOPT UNPACKING pc=0x00000236b41e76ce sp=0x000000b748bf9d98 mode 0
Event: 20.099 Thread 0x00000236d0bea800 Uncommon trap: trap_request=0xffffffde fr.pc=0x00000236bc374898 relative=0x0000000000000078
Event: 20.099 Thread 0x00000236d0bea800 Uncommon trap: reason=class_check action=maybe_recompile pc=0x00000236bc374898 method=java.util.AbstractList$RandomAccessSpliterator.getFence()I @ 34 c2
Event: 20.099 Thread 0x00000236d0bea800 DEOPT PACKING pc=0x00000236bc374898 sp=0x000000b748bfa530
Event: 20.099 Thread 0x00000236d0bea800 DEOPT UNPACKING pc=0x00000236b41e78af sp=0x000000b748bfa4b0 mode 2
Event: 20.151 Thread 0x00000236d07c5800 DEOPT PACKING pc=0x00000236b607ef4e sp=0x000000b7493fd300
Event: 20.151 Thread 0x00000236d07c5800 DEOPT UNPACKING pc=0x00000236b41e76ce sp=0x000000b7493fc9c0 mode 0
Event: 20.153 Thread 0x00000236d07c5800 DEOPT PACKING pc=0x00000236b607ef4e sp=0x000000b7493fd300
Event: 20.153 Thread 0x00000236d07c5800 DEOPT UNPACKING pc=0x00000236b41e76ce sp=0x000000b7493fc9c0 mode 0

Classes redefined (0 events):
No events

Internal exceptions (20 events):
Event: 18.850 Thread 0x00000236d07cc800 Exception <a 'sun/nio/fs/WindowsException'{0x000000008dce5508}> (0x000000008dce5508) thrown at [./src/hotspot/share/prims/jni.cpp, line 615]
Event: 18.857 Thread 0x00000236d07cd800 Exception <a 'sun/nio/fs/WindowsException'{0x000000008db848f0}> (0x000000008db848f0) thrown at [./src/hotspot/share/prims/jni.cpp, line 615]
Event: 18.862 Thread 0x00000236d07cc800 Exception <a 'sun/nio/fs/WindowsException'{0x000000008da31610}> (0x000000008da31610) thrown at [./src/hotspot/share/prims/jni.cpp, line 615]
Event: 18.871 Thread 0x00000236d07cd800 Exception <a 'sun/nio/fs/WindowsException'{0x000000008d909ac0}> (0x000000008d909ac0) thrown at [./src/hotspot/share/prims/jni.cpp, line 615]
Event: 18.877 Thread 0x00000236d07cc800 Exception <a 'sun/nio/fs/WindowsException'{0x000000008d83c3c8}> (0x000000008d83c3c8) thrown at [./src/hotspot/share/prims/jni.cpp, line 615]
Event: 18.881 Thread 0x00000236d07c5800 Exception <a 'sun/nio/fs/WindowsException'{0x000000008dd22f20}> (0x000000008dd22f20) thrown at [./src/hotspot/share/prims/jni.cpp, line 615]
Event: 19.008 Thread 0x00000236d07cd800 Exception <a 'sun/nio/fs/WindowsException'{0x0000000090e14fb8}> (0x0000000090e14fb8) thrown at [./src/hotspot/share/prims/jni.cpp, line 615]
Event: 19.038 Thread 0x00000236d07c5800 Exception <a 'sun/nio/fs/WindowsException'{0x00000000909ccd08}> (0x00000000909ccd08) thrown at [./src/hotspot/share/prims/jni.cpp, line 615]
Event: 19.151 Thread 0x00000236d07c5800 Exception <a 'sun/nio/fs/WindowsException'{0x000000008f9a7238}> (0x000000008f9a7238) thrown at [./src/hotspot/share/prims/jni.cpp, line 615]
Event: 19.154 Thread 0x00000236d07c5800 Exception <a 'sun/nio/fs/WindowsException'{0x000000008f8c8560}> (0x000000008f8c8560) thrown at [./src/hotspot/share/prims/jni.cpp, line 615]
Event: 19.199 Thread 0x00000236d07cc000 Exception <a 'sun/nio/fs/WindowsException'{0x000000008f095fe0}> (0x000000008f095fe0) thrown at [./src/hotspot/share/prims/jni.cpp, line 615]
Event: 19.215 Thread 0x00000236d07cc000 Exception <a 'sun/nio/fs/WindowsException'{0x000000008eee8cd0}> (0x000000008eee8cd0) thrown at [./src/hotspot/share/prims/jni.cpp, line 615]
Event: 19.221 Thread 0x00000236d07cc000 Exception <a 'sun/nio/fs/WindowsException'{0x000000008ec04520}> (0x000000008ec04520) thrown at [./src/hotspot/share/prims/jni.cpp, line 615]
Event: 19.257 Thread 0x00000236d07cc000 Exception <a 'sun/nio/fs/WindowsException'{0x0000000090e41cb8}> (0x0000000090e41cb8) thrown at [./src/hotspot/share/prims/jni.cpp, line 615]
Event: 19.261 Thread 0x00000236d07cc000 Exception <a 'sun/nio/fs/WindowsException'{0x0000000090efbb40}> (0x0000000090efbb40) thrown at [./src/hotspot/share/prims/jni.cpp, line 615]
Event: 19.271 Thread 0x00000236d07cc000 Exception <a 'sun/nio/fs/WindowsException'{0x0000000090c42b28}> (0x0000000090c42b28) thrown at [./src/hotspot/share/prims/jni.cpp, line 615]
Event: 19.288 Thread 0x00000236d07cc000 Exception <a 'sun/nio/fs/WindowsException'{0x0000000090aea3b8}> (0x0000000090aea3b8) thrown at [./src/hotspot/share/prims/jni.cpp, line 615]
Event: 19.534 Thread 0x00000236d07cb000 Exception <a 'java/lang/IncompatibleClassChangeError'{0x0000000090ab13c8}: Found class java.lang.Object, but interface was expected> (0x0000000090ab13c8) thrown at [./src/hotspot/share/interpreter/linkResolver.cpp, line 839]
Event: 20.111 Thread 0x00000236d0bea800 Exception <a 'java/lang/NoSuchMethodError'{0x000000008fd894a0}: <clinit>> (0x000000008fd894a0) thrown at [./src/hotspot/share/prims/jni.cpp, line 1362]
Event: 20.148 Thread 0x00000236d07c5800 Exception <a 'sun/nio/fs/WindowsException'{0x000000008f5e50c0}> (0x000000008f5e50c0) thrown at [./src/hotspot/share/prims/jni.cpp, line 615]

Events (20 events):
Event: 20.105 loading class com/android/builder/files/SerializableFileChanges$Companion done
Event: 20.105 loading class com/android/builder/files/SerializableFileChanges$fileStatusMap$2
Event: 20.105 loading class com/android/builder/files/SerializableFileChanges$fileStatusMap$2 done
Event: 20.106 loading class com/android/builder/files/SerializableFileChanges$removedFiles$2
Event: 20.106 loading class com/android/builder/files/SerializableFileChanges$removedFiles$2 done
Event: 20.106 loading class com/android/builder/files/SerializableFileChanges$modifiedFiles$2
Event: 20.106 loading class com/android/builder/files/SerializableFileChanges$modifiedFiles$2 done
Event: 20.107 loading class com/android/builder/files/SerializableFileChanges$addedFiles$2
Event: 20.107 loading class com/android/builder/files/SerializableFileChanges$addedFiles$2 done
Event: 20.110 loading class kotlin/InitializedLazyImpl
Event: 20.110 loading class kotlin/InitializedLazyImpl done
Event: 20.114 loading class kotlin/InitializedLazyImpl
Event: 20.114 loading class kotlin/InitializedLazyImpl done
Event: 20.120 loading class java/io/PushbackInputStream
Event: 20.120 loading class java/io/PushbackInputStream done
Event: 20.137 loading class com/android/builder/dexing/DexEntryBucket$getDexEntriesWithContents$1$1$contents$openedJar$1
Event: 20.137 loading class com/android/builder/dexing/DexEntryBucket$getDexEntriesWithContents$1$1$contents$openedJar$1 done
Event: 20.138 loading class com/android/builder/dexing/NonIncrementalJarDexArchive
Event: 20.138 loading class com/android/builder/dexing/NonIncrementalJarDexArchive done
Event: 20.159 Executing VM operation: G1CollectForAllocation


Dynamic libraries:
0x00007ff6ae700000 - 0x00007ff6ae70a000 	C:\Program Files\Android\Android Studio\jre\bin\java.exe
0x00007ffab5cd0000 - 0x00007ffab5ec5000 	C:\WINDOWS\SYSTEM32\ntdll.dll
0x00007ffab4020000 - 0x00007ffab40de000 	C:\WINDOWS\System32\KERNEL32.DLL
0x00007ffab36b0000 - 0x00007ffab3979000 	C:\WINDOWS\System32\KERNELBASE.dll
0x00007ffab3b40000 - 0x00007ffab3c40000 	C:\WINDOWS\System32\ucrtbase.dll
0x00007ffaac990000 - 0x00007ffaac9a9000 	C:\Program Files\Android\Android Studio\jre\bin\jli.dll
0x00007ffaac000000 - 0x00007ffaac017000 	C:\Program Files\Android\Android Studio\jre\bin\VCRUNTIME140.dll
0x00007ffab5500000 - 0x00007ffab56a1000 	C:\WINDOWS\System32\USER32.dll
0x00007ffab3cf0000 - 0x00007ffab3d12000 	C:\WINDOWS\System32\win32u.dll
0x00007ffa8e060000 - 0x00007ffa8e2fa000 	C:\WINDOWS\WinSxS\amd64_microsoft.windows.common-controls_6595b64144ccf1df_6.0.19041.1110_none_60b5254171f9507e\COMCTL32.dll
0x00007ffab3fe0000 - 0x00007ffab400b000 	C:\WINDOWS\System32\GDI32.dll
0x00007ffab40e0000 - 0x00007ffab417e000 	C:\WINDOWS\System32\msvcrt.dll
0x00007ffab35a0000 - 0x00007ffab36ab000 	C:\WINDOWS\System32\gdi32full.dll
0x00007ffab3500000 - 0x00007ffab359d000 	C:\WINDOWS\System32\msvcp_win.dll
0x00007ffab5820000 - 0x00007ffab5850000 	C:\WINDOWS\System32\IMM32.DLL
0x00007ffa8a400000 - 0x00007ffa8a49d000 	C:\Program Files\Android\Android Studio\jre\bin\msvcp140.dll
0x00007ffa6b670000 - 0x00007ffa6c13f000 	C:\Program Files\Android\Android Studio\jre\bin\server\jvm.dll
0x00007ffab56c0000 - 0x00007ffab576c000 	C:\WINDOWS\System32\ADVAPI32.dll
0x00007ffab3ec0000 - 0x00007ffab3f5b000 	C:\WINDOWS\System32\sechost.dll
0x00007ffab53d0000 - 0x00007ffab54fa000 	C:\WINDOWS\System32\RPCRT4.dll
0x00007ffab56b0000 - 0x00007ffab56b8000 	C:\WINDOWS\System32\PSAPI.DLL
0x00007ffaaae50000 - 0x00007ffaaae5a000 	C:\WINDOWS\SYSTEM32\VERSION.dll
0x00007ffa9c740000 - 0x00007ffa9c767000 	C:\WINDOWS\SYSTEM32\WINMM.dll
0x00007ffab0070000 - 0x00007ffab0079000 	C:\WINDOWS\SYSTEM32\WSOCK32.dll
0x00007ffab5360000 - 0x00007ffab53cb000 	C:\WINDOWS\System32\WS2_32.dll
0x00007ffab1c30000 - 0x00007ffab1c42000 	C:\WINDOWS\SYSTEM32\kernel.appcore.dll
0x00007ffaadbe0000 - 0x00007ffaadbf1000 	C:\Program Files\Android\Android Studio\jre\bin\verify.dll
0x00007ffab1950000 - 0x00007ffab1b34000 	C:\WINDOWS\SYSTEM32\DBGHELP.DLL
0x00007ffa99f00000 - 0x00007ffa99f2c000 	C:\WINDOWS\SYSTEM32\dbgcore.DLL
0x00007ffab3440000 - 0x00007ffab34c3000 	C:\WINDOWS\System32\bcryptPrimitives.dll
0x00007ffaad970000 - 0x00007ffaad999000 	C:\Program Files\Android\Android Studio\jre\bin\java.dll
0x00007ffab0060000 - 0x00007ffab006b000 	C:\Program Files\Android\Android Studio\jre\bin\jimage.dll
0x00007ffaad950000 - 0x00007ffaad968000 	C:\Program Files\Android\Android Studio\jre\bin\zip.dll
0x00007ffab46c0000 - 0x00007ffab4dff000 	C:\WINDOWS\System32\SHELL32.dll
0x00007ffab11c0000 - 0x00007ffab1950000 	C:\WINDOWS\SYSTEM32\windows.storage.dll
0x00007ffab5000000 - 0x00007ffab5355000 	C:\WINDOWS\System32\combase.dll
0x00007ffab2e40000 - 0x00007ffab2e6c000 	C:\WINDOWS\SYSTEM32\Wldp.dll
0x00007ffab4610000 - 0x00007ffab46be000 	C:\WINDOWS\System32\SHCORE.dll
0x00007ffab58e0000 - 0x00007ffab5935000 	C:\WINDOWS\System32\shlwapi.dll
0x00007ffab3330000 - 0x00007ffab334f000 	C:\WINDOWS\SYSTEM32\profapi.dll
0x00007ffaad4c0000 - 0x00007ffaad4da000 	C:\Program Files\Android\Android Studio\jre\bin\net.dll
0x00007ffaa4560000 - 0x00007ffaa4668000 	C:\WINDOWS\SYSTEM32\WINHTTP.dll
0x00007ffab2b80000 - 0x00007ffab2bea000 	C:\WINDOWS\system32\mswsock.dll
0x00007ffaad4a0000 - 0x00007ffaad4b4000 	C:\Program Files\Android\Android Studio\jre\bin\nio.dll
0x00007ffa8c570000 - 0x00007ffa8c597000 	C:\Users\ASUS\.gradle\native\8bec1ad78214c89d9ad589b4d07fe93259594b29d510b10fafb7a158f7737e5d\windows-amd64\native-platform.dll
0x00007ffa7be70000 - 0x00007ffa7bfad000 	C:\Users\ASUS\.gradle\native\53dbd7edfb1c66fb8903c78663c9afc45aea4f116125fa6feffd364cf09443e8\windows-amd64\native-platform-file-events.dll
0x00007ffaad490000 - 0x00007ffaad49a000 	C:\Program Files\Android\Android Studio\jre\bin\management.dll
0x00007ffaad480000 - 0x00007ffaad48c000 	C:\Program Files\Android\Android Studio\jre\bin\management_ext.dll
0x00007ffab2da0000 - 0x00007ffab2db8000 	C:\WINDOWS\SYSTEM32\CRYPTSP.dll
0x00007ffab2470000 - 0x00007ffab24a4000 	C:\WINDOWS\system32\rsaenh.dll
0x00007ffab34d0000 - 0x00007ffab34f7000 	C:\WINDOWS\System32\bcrypt.dll
0x00007ffab32f0000 - 0x00007ffab331e000 	C:\WINDOWS\SYSTEM32\USERENV.dll
0x00007ffab2d90000 - 0x00007ffab2d9c000 	C:\WINDOWS\SYSTEM32\CRYPTBASE.dll
0x00007ffab2810000 - 0x00007ffab284b000 	C:\WINDOWS\SYSTEM32\IPHLPAPI.DLL
0x00007ffab4010000 - 0x00007ffab4018000 	C:\WINDOWS\System32\NSI.dll
0x00007ffaac8b0000 - 0x00007ffaac8c7000 	C:\WINDOWS\SYSTEM32\dhcpcsvc6.DLL
0x00007ffaac6f0000 - 0x00007ffaac70d000 	C:\WINDOWS\SYSTEM32\dhcpcsvc.DLL
0x00007ffab2860000 - 0x00007ffab292c000 	C:\WINDOWS\SYSTEM32\DNSAPI.dll

dbghelp: loaded successfully - version: 4.0.5 - missing functions: none
symbol engine: initialized successfully - sym options: 0x614 - pdb path: .;C:\Program Files\Android\Android Studio\jre\bin;C:\WINDOWS\SYSTEM32;C:\WINDOWS\WinSxS\amd64_microsoft.windows.common-controls_6595b64144ccf1df_6.0.19041.1110_none_60b5254171f9507e;C:\Program Files\Android\Android Studio\jre\bin\server;C:\Users\ASUS\.gradle\native\8bec1ad78214c89d9ad589b4d07fe93259594b29d510b10fafb7a158f7737e5d\windows-amd64;C:\Users\ASUS\.gradle\native\53dbd7edfb1c66fb8903c78663c9afc45aea4f116125fa6feffd364cf09443e8\windows-amd64

VM Arguments:
jvm_args: --add-opens=java.base/java.util=ALL-UNNAMED --add-opens=java.base/java.lang=ALL-UNNAMED --add-opens=java.base/java.lang.invoke=ALL-UNNAMED --add-opens=java.base/java.util=ALL-UNNAMED --add-opens=java.prefs/java.util.prefs=ALL-UNNAMED --add-opens=java.prefs/java.util.prefs=ALL-UNNAMED --add-opens=java.base/java.nio.charset=ALL-UNNAMED --add-opens=java.base/java.net=ALL-UNNAMED --add-opens=java.base/java.util.concurrent.atomic=ALL-UNNAMED -Xmx2048m -Dfile.encoding=UTF-8 -Duser.country=US -Duser.language=en -Duser.variant 
java_command: org.gradle.launcher.daemon.bootstrap.GradleDaemon 7.0.2
java_class_path (initial): C:\Users\ASUS\.gradle\wrapper\dists\gradle-7.0.2-bin\857tjihv64xamwrf0h14cai3r\gradle-7.0.2\lib\gradle-launcher-7.0.2.jar
Launcher Type: SUN_STANDARD

[Global flags]
     intx CICompilerCount                          = 4                                         {product} {ergonomic}
     uint ConcGCThreads                            = 2                                         {product} {ergonomic}
     uint G1ConcRefinementThreads                  = 8                                         {product} {ergonomic}
   size_t G1HeapRegionSize                         = 1048576                                   {product} {ergonomic}
    uintx GCDrainStackTargetSize                   = 64                                        {product} {ergonomic}
   size_t InitialHeapSize                          = 134217728                                 {product} {ergonomic}
   size_t MarkStackSize                            = 4194304                                   {product} {ergonomic}
   size_t MaxHeapSize                              = 2147483648                                {product} {command line}
   size_t MaxNewSize                               = 1287651328                                {product} {ergonomic}
   size_t MinHeapDeltaBytes                        = 1048576                                   {product} {ergonomic}
    uintx NonNMethodCodeHeapSize                   = 5836300                                {pd product} {ergonomic}
    uintx NonProfiledCodeHeapSize                  = 122910970                              {pd product} {ergonomic}
    uintx ProfiledCodeHeapSize                     = 122910970                              {pd product} {ergonomic}
    uintx ReservedCodeCacheSize                    = 251658240                              {pd product} {ergonomic}
     bool SegmentedCodeCache                       = true                                      {product} {ergonomic}
     bool UseCompressedClassPointers               = true                                 {lp64_product} {ergonomic}
     bool UseCompressedOops                        = true                                 {lp64_product} {ergonomic}
     bool UseG1GC                                  = true                                      {product} {ergonomic}
     bool UseLargePagesIndividualAllocation        = false                                  {pd product} {ergonomic}

Logging:
Log output configuration:
 #0: stdout all=warning uptime,level,tags
 #1: stderr all=off uptime,level,tags

Environment Variables:
PATH=C:\Program Files\Microsoft MPI\Bin\;C:\Program Files (x86)\Common Files\Oracle\Java\javapath;C:\Program Files (x86)\Intel\Intel(R) Management Engine Components\iCLS\;C:\Program Files\Intel\Intel(R) Management Engine Components\iCLS\;C:\Windows\system32;C:\Windows;C:\Windows\System32\Wbem;C:\Windows\System32\WindowsPowerShell\v1.0\;C:\Windows\System32\OpenSSH\;C:\Program Files (x86)\NVIDIA Corporation\PhysX\Common;C:\Program Files (x86)\Intel\Intel(R) Management Engine Components\DAL;C:\Program Files\Intel\Intel(R) Management Engine Components\DAL;C:\Program Files (x86)\Intel\Intel(R) Management Engine Components\IPT;C:\Program Files\Intel\Intel(R) Management Engine Components\IPT;C:\WINDOWS\system32;C:\WINDOWS;C:\WINDOWS\System32\Wbem;C:\WINDOWS\System32\WindowsPowerShell\v1.0\;C:\WINDOWS\System32\OpenSSH\;C:\Program Files\Microsoft SQL Server\110\Tools\Binn\;C:\Program Files (x86)\Microsoft SQL Server\110\Tools\Binn\;C:\Program Files\Microsoft SQL Server\110\DTS\Binn\;C:\Program Files (x86)\Microsoft SQL Server\110\Tools\Binn\ManagementStudio\;C:\Program Files (x86)\Microsoft Visual Studio 10.0\Common7\IDE\PrivateAssemblies\;C:\Program Files (x86)\Microsoft SQL Server\110\DTS\Binn\;C:\Program Files\Microsoft SQL Server\130\Tools\Binn\;C:\Program Files\dotnet\;C:\Program Files\Microsoft SQL Server\Client SDK\ODBC\170\Tools\Binn\;C:\Program Files\nodejs\;C:\Program Files\Git\cmd;C:\Users\ASUS\AppData\Local\Microsoft\WindowsApps;C:\Users\ASUS\AppData\Local\Microsoft\WindowsApps;C:\Users\ASUS\AppData\Roaming\npm;C:\Users\ASUS\AppData\Local\Programs\Microsoft VS Code\bin
USERNAME=ASUS
OS=Windows_NT
PROCESSOR_IDENTIFIER=Intel64 Family 6 Model 142 Stepping 10, GenuineIntel



---------------  S Y S T E M  ---------------

OS: Windows 10 , 64 bit Build 19041 (10.0.19041.1202)
OS uptime: 2 days 13:47 hours
Hyper-V role detected

CPU:total 8 (initial active 8) (4 cores per cpu, 2 threads per core) family 6 model 142 stepping 10 microcode 0xb4, cmov, cx8, fxsr, mmx, sse, sse2, sse3, ssse3, sse4.1, sse4.2, popcnt, avx, avx2, aes, clmul, erms, 3dnowpref, lzcnt, ht, tsc, tscinvbit, bmi1, bmi2, adx, fma

Memory: 4k page, system-wide physical 8073M (593M free)
TotalPageFile size 10073M (AvailPageFile size 119M)
current process WorkingSet (physical memory assigned to process): 588M, peak: 588M
current process commit charge ("private bytes"): 630M, peak: 755M

vm_info: OpenJDK 64-Bit Server VM (11.0.10+0-b96-7249189) for windows-amd64 JRE (11.0.10+0-b96-7249189), built on Mar 31 2021 21:44:00 by "builder" with MS VC++ 14.0 (VS2015)

END.
