#
# There is insufficient memory for the Java Runtime Environment to continue.
# Native memory allocation (mmap) failed to map 91226112 bytes for Failed to commit area from 0x0000000094100000 to 0x0000000099800000 of length 91226112.
# Possible reasons:
#   The system is out of physical RAM or swap space
#   The process is running with CompressedOops enabled, and the Java Heap may be blocking the growth of the native heap
# Possible solutions:
#   Reduce memory load on the system
#   Increase physical memory or swap space
#   Check if swap backing store is full
#   Decrease Java heap size (-Xmx/-Xms)
#   Decrease number of Java threads
#   Decrease Java thread stack sizes (-Xss)
#   Set larger code cache with -XX:ReservedCodeCacheSize=
#   JVM is running with Unscaled Compressed Oops mode in which the Java heap is
#     placed in the first 4GB address space. The Java Heap base address is the
#     maximum limit for the native heap growth. Please use -XX:HeapBaseMinAddress
#     to set the Java Heap base and to place the Java Heap above 4GB virtual address.
# This output file may be truncated or incomplete.
#
#  Out of Memory Error (./src/hotspot/os/windows/os_windows.cpp:3301), pid=9680, tid=1332
#
# JRE version: OpenJDK Runtime Environment (11.0.10) (build 11.0.10+0-b96-7249189)
# Java VM: OpenJDK 64-Bit Server VM (11.0.10+0-b96-7249189, mixed mode, tiered, compressed oops, g1 gc, windows-amd64)
# No core dump will be written. Minidumps are not enabled by default on client versions of Windows
#

---------------  S U M M A R Y ------------

Command Line: --add-opens=java.base/java.util=ALL-UNNAMED --add-opens=java.base/java.lang=ALL-UNNAMED --add-opens=java.base/java.lang.invoke=ALL-UNNAMED --add-opens=java.base/java.util=ALL-UNNAMED --add-opens=java.prefs/java.util.prefs=ALL-UNNAMED --add-opens=java.prefs/java.util.prefs=ALL-UNNAMED --add-opens=java.base/java.nio.charset=ALL-UNNAMED --add-opens=java.base/java.net=ALL-UNNAMED --add-opens=java.base/java.util.concurrent.atomic=ALL-UNNAMED -Xmx2048m -Dfile.encoding=UTF-8 -Duser.country=US -Duser.language=en -Duser.variant org.gradle.launcher.daemon.bootstrap.GradleDaemon 7.0.2

Host: Intel(R) Core(TM) i5-8250U CPU @ 1.60GHz, 8 cores, 7G,  Windows 10 , 64 bit Build 19041 (10.0.19041.1202)
Time: Tue Sep 21 23:44:58 2021 SE Asia Standard Time elapsed time: 18.964778 seconds (0d 0h 0m 18s)

---------------  T H R E A D  ---------------

Current thread (0x000001aa5d55f800):  VMThread "VM Thread" [stack: 0x00000091d7200000,0x00000091d7300000] [id=1332]

Stack: [0x00000091d7200000,0x00000091d7300000]
[error occurred during error reporting (printing stack bounds), id 0xc0000005, EXCEPTION_ACCESS_VIOLATION (0xc0000005) at pc=0x000001aa46bf0f2d]

Native frames: (J=compiled Java code, j=interpreted, Vv=VM code, C=native code)
V  [jvm.dll+0x5ecfaa]
V  [jvm.dll+0x722bd5]
V  [jvm.dll+0x72412d]
V  [jvm.dll+0x724745]
V  [jvm.dll+0x7246fb]
V  [jvm.dll+0x5ec348]
V  [jvm.dll+0x5ecad8]
C  [ntdll.dll+0xa20cf]
C  [ntdll.dll+0x51454]
C  [ntdll.dll+0xa0bfe]
C  0x000001aa46bf0f2d

VM_Operation (0x00000091dc6fe650): G1CollectForAllocation, mode: safepoint, requested by thread 0x000001aa5f3c7800


---------------  P R O C E S S  ---------------

Threads class SMR info:
_java_thread_list=0x000001aa6708e700, length=78, elements={
0x000001aa430fe000, 0x000001aa5d562000, 0x000001aa5d565000, 0x000001aa5d57b000,
0x000001aa5d58e000, 0x000001aa5d590000, 0x000001aa5d594000, 0x000001aa5deeb000,
0x000001aa5def0000, 0x000001aa5e050800, 0x000001aa60447000, 0x000001aa60bfa000,
0x000001aa5e29a000, 0x000001aa5e648000, 0x000001aa5fd46000, 0x000001aa5fe94000,
0x000001aa60b04800, 0x000001aa5f37f000, 0x000001aa5f7a8800, 0x000001aa5f7a4800,
0x000001aa5f7a5000, 0x000001aa5f7a6800, 0x000001aa5f7a6000, 0x000001aa5ed29800,
0x000001aa6026e000, 0x000001aa6026e800, 0x000001aa6026f800, 0x000001aa60270800,
0x000001aa60271000, 0x000001aa60272000, 0x000001aa60273000, 0x000001aa60275000,
0x000001aa60274800, 0x000001aa60276000, 0x000001aa6027b000, 0x000001aa6027a000,
0x000001aa63673800, 0x000001aa63670000, 0x000001aa63671000, 0x000001aa63675000,
0x000001aa63671800, 0x000001aa63672800, 0x000001aa6366f800, 0x000001aa63678000,
0x000001aa63679000, 0x000001aa63674000, 0x000001aa6367a800, 0x000001aa6367a000,
0x000001aa63677800, 0x000001aa6367b800, 0x000001aa63676000, 0x000001aa6367c800,
0x000001aa6367e000, 0x000001aa6026c000, 0x000001aa64fa5000, 0x000001aa64fa3000,
0x000001aa64fa9800, 0x000001aa64fa8000, 0x000001aa64fa5800, 0x000001aa64fa4000,
0x000001aa64fa9000, 0x000001aa64fac000, 0x000001aa64fab800, 0x000001aa64fa7000,
0x000001aa64faa800, 0x000001aa64fa6800, 0x000001aa64fb0000, 0x000001aa64fae000,
0x000001aa64fad000, 0x000001aa64fb1000, 0x000001aa64fae800, 0x000001aa64fb2000,
0x000001aa64faf800, 0x000001aa5f3c3800, 0x000001aa5f3c2800, 0x000001aa5f3c7800,
0x000001aa5f3c7000, 0x000001aa5f3c4800
}

Java Threads: ( => current thread )
  0x000001aa430fe000 JavaThread "main" [_thread_blocked, id=9876, stack(0x00000091d6c00000,0x00000091d6d00000)]
  0x000001aa5d562000 JavaThread "Reference Handler" daemon [_thread_blocked, id=4992, stack(0x00000091d7300000,0x00000091d7400000)]
  0x000001aa5d565000 JavaThread "Finalizer" daemon [_thread_blocked, id=7680, stack(0x00000091d7400000,0x00000091d7500000)]
  0x000001aa5d57b000 JavaThread "Signal Dispatcher" daemon [_thread_blocked, id=13264, stack(0x00000091d7500000,0x00000091d7600000)]
  0x000001aa5d58e000 JavaThread "Attach Listener" daemon [_thread_blocked, id=9268, stack(0x00000091d7600000,0x00000091d7700000)]
  0x000001aa5d590000 JavaThread "Service Thread" daemon [_thread_blocked, id=9408, stack(0x00000091d7700000,0x00000091d7800000)]
  0x000001aa5d594000 JavaThread "C2 CompilerThread0" daemon [_thread_blocked, id=1356, stack(0x00000091d7800000,0x00000091d7900000)]
  0x000001aa5deeb000 JavaThread "C1 CompilerThread0" daemon [_thread_blocked, id=13040, stack(0x00000091d7900000,0x00000091d7a00000)]
  0x000001aa5def0000 JavaThread "Sweeper thread" daemon [_thread_blocked, id=2600, stack(0x00000091d7a00000,0x00000091d7b00000)]
  0x000001aa5e050800 JavaThread "Common-Cleaner" daemon [_thread_blocked, id=704, stack(0x00000091d7b00000,0x00000091d7c00000)]
  0x000001aa60447000 JavaThread "Daemon health stats" [_thread_blocked, id=5476, stack(0x00000091d8100000,0x00000091d8200000)]
  0x000001aa60bfa000 JavaThread "Incoming local TCP Connector on port 59085" [_thread_in_native, id=5628, stack(0x00000091d7d00000,0x00000091d7e00000)]
  0x000001aa5e29a000 JavaThread "Daemon periodic checks" [_thread_blocked, id=10748, stack(0x00000091d7e00000,0x00000091d7f00000)]
  0x000001aa5e648000 JavaThread "Daemon" [_thread_blocked, id=2900, stack(0x00000091d8200000,0x00000091d8300000)]
  0x000001aa5fd46000 JavaThread "Handler for socket connection from /127.0.0.1:59085 to /127.0.0.1:59086" [_thread_in_native, id=6056, stack(0x00000091d8300000,0x00000091d8400000)]
  0x000001aa5fe94000 JavaThread "Cancel handler" [_thread_blocked, id=2608, stack(0x00000091d8400000,0x00000091d8500000)]
  0x000001aa60b04800 JavaThread "Daemon worker" [_thread_blocked, id=2800, stack(0x00000091d8500000,0x00000091d8600000)]
  0x000001aa5f37f000 JavaThread "Asynchronous log dispatcher for DefaultDaemonConnection: socket connection from /127.0.0.1:59085 to /127.0.0.1:59086" [_thread_blocked, id=10784, stack(0x00000091d8600000,0x00000091d8700000)]
  0x000001aa5f7a8800 JavaThread "Stdin handler" [_thread_blocked, id=5920, stack(0x00000091d8700000,0x00000091d8800000)]
  0x000001aa5f7a4800 JavaThread "Daemon client event forwarder" [_thread_blocked, id=2876, stack(0x00000091d8800000,0x00000091d8900000)]
  0x000001aa5f7a5000 JavaThread "Cache worker for file hash cache (C:\Users\ASUS\.gradle\caches\7.0.2\fileHashes)" [_thread_blocked, id=2316, stack(0x00000091d8e00000,0x00000091d8f00000)]
  0x000001aa5f7a6800 JavaThread "File lock request listener" [_thread_in_native, id=884, stack(0x00000091d8f00000,0x00000091d9000000)]
  0x000001aa5f7a6000 JavaThread "Cache worker for journal cache (C:\Users\ASUS\.gradle\caches\journal-1)" [_thread_blocked, id=9468, stack(0x00000091d9100000,0x00000091d9200000)]
  0x000001aa5ed29800 JavaThread "C2 CompilerThread1" daemon [_thread_in_native, id=5404, stack(0x00000091d9200000,0x00000091d9300000)]
  0x000001aa6026e000 JavaThread "Cache worker for file hash cache (C:\Users\ASUS\AndroidStudioProjects\BookApp\.gradle\7.0.2\fileHashes)" [_thread_blocked, id=892, stack(0x00000091d9300000,0x00000091d9400000)]
  0x000001aa6026e800 JavaThread "File watcher server" daemon [_thread_blocked, id=7192, stack(0x00000091d9400000,0x00000091d9500000)]
  0x000001aa6026f800 JavaThread "File watcher consumer" daemon [_thread_blocked, id=13456, stack(0x00000091d9500000,0x00000091d9600000)]
  0x000001aa60270800 JavaThread "Cache worker for checksums cache (C:\Users\ASUS\AndroidStudioProjects\BookApp\.gradle\checksums)" [_thread_blocked, id=9476, stack(0x00000091d9600000,0x00000091d9700000)]
  0x000001aa60271000 JavaThread "Cache worker for cache directory md-supplier (C:\Users\ASUS\.gradle\caches\7.0.2\md-supplier)" [_thread_blocked, id=9120, stack(0x00000091d9700000,0x00000091d9800000)]
  0x000001aa60272000 JavaThread "Cache worker for cache directory md-rule (C:\Users\ASUS\.gradle\caches\7.0.2\md-rule)" [_thread_blocked, id=13176, stack(0x00000091d9800000,0x00000091d9900000)]
  0x000001aa60273000 JavaThread "Cache worker for execution history cache (C:\Users\ASUS\.gradle\caches\7.0.2\executionHistory)" [_thread_blocked, id=10620, stack(0x00000091d9a00000,0x00000091d9b00000)]
  0x000001aa60275000 JavaThread "jar transforms" [_thread_blocked, id=8392, stack(0x00000091d9b00000,0x00000091d9c00000)]
  0x000001aa60274800 JavaThread "jar transforms Thread 2" [_thread_blocked, id=7652, stack(0x00000091d9c00000,0x00000091d9d00000)]
  0x000001aa60276000 JavaThread "Cache worker for file content cache (C:\Users\ASUS\.gradle\caches\7.0.2\fileContent)" [_thread_blocked, id=4052, stack(0x00000091d9d00000,0x00000091d9e00000)]
  0x000001aa6027b000 JavaThread "Cache worker for dependencies-accessors (C:\Users\ASUS\AndroidStudioProjects\BookApp\.gradle\7.0.2\dependencies-accessors)" [_thread_blocked, id=6524, stack(0x00000091d9e00000,0x00000091d9f00000)]
  0x000001aa6027a000 JavaThread "jar transforms Thread 3" [_thread_blocked, id=10576, stack(0x00000091d9f00000,0x00000091da000000)]
  0x000001aa63673800 JavaThread "Cache worker for Build Output Cleanup Cache (C:\Users\ASUS\AndroidStudioProjects\BookApp\.gradle\buildOutputCleanup)" [_thread_blocked, id=6548, stack(0x00000091da000000,0x00000091da100000)]
  0x000001aa63670000 JavaThread "Build operations" [_thread_blocked, id=12888, stack(0x00000091da100000,0x00000091da200000)]
  0x000001aa63671000 JavaThread "Build operations Thread 2" [_thread_blocked, id=12004, stack(0x00000091da200000,0x00000091da300000)]
  0x000001aa63675000 JavaThread "Build operations Thread 3" [_thread_blocked, id=9472, stack(0x00000091da300000,0x00000091da400000)]
  0x000001aa63671800 JavaThread "Build operations Thread 4" [_thread_blocked, id=11772, stack(0x00000091da400000,0x00000091da500000)]
  0x000001aa63672800 JavaThread "Build operations Thread 5" [_thread_blocked, id=14208, stack(0x00000091da500000,0x00000091da600000)]
  0x000001aa6366f800 JavaThread "Build operations Thread 6" [_thread_blocked, id=5552, stack(0x00000091da600000,0x00000091da700000)]
  0x000001aa63678000 JavaThread "Build operations Thread 7" [_thread_blocked, id=7304, stack(0x00000091da700000,0x00000091da800000)]
  0x000001aa63679000 JavaThread "Build operations Thread 8" [_thread_blocked, id=3912, stack(0x00000091da800000,0x00000091da900000)]
  0x000001aa63674000 JavaThread "jar transforms Thread 4" [_thread_blocked, id=8872, stack(0x00000091da900000,0x00000091daa00000)]
  0x000001aa6367a800 JavaThread "jar transforms Thread 5" [_thread_blocked, id=5444, stack(0x00000091daa00000,0x00000091dab00000)]
  0x000001aa6367a000 JavaThread "jar transforms Thread 6" [_thread_blocked, id=3884, stack(0x00000091dab00000,0x00000091dac00000)]
  0x000001aa63677800 JavaThread "jar transforms Thread 7" [_thread_blocked, id=12276, stack(0x00000091dac00000,0x00000091dad00000)]
  0x000001aa6367b800 JavaThread "jar transforms Thread 8" [_thread_blocked, id=9952, stack(0x00000091dad00000,0x00000091dae00000)]
  0x000001aa63676000 JavaThread "C2 CompilerThread2" daemon [_thread_blocked, id=11636, stack(0x00000091d9900000,0x00000091d9a00000)]
  0x000001aa6367c800 JavaThread "Memory manager" [_thread_blocked, id=256, stack(0x00000091dae00000,0x00000091daf00000)]
  0x000001aa6367e000 JavaThread "build event listener" [_thread_blocked, id=3276, stack(0x00000091daf00000,0x00000091db000000)]
  0x000001aa6026c000 JavaThread "Execution worker for ':'" [_thread_blocked, id=2496, stack(0x00000091db000000,0x00000091db100000)]
  0x000001aa64fa5000 JavaThread "Execution worker for ':' Thread 2" [_thread_blocked, id=7360, stack(0x00000091db100000,0x00000091db200000)]
  0x000001aa64fa3000 JavaThread "Execution worker for ':' Thread 3" [_thread_blocked, id=13416, stack(0x00000091db200000,0x00000091db300000)]
  0x000001aa64fa9800 JavaThread "Execution worker for ':' Thread 4" [_thread_blocked, id=3844, stack(0x00000091db300000,0x00000091db400000)]
  0x000001aa64fa8000 JavaThread "Execution worker for ':' Thread 5" [_thread_blocked, id=4204, stack(0x00000091db400000,0x00000091db500000)]
  0x000001aa64fa5800 JavaThread "Execution worker for ':' Thread 6" [_thread_blocked, id=14236, stack(0x00000091db500000,0x00000091db600000)]
  0x000001aa64fa4000 JavaThread "Execution worker for ':' Thread 7" [_thread_blocked, id=1912, stack(0x00000091db600000,0x00000091db700000)]
  0x000001aa64fa9000 JavaThread "Cache worker for execution history cache (C:\Users\ASUS\AndroidStudioProjects\BookApp\.gradle\7.0.2\executionHistory)" [_thread_blocked, id=6680, stack(0x00000091db700000,0x00000091db800000)]
  0x000001aa64fac000 JavaThread "WorkerExecutor Queue" [_thread_blocked, id=9176, stack(0x00000091db800000,0x00000091db900000)]
  0x000001aa64fab800 JavaThread "WorkerExecutor Queue Thread 2" [_thread_blocked, id=12232, stack(0x00000091db900000,0x00000091dba00000)]
  0x000001aa64fa7000 JavaThread "WorkerExecutor Queue Thread 3" [_thread_blocked, id=13656, stack(0x00000091dba00000,0x00000091dbb00000)]
  0x000001aa64faa800 JavaThread "WorkerExecutor Queue Thread 4" [_thread_blocked, id=1512, stack(0x00000091dbb00000,0x00000091dbc00000)]
  0x000001aa64fa6800 JavaThread "pool-3-thread-1" [_thread_blocked, id=13160, stack(0x00000091dbc00000,0x00000091dbd00000)]
  0x000001aa64fb0000 JavaThread "stderr" [_thread_in_native, id=12168, stack(0x00000091dbd00000,0x00000091dbe00000)]
  0x000001aa64fae000 JavaThread "stdout" [_thread_in_native, id=3444, stack(0x00000091dbe00000,0x00000091dbf00000)]
  0x000001aa64fad000 JavaThread "ForkJoinPool-1-worker-3" daemon [_thread_blocked, id=13660, stack(0x00000091dbf00000,0x00000091dc000000)]
  0x000001aa64fb1000 JavaThread "ForkJoinPool-1-worker-5" daemon [_thread_blocked, id=13864, stack(0x00000091dc000000,0x00000091dc100000)]
  0x000001aa64fae800 JavaThread "ForkJoinPool-1-worker-7" daemon [_thread_blocked, id=3188, stack(0x00000091dc100000,0x00000091dc200000)]
  0x000001aa64fb2000 JavaThread "ForkJoinPool-1-worker-9" daemon [_thread_blocked, id=5772, stack(0x00000091dc200000,0x00000091dc300000)]
  0x000001aa64faf800 JavaThread "ForkJoinPool-1-worker-11" daemon [_thread_blocked, id=6456, stack(0x00000091dc300000,0x00000091dc400000)]
  0x000001aa5f3c3800 JavaThread "ForkJoinPool-1-worker-13" daemon [_thread_blocked, id=14156, stack(0x00000091dc400000,0x00000091dc500000)]
  0x000001aa5f3c2800 JavaThread "ForkJoinPool-1-worker-15" daemon [_thread_blocked, id=11848, stack(0x00000091dc500000,0x00000091dc600000)]
  0x000001aa5f3c7800 JavaThread "ForkJoinPool-1-worker-1" daemon [_thread_blocked, id=5612, stack(0x00000091dc600000,0x00000091dc700000)]
  0x000001aa5f3c7000 JavaThread "Cache worker for Java compile cache (C:\Users\ASUS\.gradle\caches\7.0.2\javaCompile)" [_thread_blocked, id=6484, stack(0x00000091dca00000,0x00000091dcb00000)]
  0x000001aa5f3c4800 JavaThread "Cache worker for Java compile cache (C:\Users\ASUS\AndroidStudioProjects\BookApp\.gradle\7.0.2\javaCompile)" [_thread_blocked, id=2252, stack(0x00000091dcb00000,0x00000091dcc00000)]

Other Threads:
=>0x000001aa5d55f800 VMThread "VM Thread" [stack: 0x00000091d7200000,0x00000091d7300000] [id=1332]
  0x000001aa5e07d000 WatcherThread [stack: 0x00000091d7c00000,0x00000091d7d00000] [id=6288]
  0x000001aa43118800 GCTaskThread "GC Thread#0" [stack: 0x00000091d6d00000,0x00000091d6e00000] [id=11596]
  0x000001aa5f22d800 GCTaskThread "GC Thread#1" [stack: 0x00000091d7f00000,0x00000091d8000000] [id=4528]
  0x000001aa5f2ca000 GCTaskThread "GC Thread#2" [stack: 0x00000091d8000000,0x00000091d8100000] [id=3336]
  0x000001aa6051e800 GCTaskThread "GC Thread#3" [stack: 0x00000091d8900000,0x00000091d8a00000] [id=6428]
  0x000001aa60b63000 GCTaskThread "GC Thread#4" [stack: 0x00000091d8a00000,0x00000091d8b00000] [id=8372]
  0x000001aa61221000 GCTaskThread "GC Thread#5" [stack: 0x00000091d8b00000,0x00000091d8c00000] [id=6928]
  0x000001aa61377000 GCTaskThread "GC Thread#6" [stack: 0x00000091d8c00000,0x00000091d8d00000] [id=1116]
  0x000001aa6129a800 GCTaskThread "GC Thread#7" [stack: 0x00000091d8d00000,0x00000091d8e00000] [id=13120]
  0x000001aa43148800 ConcurrentGCThread "G1 Main Marker" [stack: 0x00000091d6e00000,0x00000091d6f00000] [id=3564]
  0x000001aa4314a000 ConcurrentGCThread "G1 Conc#0" [stack: 0x00000091d6f00000,0x00000091d7000000] [id=4552]
  0x000001aa6031e800 ConcurrentGCThread "G1 Conc#1" [stack: 0x00000091d9000000,0x00000091d9100000] [id=13560]
  0x000001aa431dd800 ConcurrentGCThread "G1 Refine#0" [stack: 0x00000091d7000000,0x00000091d7100000] [id=12452]
  0x000001aa67946800 ConcurrentGCThread "G1 Refine#1" [stack: 0x00000091dc700000,0x00000091dc800000] [id=13332]
  0x000001aa63fee800 ConcurrentGCThread "G1 Refine#2" [stack: 0x00000091dc800000,0x00000091dc900000] [id=10076]
  0x000001aa63834000 ConcurrentGCThread "G1 Refine#3" [stack: 0x00000091dc900000,0x00000091dca00000] [id=9608]
  0x000001aa5d3b0800 ConcurrentGCThread "G1 Young RemSet Sampling" [stack: 0x00000091d7100000,0x00000091d7200000] [id=10276]

Threads with active compile tasks:
C2 CompilerThread0  18994 13116 %     4       java.util.TimSort::mergeHi @ 191 (732 bytes)
C1 CompilerThread0  18994 13127       3       org.objectweb.asm.ClassReader::readCode (5109 bytes)
C2 CompilerThread1  18995 12647       4       com.android.tools.r8.graph.Z::a (132 bytes)
C2 CompilerThread2  18995 12142       4       com.android.tools.r8.graph.v0$j::a (16 bytes)

VM state:at safepoint (normal execution)

VM Mutex/Monitor currently owned by a thread:  ([mutex/lock_event])
[0x000001aa430fa590] Threads_lock - owner thread: 0x000001aa5d55f800
[0x000001aa430fb550] Heap_lock - owner thread: 0x000001aa5f3c7800

Heap address: 0x0000000080000000, size: 2048 MB, Compressed Oops mode: 32-bit
Narrow klass base: 0x0000000000000000, Narrow klass shift: 3
Compressed class space size: 1073741824 Address: 0x0000000100000000

Heap:
 garbage-first heap   total 417792K, used 191417K [0x0000000080000000, 0x0000000100000000)
  region size 1024K, 1 young (1024K), 1 survivors (1024K)
 Metaspace       used 96220K, capacity 98715K, committed 98892K, reserved 1134592K
  class space    used 12641K, capacity 13590K, committed 13644K, reserved 1048576K
Heap Regions: E=young(eden), S=young(survivor), O=old, HS=humongous(starts), HC=humongous(continues), CS=collection set, F=free, A=archive, TAMS=top-at-mark-start (previous, next)
|   0|0x0000000080000000, 0x0000000080100000, 0x0000000080100000|100%| O|  |TAMS 0x0000000080100000, 0x0000000080000000| Untracked 
|   1|0x0000000080100000, 0x0000000080200000, 0x0000000080200000|100%| O|  |TAMS 0x0000000080200000, 0x0000000080100000| Untracked 
|   2|0x0000000080200000, 0x0000000080300000, 0x0000000080300000|100%| O|  |TAMS 0x0000000080300000, 0x0000000080200000| Untracked 
|   3|0x0000000080300000, 0x0000000080400000, 0x0000000080400000|100%|HS|  |TAMS 0x0000000080400000, 0x0000000080300000| Complete 
|   4|0x0000000080400000, 0x0000000080500000, 0x0000000080500000|100%|HC|  |TAMS 0x0000000080500000, 0x0000000080400000| Complete 
|   5|0x0000000080500000, 0x0000000080600000, 0x0000000080600000|100%|HC|  |TAMS 0x0000000080600000, 0x0000000080500000| Complete 
|   6|0x0000000080600000, 0x0000000080700000, 0x0000000080700000|100%| O|  |TAMS 0x0000000080700000, 0x0000000080600000| Untracked 
|   7|0x0000000080700000, 0x0000000080800000, 0x0000000080800000|100%| O|  |TAMS 0x0000000080800000, 0x0000000080700000| Untracked 
|   8|0x0000000080800000, 0x0000000080900000, 0x0000000080900000|100%| O|  |TAMS 0x0000000080900000, 0x0000000080800000| Untracked 
|   9|0x0000000080900000, 0x0000000080a00000, 0x0000000080a00000|100%| O|  |TAMS 0x0000000080a00000, 0x0000000080900000| Untracked 
|  10|0x0000000080a00000, 0x0000000080b00000, 0x0000000080b00000|100%| O|  |TAMS 0x0000000080b00000, 0x0000000080a00000| Untracked 
|  11|0x0000000080b00000, 0x0000000080c00000, 0x0000000080c00000|100%| O|  |TAMS 0x0000000080c00000, 0x0000000080b00000| Complete 
|  12|0x0000000080c00000, 0x0000000080d00000, 0x0000000080d00000|100%| O|  |TAMS 0x0000000080d00000, 0x0000000080c00000| Untracked 
|  13|0x0000000080d00000, 0x0000000080e00000, 0x0000000080e00000|100%| O|  |TAMS 0x0000000080e00000, 0x0000000080d00000| Untracked 
|  14|0x0000000080e00000, 0x0000000080f00000, 0x0000000080f00000|100%| O|  |TAMS 0x0000000080f00000, 0x0000000080e00000| Untracked 
|  15|0x0000000080f00000, 0x0000000081000000, 0x0000000081000000|100%| O|  |TAMS 0x0000000081000000, 0x0000000080f00000| Untracked 
|  16|0x0000000081000000, 0x0000000081100000, 0x0000000081100000|100%|HS|  |TAMS 0x0000000081100000, 0x0000000081000000| Complete 
|  17|0x0000000081100000, 0x0000000081200000, 0x0000000081200000|100%| O|  |TAMS 0x0000000081200000, 0x0000000081100000| Untracked 
|  18|0x0000000081200000, 0x0000000081300000, 0x0000000081300000|100%| O|  |TAMS 0x0000000081300000, 0x0000000081200000| Untracked 
|  19|0x0000000081300000, 0x0000000081400000, 0x0000000081400000|100%| O|  |TAMS 0x0000000081400000, 0x0000000081300000| Untracked 
|  20|0x0000000081400000, 0x0000000081500000, 0x0000000081500000|100%| O|  |TAMS 0x0000000081500000, 0x0000000081400000| Untracked 
|  21|0x0000000081500000, 0x0000000081600000, 0x0000000081600000|100%| O|  |TAMS 0x0000000081600000, 0x0000000081500000| Untracked 
|  22|0x0000000081600000, 0x0000000081700000, 0x0000000081700000|100%| O|  |TAMS 0x0000000081700000, 0x0000000081600000| Untracked 
|  23|0x0000000081700000, 0x0000000081800000, 0x0000000081800000|100%|HS|  |TAMS 0x0000000081800000, 0x0000000081700000| Complete 
|  24|0x0000000081800000, 0x0000000081900000, 0x0000000081900000|100%|HS|  |TAMS 0x0000000081900000, 0x0000000081800000| Complete 
|  25|0x0000000081900000, 0x0000000081a00000, 0x0000000081a00000|100%|HC|  |TAMS 0x0000000081a00000, 0x0000000081900000| Complete 
|  26|0x0000000081a00000, 0x0000000081b00000, 0x0000000081b00000|100%| O|  |TAMS 0x0000000081b00000, 0x0000000081a00000| Untracked 
|  27|0x0000000081b00000, 0x0000000081c00000, 0x0000000081c00000|100%| O|  |TAMS 0x0000000081c00000, 0x0000000081b00000| Untracked 
|  28|0x0000000081c00000, 0x0000000081d00000, 0x0000000081d00000|100%| O|  |TAMS 0x0000000081d00000, 0x0000000081c00000| Untracked 
|  29|0x0000000081d00000, 0x0000000081e00000, 0x0000000081e00000|100%| O|  |TAMS 0x0000000081e00000, 0x0000000081d00000| Untracked 
|  30|0x0000000081e00000, 0x0000000081f00000, 0x0000000081f00000|100%| O|  |TAMS 0x0000000081f00000, 0x0000000081e00000| Complete 
|  31|0x0000000081f00000, 0x0000000082000000, 0x0000000082000000|100%| O|  |TAMS 0x0000000082000000, 0x0000000081f00000| Untracked 
|  32|0x0000000082000000, 0x0000000082100000, 0x0000000082100000|100%| O|  |TAMS 0x0000000082100000, 0x0000000082000000| Untracked 
|  33|0x0000000082100000, 0x0000000082200000, 0x0000000082200000|100%| O|  |TAMS 0x0000000082200000, 0x0000000082100000| Complete 
|  34|0x0000000082200000, 0x0000000082300000, 0x0000000082300000|100%| O|  |TAMS 0x0000000082300000, 0x0000000082200000| Untracked 
|  35|0x0000000082300000, 0x0000000082400000, 0x0000000082400000|100%| O|  |TAMS 0x0000000082400000, 0x0000000082300000| Complete 
|  36|0x0000000082400000, 0x0000000082500000, 0x0000000082500000|100%| O|  |TAMS 0x0000000082500000, 0x0000000082400000| Untracked 
|  37|0x0000000082500000, 0x0000000082600000, 0x0000000082600000|100%| O|  |TAMS 0x0000000082600000, 0x0000000082500000| Untracked 
|  38|0x0000000082600000, 0x0000000082700000, 0x0000000082700000|100%| O|  |TAMS 0x0000000082700000, 0x0000000082600000| Untracked 
|  39|0x0000000082700000, 0x0000000082800000, 0x0000000082800000|100%| O|  |TAMS 0x0000000082800000, 0x0000000082700000| Untracked 
|  40|0x0000000082800000, 0x0000000082900000, 0x0000000082900000|100%| O|  |TAMS 0x0000000082900000, 0x0000000082800000| Untracked 
|  41|0x0000000082900000, 0x0000000082a00000, 0x0000000082a00000|100%| O|  |TAMS 0x0000000082a00000, 0x0000000082900000| Complete 
|  42|0x0000000082a00000, 0x0000000082b00000, 0x0000000082b00000|100%| O|  |TAMS 0x0000000082b00000, 0x0000000082a00000| Complete 
|  43|0x0000000082b00000, 0x0000000082c00000, 0x0000000082c00000|100%| O|  |TAMS 0x0000000082c00000, 0x0000000082b00000| Untracked 
|  44|0x0000000082c00000, 0x0000000082d00000, 0x0000000082d00000|100%| O|  |TAMS 0x0000000082d00000, 0x0000000082c00000| Complete 
|  45|0x0000000082d00000, 0x0000000082e00000, 0x0000000082e00000|100%| O|  |TAMS 0x0000000082e00000, 0x0000000082d00000| Untracked 
|  46|0x0000000082e00000, 0x0000000082f00000, 0x0000000082f00000|100%| O|  |TAMS 0x0000000082f00000, 0x0000000082e00000| Untracked 
|  47|0x0000000082f00000, 0x0000000083000000, 0x0000000083000000|100%| O|  |TAMS 0x0000000083000000, 0x0000000082f00000| Untracked 
|  48|0x0000000083000000, 0x0000000083100000, 0x0000000083100000|100%| O|  |TAMS 0x0000000083100000, 0x0000000083000000| Untracked 
|  49|0x0000000083100000, 0x0000000083200000, 0x0000000083200000|100%| O|  |TAMS 0x0000000083200000, 0x0000000083100000| Untracked 
|  50|0x0000000083200000, 0x0000000083300000, 0x0000000083300000|100%| O|  |TAMS 0x0000000083300000, 0x0000000083200000| Untracked 
|  51|0x0000000083300000, 0x0000000083400000, 0x0000000083400000|100%| O|  |TAMS 0x0000000083400000, 0x0000000083300000| Untracked 
|  52|0x0000000083400000, 0x0000000083500000, 0x0000000083500000|100%| O|  |TAMS 0x0000000083500000, 0x0000000083400000| Untracked 
|  53|0x0000000083500000, 0x0000000083600000, 0x0000000083600000|100%| O|  |TAMS 0x0000000083600000, 0x0000000083500000| Untracked 
|  54|0x0000000083600000, 0x0000000083600000, 0x0000000083700000|  0%| F|  |TAMS 0x0000000083600000, 0x0000000083600000| Untracked 
|  55|0x0000000083700000, 0x0000000083800000, 0x0000000083800000|100%| O|  |TAMS 0x0000000083800000, 0x0000000083700000| Untracked 
|  56|0x0000000083800000, 0x0000000083900000, 0x0000000083900000|100%| O|  |TAMS 0x0000000083900000, 0x0000000083800000| Untracked 
|  57|0x0000000083900000, 0x0000000083a00000, 0x0000000083a00000|100%| O|  |TAMS 0x0000000083a00000, 0x0000000083900000| Untracked 
|  58|0x0000000083a00000, 0x0000000083b00000, 0x0000000083b00000|100%| O|  |TAMS 0x0000000083b00000, 0x0000000083a00000| Untracked 
|  59|0x0000000083b00000, 0x0000000083c00000, 0x0000000083c00000|100%| O|  |TAMS 0x0000000083c00000, 0x0000000083b00000| Complete 
|  60|0x0000000083c00000, 0x0000000083d00000, 0x0000000083d00000|100%| O|  |TAMS 0x0000000083d00000, 0x0000000083c00000| Untracked 
|  61|0x0000000083d00000, 0x0000000083e00000, 0x0000000083e00000|100%| O|  |TAMS 0x0000000083e00000, 0x0000000083d00000| Untracked 
|  62|0x0000000083e00000, 0x0000000083f00000, 0x0000000083f00000|100%| O|  |TAMS 0x0000000083f00000, 0x0000000083e00000| Untracked 
|  63|0x0000000083f00000, 0x0000000084000000, 0x0000000084000000|100%| O|  |TAMS 0x0000000084000000, 0x0000000083f00000| Complete 
|  64|0x0000000084000000, 0x0000000084100000, 0x0000000084100000|100%| O|  |TAMS 0x0000000084100000, 0x0000000084000000| Complete 
|  65|0x0000000084100000, 0x0000000084200000, 0x0000000084200000|100%| O|  |TAMS 0x0000000084200000, 0x0000000084100000| Untracked 
|  66|0x0000000084200000, 0x0000000084300000, 0x0000000084300000|100%| O|  |TAMS 0x0000000084300000, 0x0000000084200000| Untracked 
|  67|0x0000000084300000, 0x0000000084400000, 0x0000000084400000|100%| O|  |TAMS 0x0000000084400000, 0x0000000084300000| Untracked 
|  68|0x0000000084400000, 0x0000000084500000, 0x0000000084500000|100%| O|  |TAMS 0x0000000084500000, 0x0000000084400000| Untracked 
|  69|0x0000000084500000, 0x0000000084600000, 0x0000000084600000|100%| O|  |TAMS 0x0000000084600000, 0x0000000084500000| Complete 
|  70|0x0000000084600000, 0x0000000084700000, 0x0000000084700000|100%|HS|  |TAMS 0x0000000084700000, 0x0000000084600000| Complete 
|  71|0x0000000084700000, 0x0000000084800000, 0x0000000084800000|100%|HC|  |TAMS 0x0000000084800000, 0x0000000084700000| Complete 
|  72|0x0000000084800000, 0x0000000084900000, 0x0000000084900000|100%|HS|  |TAMS 0x0000000084900000, 0x0000000084800000| Complete 
|  73|0x0000000084900000, 0x0000000084a00000, 0x0000000084a00000|100%|HS|  |TAMS 0x0000000084a00000, 0x0000000084900000| Complete 
|  74|0x0000000084a00000, 0x0000000084b00000, 0x0000000084b00000|100%|HS|  |TAMS 0x0000000084b00000, 0x0000000084a00000| Complete 
|  75|0x0000000084b00000, 0x0000000084c00000, 0x0000000084c00000|100%|HS|  |TAMS 0x0000000084c00000, 0x0000000084b00000| Complete 
|  76|0x0000000084c00000, 0x0000000084d00000, 0x0000000084d00000|100%|HS|  |TAMS 0x0000000084d00000, 0x0000000084c00000| Complete 
|  77|0x0000000084d00000, 0x0000000084e00000, 0x0000000084e00000|100%|HS|  |TAMS 0x0000000084e00000, 0x0000000084d00000| Complete 
|  78|0x0000000084e00000, 0x0000000084f00000, 0x0000000084f00000|100%| O|  |TAMS 0x0000000084f00000, 0x0000000084e00000| Complete 
|  79|0x0000000084f00000, 0x0000000084f00000, 0x0000000085000000|  0%| F|  |TAMS 0x0000000084f00000, 0x0000000084f00000| Untracked 
|  80|0x0000000085000000, 0x0000000085100000, 0x0000000085100000|100%|HS|  |TAMS 0x0000000085100000, 0x0000000085000000| Complete 
|  81|0x0000000085100000, 0x0000000085200000, 0x0000000085200000|100%| O|  |TAMS 0x0000000085200000, 0x0000000085100000| Complete 
|  82|0x0000000085200000, 0x0000000085300000, 0x0000000085300000|100%|HS|  |TAMS 0x0000000085300000, 0x0000000085200000| Complete 
|  83|0x0000000085300000, 0x0000000085400000, 0x0000000085400000|100%| O|  |TAMS 0x0000000085400000, 0x0000000085300000| Untracked 
|  84|0x0000000085400000, 0x0000000085500000, 0x0000000085500000|100%| O|  |TAMS 0x0000000085500000, 0x0000000085400000| Untracked 
|  85|0x0000000085500000, 0x0000000085600000, 0x0000000085600000|100%| O|  |TAMS 0x0000000085600000, 0x0000000085500000| Untracked 
|  86|0x0000000085600000, 0x0000000085700000, 0x0000000085700000|100%| O|  |TAMS 0x0000000085700000, 0x0000000085600000| Untracked 
|  87|0x0000000085700000, 0x0000000085800000, 0x0000000085800000|100%| O|  |TAMS 0x0000000085800000, 0x0000000085700000| Complete 
|  88|0x0000000085800000, 0x0000000085900000, 0x0000000085900000|100%| O|  |TAMS 0x0000000085900000, 0x0000000085800000| Untracked 
|  89|0x0000000085900000, 0x0000000085a00000, 0x0000000085a00000|100%| O|  |TAMS 0x0000000085a00000, 0x0000000085900000| Untracked 
|  90|0x0000000085a00000, 0x0000000085b00000, 0x0000000085b00000|100%| O|  |TAMS 0x0000000085b00000, 0x0000000085a00000| Untracked 
|  91|0x0000000085b00000, 0x0000000085c00000, 0x0000000085c00000|100%| O|  |TAMS 0x0000000085c00000, 0x0000000085b00000| Untracked 
|  92|0x0000000085c00000, 0x0000000085d00000, 0x0000000085d00000|100%| O|  |TAMS 0x0000000085d00000, 0x0000000085c00000| Complete 
|  93|0x0000000085d00000, 0x0000000085e00000, 0x0000000085e00000|100%| O|  |TAMS 0x0000000085e00000, 0x0000000085d00000| Complete 
|  94|0x0000000085e00000, 0x0000000085f00000, 0x0000000085f00000|100%| O|  |TAMS 0x0000000085f00000, 0x0000000085e00000| Untracked 
|  95|0x0000000085f00000, 0x0000000086000000, 0x0000000086000000|100%| O|  |TAMS 0x0000000086000000, 0x0000000085f00000| Complete 
|  96|0x0000000086000000, 0x0000000086100000, 0x0000000086100000|100%| O|  |TAMS 0x0000000086100000, 0x0000000086000000| Complete 
|  97|0x0000000086100000, 0x0000000086200000, 0x0000000086200000|100%| O|  |TAMS 0x0000000086200000, 0x0000000086100000| Complete 
|  98|0x0000000086200000, 0x0000000086300000, 0x0000000086300000|100%| O|  |TAMS 0x0000000086300000, 0x0000000086200000| Complete 
|  99|0x0000000086300000, 0x0000000086400000, 0x0000000086400000|100%|HS|  |TAMS 0x0000000086300000, 0x0000000086300000| Complete 
| 100|0x0000000086400000, 0x0000000086500000, 0x0000000086500000|100%| O|  |TAMS 0x0000000086500000, 0x0000000086400000| Complete 
| 101|0x0000000086500000, 0x0000000086500000, 0x0000000086600000|  0%| F|  |TAMS 0x0000000086500000, 0x0000000086500000| Untracked 
| 102|0x0000000086600000, 0x0000000086700000, 0x0000000086700000|100%| O|  |TAMS 0x0000000086700000, 0x0000000086600000| Complete 
| 103|0x0000000086700000, 0x0000000086800000, 0x0000000086800000|100%| O|  |TAMS 0x0000000086800000, 0x0000000086700000| Complete 
| 104|0x0000000086800000, 0x0000000086900000, 0x0000000086900000|100%| O|  |TAMS 0x0000000086900000, 0x0000000086800000| Untracked 
| 105|0x0000000086900000, 0x0000000086a00000, 0x0000000086a00000|100%| O|  |TAMS 0x0000000086a00000, 0x0000000086900000| Untracked 
| 106|0x0000000086a00000, 0x0000000086b00000, 0x0000000086b00000|100%| O|  |TAMS 0x0000000086b00000, 0x0000000086a00000| Untracked 
| 107|0x0000000086b00000, 0x0000000086c00000, 0x0000000086c00000|100%| O|  |TAMS 0x0000000086c00000, 0x0000000086b00000| Untracked 
| 108|0x0000000086c00000, 0x0000000086d00000, 0x0000000086d00000|100%| O|  |TAMS 0x0000000086d00000, 0x0000000086c00000| Untracked 
| 109|0x0000000086d00000, 0x0000000086e00000, 0x0000000086e00000|100%| O|  |TAMS 0x0000000086e00000, 0x0000000086d00000| Untracked 
| 110|0x0000000086e00000, 0x0000000086f00000, 0x0000000086f00000|100%| O|  |TAMS 0x0000000086f00000, 0x0000000086e00000| Untracked 
| 111|0x0000000086f00000, 0x0000000087000000, 0x0000000087000000|100%| O|  |TAMS 0x0000000087000000, 0x0000000086f00000| Untracked 
| 112|0x0000000087000000, 0x0000000087100000, 0x0000000087100000|100%| O|  |TAMS 0x0000000087100000, 0x0000000087000000| Complete 
| 113|0x0000000087100000, 0x0000000087200000, 0x0000000087200000|100%| O|  |TAMS 0x0000000087200000, 0x0000000087100000| Untracked 
| 114|0x0000000087200000, 0x0000000087300000, 0x0000000087300000|100%| O|  |TAMS 0x0000000087300000, 0x0000000087200000| Untracked 
| 115|0x0000000087300000, 0x0000000087400000, 0x0000000087400000|100%| O|  |TAMS 0x0000000087400000, 0x0000000087300000| Untracked 
| 116|0x0000000087400000, 0x0000000087500000, 0x0000000087500000|100%| O|  |TAMS 0x0000000087500000, 0x0000000087400000| Untracked 
| 117|0x0000000087500000, 0x0000000087600000, 0x0000000087600000|100%| O|  |TAMS 0x0000000087600000, 0x0000000087500000| Untracked 
| 118|0x0000000087600000, 0x0000000087700000, 0x0000000087700000|100%| O|  |TAMS 0x0000000087700000, 0x0000000087600000| Untracked 
| 119|0x0000000087700000, 0x0000000087800000, 0x0000000087800000|100%| O|  |TAMS 0x0000000087800000, 0x0000000087700000| Complete 
| 120|0x0000000087800000, 0x0000000087900000, 0x0000000087900000|100%| O|  |TAMS 0x0000000087900000, 0x0000000087800000| Complete 
| 121|0x0000000087900000, 0x0000000087a00000, 0x0000000087a00000|100%| O|  |TAMS 0x0000000087a00000, 0x0000000087900000| Untracked 
| 122|0x0000000087a00000, 0x0000000087b00000, 0x0000000087b00000|100%| O|  |TAMS 0x0000000087b00000, 0x0000000087a00000| Untracked 
| 123|0x0000000087b00000, 0x0000000087c00000, 0x0000000087c00000|100%| O|  |TAMS 0x0000000087c00000, 0x0000000087b00000| Complete 
| 124|0x0000000087c00000, 0x0000000087d00000, 0x0000000087d00000|100%| O|  |TAMS 0x0000000087d00000, 0x0000000087c00000| Complete 
| 125|0x0000000087d00000, 0x0000000087e00000, 0x0000000087e00000|100%| O|  |TAMS 0x0000000087e00000, 0x0000000087d00000| Untracked 
| 126|0x0000000087e00000, 0x0000000087f00000, 0x0000000087f00000|100%| O|  |TAMS 0x0000000087f00000, 0x0000000087e00000| Complete 
| 127|0x0000000087f00000, 0x0000000088000000, 0x0000000088000000|100%| O|  |TAMS 0x0000000088000000, 0x0000000087f00000| Untracked 
| 128|0x0000000088000000, 0x0000000088100000, 0x0000000088100000|100%| O|  |TAMS 0x0000000088100000, 0x0000000088000000| Untracked 
| 129|0x0000000088100000, 0x0000000088200000, 0x0000000088200000|100%| O|  |TAMS 0x0000000088200000, 0x0000000088100000| Complete 
| 130|0x0000000088200000, 0x0000000088300000, 0x0000000088300000|100%| O|  |TAMS 0x0000000088300000, 0x0000000088200000| Untracked 
| 131|0x0000000088300000, 0x0000000088400000, 0x0000000088400000|100%| O|  |TAMS 0x0000000088400000, 0x0000000088300000| Complete 
| 132|0x0000000088400000, 0x0000000088500000, 0x0000000088500000|100%| O|  |TAMS 0x0000000088500000, 0x0000000088400000| Complete 
| 133|0x0000000088500000, 0x0000000088600000, 0x0000000088600000|100%| O|  |TAMS 0x0000000088600000, 0x0000000088500000| Untracked 
| 134|0x0000000088600000, 0x0000000088700000, 0x0000000088700000|100%| O|  |TAMS 0x0000000088700000, 0x0000000088600000| Complete 
| 135|0x0000000088700000, 0x0000000088800000, 0x0000000088800000|100%| O|  |TAMS 0x0000000088800000, 0x0000000088700000| Complete 
| 136|0x0000000088800000, 0x0000000088900000, 0x0000000088900000|100%| O|  |TAMS 0x0000000088900000, 0x0000000088800000| Untracked 
| 137|0x0000000088900000, 0x0000000088a00000, 0x0000000088a00000|100%| O|  |TAMS 0x0000000088a00000, 0x0000000088900000| Untracked 
| 138|0x0000000088a00000, 0x0000000088b00000, 0x0000000088b00000|100%| O|  |TAMS 0x0000000088b00000, 0x0000000088a00000| Untracked 
| 139|0x0000000088b00000, 0x0000000088c00000, 0x0000000088c00000|100%| O|  |TAMS 0x0000000088c00000, 0x0000000088b00000| Untracked 
| 140|0x0000000088c00000, 0x0000000088d00000, 0x0000000088d00000|100%| O|  |TAMS 0x0000000088d00000, 0x0000000088c00000| Untracked 
| 141|0x0000000088d00000, 0x0000000088e00000, 0x0000000088e00000|100%| O|  |TAMS 0x0000000088e00000, 0x0000000088d00000| Complete 
| 142|0x0000000088e00000, 0x0000000088f00000, 0x0000000088f00000|100%| O|  |TAMS 0x0000000088f00000, 0x0000000088e00000| Untracked 
| 143|0x0000000088f00000, 0x0000000088f00000, 0x0000000089000000|  0%| F|  |TAMS 0x0000000088f00000, 0x0000000088f00000| Untracked 
| 144|0x0000000089000000, 0x0000000089100000, 0x0000000089100000|100%| O|  |TAMS 0x0000000089100000, 0x0000000089000000| Complete 
| 145|0x0000000089100000, 0x0000000089200000, 0x0000000089200000|100%| O|  |TAMS 0x0000000089200000, 0x0000000089100000| Complete 
| 146|0x0000000089200000, 0x0000000089200000, 0x0000000089300000|  0%| F|  |TAMS 0x0000000089200000, 0x0000000089200000| Untracked 
| 147|0x0000000089300000, 0x0000000089400000, 0x0000000089400000|100%| O|  |TAMS 0x0000000089400000, 0x0000000089300000| Complete 
| 148|0x0000000089400000, 0x0000000089500000, 0x0000000089500000|100%| O|  |TAMS 0x0000000089500000, 0x0000000089400000| Untracked 
| 149|0x0000000089500000, 0x0000000089600000, 0x0000000089600000|100%| O|  |TAMS 0x0000000089600000, 0x0000000089500000| Untracked 
| 150|0x0000000089600000, 0x0000000089700000, 0x0000000089700000|100%| O|  |TAMS 0x0000000089700000, 0x0000000089600000| Untracked 
| 151|0x0000000089700000, 0x0000000089800000, 0x0000000089800000|100%| O|  |TAMS 0x0000000089800000, 0x0000000089700000| Untracked 
| 152|0x0000000089800000, 0x0000000089900000, 0x0000000089900000|100%| O|  |TAMS 0x0000000089900000, 0x0000000089800000| Untracked 
| 153|0x0000000089900000, 0x0000000089a00000, 0x0000000089a00000|100%| O|  |TAMS 0x0000000089a00000, 0x0000000089900000| Untracked 
| 154|0x0000000089a00000, 0x0000000089b00000, 0x0000000089b00000|100%| O|  |TAMS 0x0000000089b00000, 0x0000000089a00000| Untracked 
| 155|0x0000000089b00000, 0x0000000089c00000, 0x0000000089c00000|100%| O|  |TAMS 0x0000000089c00000, 0x0000000089b00000| Untracked 
| 156|0x0000000089c00000, 0x0000000089d00000, 0x0000000089d00000|100%| O|  |TAMS 0x0000000089d00000, 0x0000000089c00000| Complete 
| 157|0x0000000089d00000, 0x0000000089e00000, 0x0000000089e00000|100%| O|  |TAMS 0x0000000089e00000, 0x0000000089d00000| Complete 
| 158|0x0000000089e00000, 0x0000000089f00000, 0x0000000089f00000|100%| O|  |TAMS 0x0000000089f00000, 0x0000000089e00000| Complete 
| 159|0x0000000089f00000, 0x000000008a000000, 0x000000008a000000|100%| O|  |TAMS 0x000000008a000000, 0x0000000089f00000| Complete 
| 160|0x000000008a000000, 0x000000008a100000, 0x000000008a100000|100%|HS|  |TAMS 0x000000008a000000, 0x000000008a000000| Complete 
| 161|0x000000008a100000, 0x000000008a200000, 0x000000008a200000|100%|HC|  |TAMS 0x000000008a100000, 0x000000008a100000| Complete 
| 162|0x000000008a200000, 0x000000008a300000, 0x000000008a300000|100%| O|  |TAMS 0x000000008a300000, 0x000000008a200000| Untracked 
| 163|0x000000008a300000, 0x000000008a400000, 0x000000008a400000|100%| O|  |TAMS 0x000000008a400000, 0x000000008a300000| Untracked 
| 164|0x000000008a400000, 0x000000008a500000, 0x000000008a500000|100%| O|  |TAMS 0x000000008a500000, 0x000000008a400000| Complete 
| 165|0x000000008a500000, 0x000000008a600000, 0x000000008a600000|100%| O|  |TAMS 0x000000008a600000, 0x000000008a500000| Untracked 
| 166|0x000000008a600000, 0x000000008a700000, 0x000000008a700000|100%| O|  |TAMS 0x000000008a700000, 0x000000008a600000| Complete 
| 167|0x000000008a700000, 0x000000008a800000, 0x000000008a800000|100%|HS|  |TAMS 0x000000008a700000, 0x000000008a700000| Complete 
| 168|0x000000008a800000, 0x000000008a800000, 0x000000008a900000|  0%| F|  |TAMS 0x000000008a800000, 0x000000008a800000| Untracked 
| 169|0x000000008a900000, 0x000000008aa00000, 0x000000008aa00000|100%| O|  |TAMS 0x000000008aa00000, 0x000000008a900000| Untracked 
| 170|0x000000008aa00000, 0x000000008ab00000, 0x000000008ab00000|100%| O|  |TAMS 0x000000008ab00000, 0x000000008aa00000| Untracked 
| 171|0x000000008ab00000, 0x000000008ab00000, 0x000000008ac00000|  0%| F|  |TAMS 0x000000008ab00000, 0x000000008ab00000| Untracked 
| 172|0x000000008ac00000, 0x000000008ad00000, 0x000000008ad00000|100%| O|  |TAMS 0x000000008ad00000, 0x000000008ac00000| Untracked 
| 173|0x000000008ad00000, 0x000000008ae00000, 0x000000008ae00000|100%| O|  |TAMS 0x000000008ae00000, 0x000000008ad00000| Untracked 
| 174|0x000000008ae00000, 0x000000008af00000, 0x000000008af00000|100%| O|  |TAMS 0x000000008af00000, 0x000000008ae00000| Untracked 
| 175|0x000000008af00000, 0x000000008b000000, 0x000000008b000000|100%| O|  |TAMS 0x000000008b000000, 0x000000008af00000| Untracked 
| 176|0x000000008b000000, 0x000000008b100000, 0x000000008b100000|100%| O|  |TAMS 0x000000008b100000, 0x000000008b000000| Complete 
| 177|0x000000008b100000, 0x000000008b200000, 0x000000008b200000|100%| O|  |TAMS 0x000000008b156c00, 0x000000008b100000| Untracked 
| 178|0x000000008b200000, 0x000000008b300000, 0x000000008b300000|100%|HS|  |TAMS 0x000000008b200000, 0x000000008b200000| Complete 
| 179|0x000000008b300000, 0x000000008b400000, 0x000000008b400000|100%|HC|  |TAMS 0x000000008b300000, 0x000000008b300000| Complete 
| 180|0x000000008b400000, 0x000000008b500000, 0x000000008b500000|100%|HS|  |TAMS 0x000000008b400000, 0x000000008b400000| Complete 
| 181|0x000000008b500000, 0x000000008b600000, 0x000000008b600000|100%|HS|  |TAMS 0x000000008b500000, 0x000000008b500000| Complete 
| 182|0x000000008b600000, 0x000000008b700000, 0x000000008b700000|100%|HC|  |TAMS 0x000000008b600000, 0x000000008b600000| Complete 
| 183|0x000000008b700000, 0x000000008b800000, 0x000000008b800000|100%| O|  |TAMS 0x000000008b700000, 0x000000008b700000| Untracked 
| 184|0x000000008b800000, 0x000000008b900000, 0x000000008b900000|100%| O|  |TAMS 0x000000008b800000, 0x000000008b800000| Untracked 
| 185|0x000000008b900000, 0x000000008ba00000, 0x000000008ba00000|100%| O|  |TAMS 0x000000008b900000, 0x000000008b900000| Untracked 
| 186|0x000000008ba00000, 0x000000008bb00000, 0x000000008bb00000|100%| O|  |TAMS 0x000000008ba00000, 0x000000008ba00000| Untracked 
| 187|0x000000008bb00000, 0x000000008bc00000, 0x000000008bc00000|100%| O|  |TAMS 0x000000008bb00000, 0x000000008bb00000| Untracked 
| 188|0x000000008bc00000, 0x000000008bd00000, 0x000000008bd00000|100%| O|  |TAMS 0x000000008bc00000, 0x000000008bc00000| Untracked 
| 189|0x000000008bd00000, 0x000000008be00000, 0x000000008be00000|100%| O|  |TAMS 0x000000008bd00000, 0x000000008bd00000| Untracked 
| 190|0x000000008be00000, 0x000000008bf00000, 0x000000008bf00000|100%| O|  |TAMS 0x000000008be00000, 0x000000008be00000| Untracked 
| 191|0x000000008bf00000, 0x000000008c000000, 0x000000008c000000|100%| O|  |TAMS 0x000000008bf00000, 0x000000008bf00000| Untracked 
| 192|0x000000008c000000, 0x000000008c0ee400, 0x000000008c100000| 93%| O|  |TAMS 0x000000008c000000, 0x000000008c000000| Untracked 
| 193|0x000000008c100000, 0x000000008c100000, 0x000000008c200000|  0%| F|  |TAMS 0x000000008c100000, 0x000000008c100000| Untracked 
| 194|0x000000008c200000, 0x000000008c200000, 0x000000008c300000|  0%| F|  |TAMS 0x000000008c200000, 0x000000008c200000| Untracked 
| 195|0x000000008c300000, 0x000000008c300000, 0x000000008c400000|  0%| F|  |TAMS 0x000000008c300000, 0x000000008c300000| Untracked 
| 196|0x000000008c400000, 0x000000008c400000, 0x000000008c500000|  0%| F|  |TAMS 0x000000008c400000, 0x000000008c400000| Untracked 
| 197|0x000000008c500000, 0x000000008c500000, 0x000000008c600000|  0%| F|  |TAMS 0x000000008c500000, 0x000000008c500000| Untracked 
| 198|0x000000008c600000, 0x000000008c600000, 0x000000008c700000|  0%| F|  |TAMS 0x000000008c600000, 0x000000008c600000| Untracked 
| 199|0x000000008c700000, 0x000000008c700000, 0x000000008c800000|  0%| F|  |TAMS 0x000000008c700000, 0x000000008c700000| Untracked 
| 200|0x000000008c800000, 0x000000008c800000, 0x000000008c900000|  0%| F|  |TAMS 0x000000008c800000, 0x000000008c800000| Untracked 
| 201|0x000000008c900000, 0x000000008c900000, 0x000000008ca00000|  0%| F|  |TAMS 0x000000008c900000, 0x000000008c900000| Untracked 
| 202|0x000000008ca00000, 0x000000008ca00000, 0x000000008cb00000|  0%| F|  |TAMS 0x000000008ca00000, 0x000000008ca00000| Untracked 
| 203|0x000000008cb00000, 0x000000008cb00000, 0x000000008cc00000|  0%| F|  |TAMS 0x000000008cb00000, 0x000000008cb00000| Untracked 
| 204|0x000000008cc00000, 0x000000008cc00000, 0x000000008cd00000|  0%| F|  |TAMS 0x000000008cc00000, 0x000000008cc00000| Untracked 
| 205|0x000000008cd00000, 0x000000008cd00000, 0x000000008ce00000|  0%| F|  |TAMS 0x000000008cd00000, 0x000000008cd00000| Untracked 
| 206|0x000000008ce00000, 0x000000008ce00000, 0x000000008cf00000|  0%| F|  |TAMS 0x000000008ce00000, 0x000000008ce00000| Untracked 
| 207|0x000000008cf00000, 0x000000008cf00000, 0x000000008d000000|  0%| F|  |TAMS 0x000000008cf00000, 0x000000008cf00000| Untracked 
| 208|0x000000008d000000, 0x000000008d000000, 0x000000008d100000|  0%| F|  |TAMS 0x000000008d000000, 0x000000008d000000| Untracked 
| 209|0x000000008d100000, 0x000000008d100000, 0x000000008d200000|  0%| F|  |TAMS 0x000000008d100000, 0x000000008d100000| Untracked 
| 210|0x000000008d200000, 0x000000008d200000, 0x000000008d300000|  0%| F|  |TAMS 0x000000008d200000, 0x000000008d200000| Untracked 
| 211|0x000000008d300000, 0x000000008d300000, 0x000000008d400000|  0%| F|  |TAMS 0x000000008d300000, 0x000000008d300000| Untracked 
| 212|0x000000008d400000, 0x000000008d400000, 0x000000008d500000|  0%| F|  |TAMS 0x000000008d400000, 0x000000008d400000| Untracked 
| 213|0x000000008d500000, 0x000000008d500000, 0x000000008d600000|  0%| F|  |TAMS 0x000000008d500000, 0x000000008d500000| Untracked 
| 214|0x000000008d600000, 0x000000008d600000, 0x000000008d700000|  0%| F|  |TAMS 0x000000008d600000, 0x000000008d600000| Untracked 
| 215|0x000000008d700000, 0x000000008d700000, 0x000000008d800000|  0%| F|  |TAMS 0x000000008d700000, 0x000000008d700000| Untracked 
| 216|0x000000008d800000, 0x000000008d800000, 0x000000008d900000|  0%| F|  |TAMS 0x000000008d800000, 0x000000008d800000| Untracked 
| 217|0x000000008d900000, 0x000000008d900000, 0x000000008da00000|  0%| F|  |TAMS 0x000000008d900000, 0x000000008d900000| Untracked 
| 218|0x000000008da00000, 0x000000008da00000, 0x000000008db00000|  0%| F|  |TAMS 0x000000008da00000, 0x000000008da00000| Untracked 
| 219|0x000000008db00000, 0x000000008db00000, 0x000000008dc00000|  0%| F|  |TAMS 0x000000008db00000, 0x000000008db00000| Untracked 
| 220|0x000000008dc00000, 0x000000008dc00000, 0x000000008dd00000|  0%| F|  |TAMS 0x000000008dc00000, 0x000000008dc00000| Untracked 
| 221|0x000000008dd00000, 0x000000008dd00000, 0x000000008de00000|  0%| F|  |TAMS 0x000000008dd00000, 0x000000008dd00000| Untracked 
| 222|0x000000008de00000, 0x000000008de00000, 0x000000008df00000|  0%| F|  |TAMS 0x000000008de00000, 0x000000008de00000| Untracked 
| 223|0x000000008df00000, 0x000000008df00000, 0x000000008e000000|  0%| F|  |TAMS 0x000000008df00000, 0x000000008df00000| Untracked 
| 224|0x000000008e000000, 0x000000008e000000, 0x000000008e100000|  0%| F|  |TAMS 0x000000008e000000, 0x000000008e000000| Untracked 
| 225|0x000000008e100000, 0x000000008e100000, 0x000000008e200000|  0%| F|  |TAMS 0x000000008e100000, 0x000000008e100000| Untracked 
| 226|0x000000008e200000, 0x000000008e200000, 0x000000008e300000|  0%| F|  |TAMS 0x000000008e200000, 0x000000008e200000| Untracked 
| 227|0x000000008e300000, 0x000000008e300000, 0x000000008e400000|  0%| F|  |TAMS 0x000000008e300000, 0x000000008e300000| Untracked 
| 228|0x000000008e400000, 0x000000008e400000, 0x000000008e500000|  0%| F|  |TAMS 0x000000008e400000, 0x000000008e400000| Untracked 
| 229|0x000000008e500000, 0x000000008e500000, 0x000000008e600000|  0%| F|  |TAMS 0x000000008e500000, 0x000000008e500000| Untracked 
| 230|0x000000008e600000, 0x000000008e600000, 0x000000008e700000|  0%| F|  |TAMS 0x000000008e600000, 0x000000008e600000| Untracked 
| 231|0x000000008e700000, 0x000000008e700000, 0x000000008e800000|  0%| F|  |TAMS 0x000000008e700000, 0x000000008e700000| Untracked 
| 232|0x000000008e800000, 0x000000008e800000, 0x000000008e900000|  0%| F|  |TAMS 0x000000008e800000, 0x000000008e800000| Untracked 
| 233|0x000000008e900000, 0x000000008e900000, 0x000000008ea00000|  0%| F|  |TAMS 0x000000008e900000, 0x000000008e900000| Untracked 
| 234|0x000000008ea00000, 0x000000008ea00000, 0x000000008eb00000|  0%| F|  |TAMS 0x000000008ea00000, 0x000000008ea00000| Untracked 
| 235|0x000000008eb00000, 0x000000008eb00000, 0x000000008ec00000|  0%| F|  |TAMS 0x000000008eb00000, 0x000000008eb00000| Untracked 
| 236|0x000000008ec00000, 0x000000008ec00000, 0x000000008ed00000|  0%| F|  |TAMS 0x000000008ec00000, 0x000000008ec00000| Untracked 
| 237|0x000000008ed00000, 0x000000008ed00000, 0x000000008ee00000|  0%| F|  |TAMS 0x000000008ed00000, 0x000000008ed00000| Untracked 
| 238|0x000000008ee00000, 0x000000008ee00000, 0x000000008ef00000|  0%| F|  |TAMS 0x000000008ee00000, 0x000000008ee00000| Untracked 
| 239|0x000000008ef00000, 0x000000008ef00000, 0x000000008f000000|  0%| F|  |TAMS 0x000000008ef00000, 0x000000008ef00000| Untracked 
| 240|0x000000008f000000, 0x000000008f000000, 0x000000008f100000|  0%| F|  |TAMS 0x000000008f000000, 0x000000008f000000| Untracked 
| 241|0x000000008f100000, 0x000000008f100000, 0x000000008f200000|  0%| F|  |TAMS 0x000000008f100000, 0x000000008f100000| Untracked 
| 242|0x000000008f200000, 0x000000008f200000, 0x000000008f300000|  0%| F|  |TAMS 0x000000008f200000, 0x000000008f200000| Untracked 
| 243|0x000000008f300000, 0x000000008f300000, 0x000000008f400000|  0%| F|  |TAMS 0x000000008f300000, 0x000000008f300000| Untracked 
| 244|0x000000008f400000, 0x000000008f400000, 0x000000008f500000|  0%| F|  |TAMS 0x000000008f400000, 0x000000008f400000| Untracked 
| 245|0x000000008f500000, 0x000000008f500000, 0x000000008f600000|  0%| F|  |TAMS 0x000000008f500000, 0x000000008f500000| Untracked 
| 246|0x000000008f600000, 0x000000008f600000, 0x000000008f700000|  0%| F|  |TAMS 0x000000008f600000, 0x000000008f600000| Untracked 
| 247|0x000000008f700000, 0x000000008f700000, 0x000000008f800000|  0%| F|  |TAMS 0x000000008f700000, 0x000000008f700000| Untracked 
| 248|0x000000008f800000, 0x000000008f800000, 0x000000008f900000|  0%| F|  |TAMS 0x000000008f800000, 0x000000008f800000| Untracked 
| 249|0x000000008f900000, 0x000000008f900000, 0x000000008fa00000|  0%| F|  |TAMS 0x000000008f900000, 0x000000008f900000| Untracked 
| 250|0x000000008fa00000, 0x000000008fa00000, 0x000000008fb00000|  0%| F|  |TAMS 0x000000008fa00000, 0x000000008fa00000| Untracked 
| 251|0x000000008fb00000, 0x000000008fb00000, 0x000000008fc00000|  0%| F|  |TAMS 0x000000008fb00000, 0x000000008fb00000| Untracked 
| 252|0x000000008fc00000, 0x000000008fc00000, 0x000000008fd00000|  0%| F|  |TAMS 0x000000008fc00000, 0x000000008fc00000| Untracked 
| 253|0x000000008fd00000, 0x000000008fd00000, 0x000000008fe00000|  0%| F|  |TAMS 0x000000008fd00000, 0x000000008fd00000| Untracked 
| 254|0x000000008fe00000, 0x000000008fe00000, 0x000000008ff00000|  0%| F|  |TAMS 0x000000008fe00000, 0x000000008fe00000| Untracked 
| 255|0x000000008ff00000, 0x000000008ff00000, 0x0000000090000000|  0%| F|  |TAMS 0x000000008ff00000, 0x000000008ff00000| Untracked 
| 256|0x0000000090000000, 0x0000000090000000, 0x0000000090100000|  0%| F|  |TAMS 0x0000000090000000, 0x0000000090000000| Untracked 
| 257|0x0000000090100000, 0x0000000090100000, 0x0000000090200000|  0%| F|  |TAMS 0x0000000090100000, 0x0000000090100000| Untracked 
| 258|0x0000000090200000, 0x0000000090200000, 0x0000000090300000|  0%| F|  |TAMS 0x0000000090200000, 0x0000000090200000| Untracked 
| 259|0x0000000090300000, 0x0000000090300000, 0x0000000090400000|  0%| F|  |TAMS 0x0000000090300000, 0x0000000090300000| Untracked 
| 260|0x0000000090400000, 0x0000000090400000, 0x0000000090500000|  0%| F|  |TAMS 0x0000000090400000, 0x0000000090400000| Untracked 
| 261|0x0000000090500000, 0x0000000090500000, 0x0000000090600000|  0%| F|  |TAMS 0x0000000090500000, 0x0000000090500000| Untracked 
| 262|0x0000000090600000, 0x0000000090600000, 0x0000000090700000|  0%| F|  |TAMS 0x0000000090600000, 0x0000000090600000| Untracked 
| 263|0x0000000090700000, 0x0000000090700000, 0x0000000090800000|  0%| F|  |TAMS 0x0000000090700000, 0x0000000090700000| Untracked 
| 264|0x0000000090800000, 0x0000000090800000, 0x0000000090900000|  0%| F|  |TAMS 0x0000000090800000, 0x0000000090800000| Untracked 
| 265|0x0000000090900000, 0x0000000090900000, 0x0000000090a00000|  0%| F|  |TAMS 0x0000000090900000, 0x0000000090900000| Untracked 
| 266|0x0000000090a00000, 0x0000000090a00000, 0x0000000090b00000|  0%| F|  |TAMS 0x0000000090a00000, 0x0000000090a00000| Untracked 
| 267|0x0000000090b00000, 0x0000000090b00000, 0x0000000090c00000|  0%| F|  |TAMS 0x0000000090b00000, 0x0000000090b00000| Untracked 
| 268|0x0000000090c00000, 0x0000000090c00000, 0x0000000090d00000|  0%| F|  |TAMS 0x0000000090c00000, 0x0000000090c00000| Untracked 
| 269|0x0000000090d00000, 0x0000000090d00000, 0x0000000090e00000|  0%| F|  |TAMS 0x0000000090d00000, 0x0000000090d00000| Untracked 
| 270|0x0000000090e00000, 0x0000000090e00000, 0x0000000090f00000|  0%| F|  |TAMS 0x0000000090e00000, 0x0000000090e00000| Untracked 
| 271|0x0000000090f00000, 0x0000000090f00000, 0x0000000091000000|  0%| F|  |TAMS 0x0000000090f00000, 0x0000000090f00000| Untracked 
| 272|0x0000000091000000, 0x0000000091000000, 0x0000000091100000|  0%| F|  |TAMS 0x0000000091000000, 0x0000000091000000| Untracked 
| 273|0x0000000091100000, 0x0000000091100000, 0x0000000091200000|  0%| F|  |TAMS 0x0000000091100000, 0x0000000091100000| Untracked 
| 274|0x0000000091200000, 0x0000000091200000, 0x0000000091300000|  0%| F|  |TAMS 0x0000000091200000, 0x0000000091200000| Untracked 
| 275|0x0000000091300000, 0x0000000091300000, 0x0000000091400000|  0%| F|  |TAMS 0x0000000091300000, 0x0000000091300000| Untracked 
| 276|0x0000000091400000, 0x0000000091400000, 0x0000000091500000|  0%| F|  |TAMS 0x0000000091400000, 0x0000000091400000| Untracked 
| 277|0x0000000091500000, 0x0000000091500000, 0x0000000091600000|  0%| F|  |TAMS 0x0000000091500000, 0x0000000091500000| Untracked 
| 278|0x0000000091600000, 0x0000000091600000, 0x0000000091700000|  0%| F|  |TAMS 0x0000000091600000, 0x0000000091600000| Untracked 
| 279|0x0000000091700000, 0x0000000091700000, 0x0000000091800000|  0%| F|  |TAMS 0x0000000091700000, 0x0000000091700000| Untracked 
| 280|0x0000000091800000, 0x0000000091800000, 0x0000000091900000|  0%| F|  |TAMS 0x0000000091800000, 0x0000000091800000| Untracked 
| 281|0x0000000091900000, 0x0000000091900000, 0x0000000091a00000|  0%| F|  |TAMS 0x0000000091900000, 0x0000000091900000| Untracked 
| 282|0x0000000091a00000, 0x0000000091a00000, 0x0000000091b00000|  0%| F|  |TAMS 0x0000000091a00000, 0x0000000091a00000| Untracked 
| 283|0x0000000091b00000, 0x0000000091b00000, 0x0000000091c00000|  0%| F|  |TAMS 0x0000000091b00000, 0x0000000091b00000| Untracked 
| 284|0x0000000091c00000, 0x0000000091c00000, 0x0000000091d00000|  0%| F|  |TAMS 0x0000000091c00000, 0x0000000091c00000| Untracked 
| 285|0x0000000091d00000, 0x0000000091d00000, 0x0000000091e00000|  0%| F|  |TAMS 0x0000000091d00000, 0x0000000091d00000| Untracked 
| 286|0x0000000091e00000, 0x0000000091e00000, 0x0000000091f00000|  0%| F|  |TAMS 0x0000000091e00000, 0x0000000091e00000| Untracked 
| 287|0x0000000091f00000, 0x0000000091f00000, 0x0000000092000000|  0%| F|  |TAMS 0x0000000091f00000, 0x0000000091f00000| Untracked 
| 288|0x0000000092000000, 0x0000000092000000, 0x0000000092100000|  0%| F|  |TAMS 0x0000000092000000, 0x0000000092000000| Untracked 
| 289|0x0000000092100000, 0x0000000092100000, 0x0000000092200000|  0%| F|  |TAMS 0x0000000092100000, 0x0000000092100000| Untracked 
| 290|0x0000000092200000, 0x0000000092200000, 0x0000000092300000|  0%| F|  |TAMS 0x0000000092200000, 0x0000000092200000| Untracked 
| 291|0x0000000092300000, 0x0000000092300000, 0x0000000092400000|  0%| F|  |TAMS 0x0000000092300000, 0x0000000092300000| Untracked 
| 292|0x0000000092400000, 0x0000000092400000, 0x0000000092500000|  0%| F|  |TAMS 0x0000000092400000, 0x0000000092400000| Untracked 
| 293|0x0000000092500000, 0x0000000092500000, 0x0000000092600000|  0%| F|  |TAMS 0x0000000092500000, 0x0000000092500000| Untracked 
| 294|0x0000000092600000, 0x0000000092600000, 0x0000000092700000|  0%| F|  |TAMS 0x0000000092600000, 0x0000000092600000| Untracked 
| 295|0x0000000092700000, 0x0000000092700000, 0x0000000092800000|  0%| F|  |TAMS 0x0000000092700000, 0x0000000092700000| Untracked 
| 296|0x0000000092800000, 0x0000000092800000, 0x0000000092900000|  0%| F|  |TAMS 0x0000000092800000, 0x0000000092800000| Untracked 
| 297|0x0000000092900000, 0x0000000092900000, 0x0000000092a00000|  0%| F|  |TAMS 0x0000000092900000, 0x0000000092900000| Untracked 
| 298|0x0000000092a00000, 0x0000000092a00000, 0x0000000092b00000|  0%| F|  |TAMS 0x0000000092a00000, 0x0000000092a00000| Untracked 
| 299|0x0000000092b00000, 0x0000000092b00000, 0x0000000092c00000|  0%| F|  |TAMS 0x0000000092b00000, 0x0000000092b00000| Untracked 
| 300|0x0000000092c00000, 0x0000000092c00000, 0x0000000092d00000|  0%| F|  |TAMS 0x0000000092c00000, 0x0000000092c00000| Untracked 
| 301|0x0000000092d00000, 0x0000000092d00000, 0x0000000092e00000|  0%| F|  |TAMS 0x0000000092d00000, 0x0000000092d00000| Untracked 
| 302|0x0000000092e00000, 0x0000000092e00000, 0x0000000092f00000|  0%| F|  |TAMS 0x0000000092e00000, 0x0000000092e00000| Untracked 
| 303|0x0000000092f00000, 0x0000000092f00000, 0x0000000093000000|  0%| F|  |TAMS 0x0000000092f00000, 0x0000000092f00000| Untracked 
| 304|0x0000000093000000, 0x0000000093000000, 0x0000000093100000|  0%| F|  |TAMS 0x0000000093000000, 0x0000000093000000| Untracked 
| 305|0x0000000093100000, 0x0000000093100000, 0x0000000093200000|  0%| F|  |TAMS 0x0000000093100000, 0x0000000093100000| Untracked 
| 306|0x0000000093200000, 0x0000000093200000, 0x0000000093300000|  0%| F|  |TAMS 0x0000000093200000, 0x0000000093200000| Untracked 
| 307|0x0000000093300000, 0x0000000093300000, 0x0000000093400000|  0%| F|  |TAMS 0x0000000093300000, 0x0000000093300000| Untracked 
| 308|0x0000000093400000, 0x0000000093400000, 0x0000000093500000|  0%| F|  |TAMS 0x0000000093400000, 0x0000000093400000| Untracked 
| 309|0x0000000093500000, 0x0000000093500000, 0x0000000093600000|  0%| F|  |TAMS 0x0000000093500000, 0x0000000093500000| Untracked 
| 310|0x0000000093600000, 0x0000000093700000, 0x0000000093700000|100%| S|CS|TAMS 0x0000000093600000, 0x0000000093600000| Complete 
| 311|0x0000000093700000, 0x0000000093700000, 0x0000000093800000|  0%| F|  |TAMS 0x0000000093700000, 0x0000000093700000| Untracked 
| 312|0x0000000093800000, 0x0000000093800000, 0x0000000093900000|  0%| F|  |TAMS 0x0000000093800000, 0x0000000093800000| Untracked 
| 313|0x0000000093900000, 0x0000000093900000, 0x0000000093a00000|  0%| F|  |TAMS 0x0000000093900000, 0x0000000093900000| Untracked 
| 314|0x0000000093a00000, 0x0000000093a00000, 0x0000000093b00000|  0%| F|  |TAMS 0x0000000093a00000, 0x0000000093a00000| Untracked 
| 315|0x0000000093b00000, 0x0000000093b00000, 0x0000000093c00000|  0%| F|  |TAMS 0x0000000093b00000, 0x0000000093b00000| Untracked 
| 316|0x0000000093c00000, 0x0000000093c00000, 0x0000000093d00000|  0%| F|  |TAMS 0x0000000093c00000, 0x0000000093c00000| Untracked 
| 317|0x0000000093d00000, 0x0000000093d00000, 0x0000000093e00000|  0%| F|  |TAMS 0x0000000093d00000, 0x0000000093d00000| Untracked 
| 318|0x0000000093e00000, 0x0000000093e00000, 0x0000000093f00000|  0%| F|  |TAMS 0x0000000093e00000, 0x0000000093e00000| Untracked 
| 319|0x0000000093f00000, 0x0000000093f00000, 0x0000000094000000|  0%| F|  |TAMS 0x0000000093f00000, 0x0000000093f00000| Untracked 
| 320|0x0000000094000000, 0x0000000094000000, 0x0000000094100000|  0%| F|  |TAMS 0x0000000094000000, 0x0000000094000000| Untracked 

Card table byte_map: [0x000001aa56320000,0x000001aa56720000] _byte_map_base: 0x000001aa55f20000

Marking Bits (Prev, Next): (CMBitMap*) 0x000001aa4313fb68, (CMBitMap*) 0x000001aa4313fba0
 Prev Bits: [0x000001aa56b20000, 0x000001aa58b20000)
 Next Bits: [0x000001aa58b20000, 0x000001aa5ab20000)

Polling page: 0x000001aa410e0000

Metaspace:

Usage:
  Non-class:     83.13 MB capacity,    81.62 MB ( 98%) used,     1.22 MB (  1%) free+waste,   293.44 KB ( <1%) overhead. 
      Class:     13.27 MB capacity,    12.35 MB ( 93%) used,   816.32 KB (  6%) free+waste,   131.69 KB ( <1%) overhead. 
       Both:     96.40 MB capacity,    93.97 MB ( 97%) used,     2.02 MB (  2%) free+waste,   425.13 KB ( <1%) overhead. 

Virtual space:
  Non-class space:       84.00 MB reserved,      83.25 MB (>99%) committed 
      Class space:        1.00 GB reserved,      13.32 MB (  1%) committed 
             Both:        1.08 GB reserved,      96.57 MB (  9%) committed 

Chunk freelists:
   Non-Class:  0 bytes
       Class:  10.00 KB
        Both:  10.00 KB

MaxMetaspaceSize: 17179869184.00 GB
CompressedClassSpaceSize: 1.00 GB

CodeHeap 'non-profiled nmethods': size=120000Kb used=7774Kb max_used=7774Kb free=112225Kb
 bounds [0x000001aa4e6c0000, 0x000001aa4ee60000, 0x000001aa55bf0000]
CodeHeap 'profiled nmethods': size=120000Kb used=26528Kb max_used=26528Kb free=93471Kb
 bounds [0x000001aa47190000, 0x000001aa48b80000, 0x000001aa4e6c0000]
CodeHeap 'non-nmethods': size=5760Kb used=2309Kb max_used=2387Kb free=3451Kb
 bounds [0x000001aa46bf0000, 0x000001aa46e60000, 0x000001aa47190000]
 total_blobs=13774 nmethods=12858 adapters=827
 compilation: enabled
              stopped_count=0, restarted_count=0
 full_count=0

Compilation events (20 events):
Event: 18.926 Thread 0x000001aa63676000 nmethod 12342 0x000001aa4ee57590 code [0x000001aa4ee57740, 0x000001aa4ee578c8]
Event: 18.926 Thread 0x000001aa63676000 12142       4       com.android.tools.r8.graph.v0$j::a (16 bytes)
Event: 18.927 Thread 0x000001aa5deeb000 nmethod 13117 0x000001aa48b73910 code [0x000001aa48b73b40, 0x000001aa48b74168]
Event: 18.927 Thread 0x000001aa5deeb000 13118       2       java.util.concurrent.atomic.AtomicReference::weakCompareAndSetVolatile (10 bytes)
Event: 18.928 Thread 0x000001aa5deeb000 nmethod 13118 0x000001aa48b74490 code [0x000001aa48b746a0, 0x000001aa48b74bb8]
Event: 18.928 Thread 0x000001aa5deeb000 13119       2       net.rubygrapefruit.platform.file.FileWatchEvent$ChangeType::values (10 bytes)
Event: 18.928 Thread 0x000001aa5deeb000 nmethod 13119 0x000001aa48b74e10 code [0x000001aa48b74fc0, 0x000001aa48b75108]
Event: 18.928 Thread 0x000001aa5deeb000 13120       2       net.rubygrapefruit.platform.internal.jni.AbstractFileEventFunctions$NativeFileWatcherCallback::reportChangeEvent (21 bytes)
Event: 18.928 Thread 0x000001aa5deeb000 nmethod 13120 0x000001aa48b75210 code [0x000001aa48b753e0, 0x000001aa48b756b8]
Event: 18.931 Thread 0x000001aa5deeb000 13121       2       org.objectweb.asm.MethodVisitor::visitVarInsn (17 bytes)
Event: 18.931 Thread 0x000001aa5deeb000 nmethod 13121 0x000001aa48b75810 code [0x000001aa48b759c0, 0x000001aa48b75ae8]
Event: 18.931 Thread 0x000001aa5deeb000 13122       2       org.objectweb.asm.MethodVisitor::visitMethodInsn (80 bytes)
Event: 18.931 Thread 0x000001aa5deeb000 nmethod 13122 0x000001aa48b75b90 code [0x000001aa48b75d60, 0x000001aa48b75fc8]
Event: 18.933 Thread 0x000001aa5deeb000 13123       2       org.objectweb.asm.Type::getDimensions (28 bytes)
Event: 18.933 Thread 0x000001aa5deeb000 nmethod 13123 0x000001aa48b76110 code [0x000001aa48b762e0, 0x000001aa48b76618]
Event: 18.933 Thread 0x000001aa5deeb000 13124 %     3       it.unimi.dsi.fastutil.ints.IntOpenHashSet::rehash @ 28 (129 bytes)
Event: 18.934 Thread 0x000001aa5deeb000 nmethod 13124% 0x000001aa48b76810 code [0x000001aa48b76a80, 0x000001aa48b773e8]
Event: 18.934 Thread 0x000001aa5deeb000 13125 %     3       it.unimi.dsi.fastutil.ints.IntOpenHashSet::add @ 53 (120 bytes)
Event: 18.935 Thread 0x000001aa5deeb000 nmethod 13125% 0x000001aa48b77810 code [0x000001aa48b77a20, 0x000001aa48b77f78]
Event: 18.935 Thread 0x000001aa5deeb000 13127       3       org.objectweb.asm.ClassReader::readCode (5109 bytes)

GC Heap History (20 events):
Event: 15.490 GC heap after
{Heap after GC invocations=22 (full 0):
 garbage-first heap   total 189440K, used 118713K [0x0000000080000000, 0x0000000100000000)
  region size 1024K, 9 young (9216K), 9 survivors (9216K)
 Metaspace       used 88439K, capacity 90646K, committed 91468K, reserved 1128448K
  class space    used 11480K, capacity 12288K, committed 12620K, reserved 1048576K
}
Event: 15.882 GC heap before
{Heap before GC invocations=23 (full 0):
 garbage-first heap   total 189440K, used 151481K [0x0000000080000000, 0x0000000100000000)
  region size 1024K, 40 young (40960K), 9 survivors (9216K)
 Metaspace       used 90699K, capacity 92975K, committed 93644K, reserved 1130496K
  class space    used 11960K, capacity 12791K, committed 13004K, reserved 1048576K
}
Event: 15.910 GC heap after
{Heap after GC invocations=24 (full 0):
 garbage-first heap   total 247808K, used 132944K [0x0000000080000000, 0x0000000100000000)
  region size 1024K, 5 young (5120K), 5 survivors (5120K)
 Metaspace       used 90699K, capacity 92975K, committed 93644K, reserved 1130496K
  class space    used 11960K, capacity 12791K, committed 13004K, reserved 1048576K
}
Event: 16.081 GC heap before
{Heap before GC invocations=24 (full 0):
 garbage-first heap   total 247808K, used 180048K [0x0000000080000000, 0x0000000100000000)
  region size 1024K, 52 young (53248K), 5 survivors (5120K)
 Metaspace       used 90737K, capacity 93043K, committed 93644K, reserved 1130496K
  class space    used 11960K, capacity 12791K, committed 13004K, reserved 1048576K
}
Event: 16.124 GC heap after
{Heap after GC invocations=25 (full 0):
 garbage-first heap   total 247808K, used 158033K [0x0000000080000000, 0x0000000100000000)
  region size 1024K, 7 young (7168K), 7 survivors (7168K)
 Metaspace       used 90737K, capacity 93043K, committed 93644K, reserved 1130496K
  class space    used 11960K, capacity 12791K, committed 13004K, reserved 1048576K
}
Event: 16.593 GC heap before
{Heap before GC invocations=26 (full 0):
 garbage-first heap   total 247808K, used 190801K [0x0000000080000000, 0x0000000100000000)
  region size 1024K, 39 young (39936K), 7 survivors (7168K)
 Metaspace       used 92491K, capacity 94816K, committed 95436K, reserved 1132544K
  class space    used 12214K, capacity 13058K, committed 13260K, reserved 1048576K
}
Event: 16.614 GC heap after
{Heap after GC invocations=27 (full 0):
 garbage-first heap   total 247808K, used 170972K [0x0000000080000000, 0x0000000100000000)
  region size 1024K, 5 young (5120K), 5 survivors (5120K)
 Metaspace       used 92491K, capacity 94816K, committed 95436K, reserved 1132544K
  class space    used 12214K, capacity 13058K, committed 13260K, reserved 1048576K
}
Event: 16.944 GC heap before
{Heap before GC invocations=27 (full 0):
 garbage-first heap   total 247808K, used 196572K [0x0000000080000000, 0x0000000100000000)
  region size 1024K, 31 young (31744K), 5 survivors (5120K)
 Metaspace       used 93071K, capacity 95514K, committed 95692K, reserved 1132544K
  class space    used 12311K, capacity 13205K, committed 13260K, reserved 1048576K
}
Event: 16.960 GC heap after
{Heap after GC invocations=28 (full 0):
 garbage-first heap   total 247808K, used 176680K [0x0000000080000000, 0x0000000100000000)
  region size 1024K, 4 young (4096K), 4 survivors (4096K)
 Metaspace       used 93071K, capacity 95514K, committed 95692K, reserved 1132544K
  class space    used 12311K, capacity 13205K, committed 13260K, reserved 1048576K
}
Event: 17.260 GC heap before
{Heap before GC invocations=28 (full 0):
 garbage-first heap   total 247808K, used 201256K [0x0000000080000000, 0x0000000100000000)
  region size 1024K, 29 young (29696K), 4 survivors (4096K)
 Metaspace       used 93502K, capacity 96041K, committed 96332K, reserved 1132544K
  class space    used 12367K, capacity 13272K, committed 13388K, reserved 1048576K
}
Event: 17.270 GC heap after
{Heap after GC invocations=29 (full 0):
 garbage-first heap   total 328704K, used 178729K [0x0000000080000000, 0x0000000100000000)
  region size 1024K, 3 young (3072K), 3 survivors (3072K)
 Metaspace       used 93502K, capacity 96041K, committed 96332K, reserved 1132544K
  class space    used 12367K, capacity 13272K, committed 13388K, reserved 1048576K
}
Event: 17.698 GC heap before
{Heap before GC invocations=30 (full 0):
 garbage-first heap   total 328704K, used 223785K [0x0000000080000000, 0x0000000100000000)
  region size 1024K, 53 young (54272K), 3 survivors (3072K)
 Metaspace       used 94336K, capacity 96815K, committed 97100K, reserved 1132544K
  class space    used 12441K, capacity 13346K, committed 13388K, reserved 1048576K
}
Event: 17.716 GC heap after
{Heap after GC invocations=31 (full 0):
 garbage-first heap   total 328704K, used 180224K [0x0000000080000000, 0x0000000100000000)
  region size 1024K, 7 young (7168K), 7 survivors (7168K)
 Metaspace       used 94336K, capacity 96815K, committed 97100K, reserved 1132544K
  class space    used 12441K, capacity 13346K, committed 13388K, reserved 1048576K
}
Event: 17.767 GC heap before
{Heap before GC invocations=31 (full 0):
 garbage-first heap   total 328704K, used 189440K [0x0000000080000000, 0x0000000100000000)
  region size 1024K, 16 young (16384K), 7 survivors (7168K)
 Metaspace       used 94399K, capacity 96879K, committed 97100K, reserved 1132544K
  class space    used 12442K, capacity 13346K, committed 13388K, reserved 1048576K
}
Event: 17.783 GC heap after
{Heap after GC invocations=32 (full 0):
 garbage-first heap   total 328704K, used 178779K [0x0000000080000000, 0x0000000100000000)
  region size 1024K, 2 young (2048K), 2 survivors (2048K)
 Metaspace       used 94399K, capacity 96879K, committed 97100K, reserved 1132544K
  class space    used 12442K, capacity 13346K, committed 13388K, reserved 1048576K
}
Event: 18.100 GC heap before
{Heap before GC invocations=32 (full 0):
 garbage-first heap   total 328704K, used 232027K [0x0000000080000000, 0x0000000100000000)
  region size 1024K, 55 young (56320K), 2 survivors (2048K)
 Metaspace       used 94799K, capacity 97227K, committed 97484K, reserved 1132544K
  class space    used 12495K, capacity 13398K, committed 13516K, reserved 1048576K
}
Event: 18.117 GC heap after
{Heap after GC invocations=33 (full 0):
 garbage-first heap   total 328704K, used 182406K [0x0000000080000000, 0x0000000100000000)
  region size 1024K, 5 young (5120K), 5 survivors (5120K)
 Metaspace       used 94799K, capacity 97227K, committed 97484K, reserved 1132544K
  class space    used 12495K, capacity 13398K, committed 13516K, reserved 1048576K
}
Event: 18.808 GC heap before
{Heap before GC invocations=34 (full 0):
 garbage-first heap   total 328704K, used 247942K [0x0000000080000000, 0x0000000100000000)
  region size 1024K, 61 young (62464K), 5 survivors (5120K)
 Metaspace       used 96149K, capacity 98698K, committed 98892K, reserved 1134592K
  class space    used 12638K, capacity 13586K, committed 13644K, reserved 1048576K
}
Event: 18.828 GC heap after
{Heap after GC invocations=35 (full 0):
 garbage-first heap   total 328704K, used 195086K [0x0000000080000000, 0x0000000100000000)
  region size 1024K, 6 young (6144K), 6 survivors (6144K)
 Metaspace       used 96149K, capacity 98698K, committed 98892K, reserved 1134592K
  class space    used 12638K, capacity 13586K, committed 13644K, reserved 1048576K
}
Event: 18.948 GC heap before
{Heap before GC invocations=35 (full 0):
 garbage-first heap   total 328704K, used 204302K [0x0000000080000000, 0x0000000100000000)
  region size 1024K, 16 young (16384K), 6 survivors (6144K)
 Metaspace       used 96220K, capacity 98715K, committed 98892K, reserved 1134592K
  class space    used 12641K, capacity 13590K, committed 13644K, reserved 1048576K
}

Deoptimization events (20 events):
Event: 18.919 Thread 0x000001aa5f3c7800 Uncommon trap: trap_request=0xffffffc6 fr.pc=0x000001aa4ee55834 relative=0x0000000000001674
Event: 18.919 Thread 0x000001aa5f3c7800 Uncommon trap: reason=bimorphic_or_optimized_type_check action=maybe_recompile pc=0x000001aa4ee55834 method=java.util.TimSort.mergeHi(IIII)V @ 227 c2
Event: 18.919 Thread 0x000001aa5f3c7800 DEOPT PACKING pc=0x000001aa4ee55834 sp=0x00000091dc6fe890
Event: 18.919 Thread 0x000001aa5f3c7800 DEOPT UNPACKING pc=0x000001aa46c178af sp=0x00000091dc6fe858 mode 2
Event: 18.919 Thread 0x000001aa5f3c7800 Uncommon trap: trap_request=0xffffffc6 fr.pc=0x000001aa4ee55834 relative=0x0000000000001674
Event: 18.919 Thread 0x000001aa5f3c7800 Uncommon trap: reason=bimorphic_or_optimized_type_check action=maybe_recompile pc=0x000001aa4ee55834 method=java.util.TimSort.mergeHi(IIII)V @ 227 c2
Event: 18.919 Thread 0x000001aa5f3c7800 DEOPT PACKING pc=0x000001aa4ee55834 sp=0x00000091dc6fe890
Event: 18.920 Thread 0x000001aa5f3c7800 DEOPT UNPACKING pc=0x000001aa46c178af sp=0x00000091dc6fe858 mode 2
Event: 18.921 Thread 0x000001aa5f3c7800 Uncommon trap: trap_request=0xffffffc6 fr.pc=0x000001aa4ee55834 relative=0x0000000000001674
Event: 18.921 Thread 0x000001aa5f3c7800 Uncommon trap: reason=bimorphic_or_optimized_type_check action=maybe_recompile pc=0x000001aa4ee55834 method=java.util.TimSort.mergeHi(IIII)V @ 227 c2
Event: 18.921 Thread 0x000001aa5f3c7800 DEOPT PACKING pc=0x000001aa4ee55834 sp=0x00000091dc6fe890
Event: 18.921 Thread 0x000001aa5f3c7800 DEOPT UNPACKING pc=0x000001aa46c178af sp=0x00000091dc6fe858 mode 2
Event: 18.924 Thread 0x000001aa5f3c7800 Uncommon trap: trap_request=0xffffffc6 fr.pc=0x000001aa4ee55834 relative=0x0000000000001674
Event: 18.924 Thread 0x000001aa5f3c7800 Uncommon trap: reason=bimorphic_or_optimized_type_check action=maybe_recompile pc=0x000001aa4ee55834 method=java.util.TimSort.mergeHi(IIII)V @ 227 c2
Event: 18.924 Thread 0x000001aa5f3c7800 DEOPT PACKING pc=0x000001aa4ee55834 sp=0x00000091dc6fe890
Event: 18.925 Thread 0x000001aa5f3c7800 DEOPT UNPACKING pc=0x000001aa46c178af sp=0x00000091dc6fe858 mode 2
Event: 18.934 Thread 0x000001aa60b04800 DEOPT PACKING pc=0x000001aa48a5ff6e sp=0x00000091d85f48e0
Event: 18.934 Thread 0x000001aa60b04800 DEOPT UNPACKING pc=0x000001aa46c176ce sp=0x00000091d85f3f50 mode 0
Event: 18.941 Thread 0x000001aa60b04800 DEOPT PACKING pc=0x000001aa48a70146 sp=0x00000091d85f4e30
Event: 18.941 Thread 0x000001aa60b04800 DEOPT UNPACKING pc=0x000001aa46c176ce sp=0x00000091d85f4420 mode 0

Classes redefined (0 events):
No events

Internal exceptions (20 events):
Event: 15.549 Thread 0x000001aa64faf800 Exception <a 'java/lang/IncompatibleClassChangeError'{0x000000008b12bb28}: Found class java.lang.Object, but interface was expected> (0x000000008b12bb28) thrown at [./src/hotspot/share/interpreter/linkResolver.cpp, line 839]
Event: 15.577 Thread 0x000001aa64fae800 Exception <a 'java/lang/IncompatibleClassChangeError'{0x000000008b0ae0c8}: Found class java.lang.Object, but interface was expected> (0x000000008b0ae0c8) thrown at [./src/hotspot/share/interpreter/linkResolver.cpp, line 839]
Event: 15.583 Thread 0x000001aa64fae800 Exception <a 'java/lang/IncompatibleClassChangeError'{0x000000008b0c8540}: Found class java.lang.Object, but interface was expected> (0x000000008b0c8540) thrown at [./src/hotspot/share/interpreter/linkResolver.cpp, line 839]
Event: 15.584 Thread 0x000001aa5f3c3800 Exception <a 'java/lang/NoSuchMethodError'{0x000000008af0ce78}: 'java.lang.Object java.lang.invoke.DirectMethodHandle$Holder.newInvokeSpecial(java.lang.Object, int)'> (0x000000008af0ce78) thrown at [./src/hotspot/share/interpreter/linkResolver.cpp, line 773]
Event: 16.293 Thread 0x000001aa64faa800 Exception <a 'java/lang/NoSuchMethodError'{0x000000008df6ecf0}: 'int java.lang.invoke.DirectMethodHandle$Holder.invokeVirtual(java.lang.Object, java.lang.Object, java.lang.Object, java.lang.Object)'> (0x000000008df6ecf0) thrown at [./src/hotspot/share/interpreter/linkResolver.cpp, line 773]
Event: 16.358 Thread 0x000001aa64faa800 Exception <a 'java/lang/NoSuchMethodError'{0x000000008dd0bbc8}: 'void java.lang.invoke.DirectMethodHandle$Holder.invokeStatic(java.lang.Object, java.lang.Object, java.lang.Object, int)'> (0x000000008dd0bbc8) thrown at [./src/hotspot/share/interpreter/linkResolver.cpp, line 773]
Event: 16.360 Thread 0x000001aa64faa800 Exception <a 'java/lang/IncompatibleClassChangeError'{0x000000008dd13928}: Found class java.lang.Object, but interface was expected> (0x000000008dd13928) thrown at [./src/hotspot/share/interpreter/linkResolver.cpp, line 839]
Event: 16.364 Thread 0x000001aa64faf800 Exception <a 'java/lang/NoSuchMethodError'{0x000000008dd50f18}: 'int java.lang.invoke.DirectMethodHandle$Holder.invokeVirtual(java.lang.Object, java.lang.Object, java.lang.Object)'> (0x000000008dd50f18) thrown at [./src/hotspot/share/interpreter/linkResolver.cpp, line 773]
Event: 16.364 Thread 0x000001aa5f3c3800 Exception <a 'java/lang/NoSuchMethodError'{0x000000008dd5f3f0}: 'int java.lang.invoke.DirectMethodHandle$Holder.invokeVirtual(java.lang.Object, java.lang.Object, java.lang.Object)'> (0x000000008dd5f3f0) thrown at [./src/hotspot/share/interpreter/linkResolver.cpp, line 773]
Event: 16.365 Thread 0x000001aa64fae800 Exception <a 'java/lang/NoSuchMethodError'{0x000000008e8024f8}: 'int java.lang.invoke.DirectMethodHandle$Holder.invokeVirtual(java.lang.Object, java.lang.Object, java.lang.Object)'> (0x000000008e8024f8) thrown at [./src/hotspot/share/interpreter/linkResolver.cpp, line 773]
Event: 16.738 Thread 0x000001aa64faa800 Exception <a 'java/lang/NoSuchMethodError'{0x000000008e70a088}: 'java.lang.Object java.lang.invoke.Invokers$Holder.linkToTargetMethod(java.lang.Object, int, java.lang.Object, java.lang.Object, java.lang.Object, java.lang.Object)'> (0x000000008e70a088) thrown at [./src/hotspot/share/interpreter/linkResolver.cpp, line 773]
Event: 16.738 Thread 0x000001aa64faa800 Exception <a 'java/lang/NoSuchMethodError'{0x000000008e70dd40}: 'void java.lang.invoke.DirectMethodHandle$Holder.invokeSpecial(java.lang.Object, java.lang.Object, java.lang.Object, java.lang.Object, java.lang.Object, java.lang.Object, java.lang.Object, java.lang.Object, java.lang.Object)'> (0x000000008e70dd40) thrown at [./src/hotspot/share/interpreter/linkResolver.cpp, line 773]
Event: 16.739 Thread 0x000001aa64faa800 Exception <a 'java/lang/NoSuchMethodError'{0x000000008e716f38}: 'java.lang.Object java.lang.invoke.Invokers$Holder.linkToTargetMethod(java.lang.Object, java.lang.Object, java.lang.Object, java.lang.Object, java.lang.Object, java.lang.Object, java.lang.Object)'> (0x000000008e716f38) thrown at [./src/hotspot/share/interpreter/linkResolver.cpp, line 773]
Event: 16.746 Thread 0x000001aa64faa800 Exception <a 'java/lang/IncompatibleClassChangeError'{0x000000008e73dd40}: Found class java.lang.Object, but interface was expected> (0x000000008e73dd40) thrown at [./src/hotspot/share/interpreter/linkResolver.cpp, line 839]
Event: 16.805 Thread 0x000001aa64faa800 Exception <a 'java/lang/NoSuchMethodError'{0x000000008e6a4668}: 'void java.lang.invoke.DirectMethodHandle$Holder.invokeStatic(java.lang.Object, java.lang.Object, java.lang.Object, java.lang.Object, java.lang.Object, java.lang.Object, java.lang.Object, java.lang.Object)'> (0x000000008e6a4668) thrown at [./src/hotspot/share/interpreter/linkResolver.cpp, line 773]
Event: 17.685 Thread 0x000001aa64fac000 Exception <a 'sun/nio/fs/WindowsException'{0x00000000910d5bf8}> (0x00000000910d5bf8) thrown at [./src/hotspot/share/prims/jni.cpp, line 615]
Event: 17.688 Thread 0x000001aa64fac000 Exception <a 'sun/nio/fs/WindowsException'{0x00000000910eeb50}> (0x00000000910eeb50) thrown at [./src/hotspot/share/prims/jni.cpp, line 615]
Event: 17.688 Thread 0x000001aa64fac000 Exception <a 'sun/nio/fs/WindowsException'{0x00000000910eec38}> (0x00000000910eec38) thrown at [./src/hotspot/share/prims/jni.cpp, line 615]
Event: 17.903 Thread 0x000001aa64fa9800 Exception <a 'java/lang/NoSuchMethodError'{0x0000000092708b90}: 'void java.lang.invoke.DirectMethodHandle$Holder.invokeStatic(java.lang.Object, java.lang.Object, java.lang.Object, java.lang.Object, java.lang.Object, java.lang.Object, java.lang.Object)'> (0x0000000092708b90) thrown at [./src/hotspot/share/interpreter/linkResolver.cpp, line 773]
Event: 18.462 Thread 0x000001aa64faa800 Exception <a 'java/lang/IncompatibleClassChangeError'{0x0000000091ff1f68}: Found class java.lang.Object, but interface was expected> (0x0000000091ff1f68) thrown at [./src/hotspot/share/interpreter/linkResolver.cpp, line 839]

Events (20 events):
Event: 18.870 loading class com/android/tools/r8/graph/d0 done
Event: 18.870 loading class com/android/tools/r8/internal/Kz
Event: 18.870 loading class com/android/tools/r8/internal/Kz done
Event: 18.870 loading class com/android/tools/r8/internal/Su$b
Event: 18.870 loading class com/android/tools/r8/internal/Su$b done
Event: 18.871 loading class java/util/IdentityHashMap$KeySpliterator
Event: 18.871 loading class java/util/IdentityHashMap$IdentityHashMapSpliterator
Event: 18.871 loading class java/util/IdentityHashMap$IdentityHashMapSpliterator done
Event: 18.871 loading class java/util/IdentityHashMap$KeySpliterator done
Event: 18.872 loading class com/android/tools/r8/internal/Su$b
Event: 18.872 loading class com/android/tools/r8/internal/Su$b done
Event: 18.872 loading class com/android/tools/r8/graph/Z
Event: 18.872 loading class com/android/tools/r8/graph/Z done
Event: 18.872 loading class com/android/tools/r8/internal/Su$b
Event: 18.872 loading class com/android/tools/r8/internal/Su$b done
Event: 18.932 loading class com/android/tools/r8/graph/a0
Event: 18.932 loading class com/android/tools/r8/graph/a0 done
Event: 18.932 loading class com/android/tools/r8/internal/Su
Event: 18.932 loading class com/android/tools/r8/internal/Su done
Event: 18.948 Executing VM operation: G1CollectForAllocation


Dynamic libraries:
0x00007ff6ae700000 - 0x00007ff6ae70a000 	C:\Program Files\Android\Android Studio\jre\bin\java.exe
0x00007ffab5cd0000 - 0x00007ffab5ec5000 	C:\WINDOWS\SYSTEM32\ntdll.dll
0x00007ffab4020000 - 0x00007ffab40de000 	C:\WINDOWS\System32\KERNEL32.DLL
0x00007ffab36b0000 - 0x00007ffab3979000 	C:\WINDOWS\System32\KERNELBASE.dll
0x00007ffab3b40000 - 0x00007ffab3c40000 	C:\WINDOWS\System32\ucrtbase.dll
0x00007ffaac990000 - 0x00007ffaac9a9000 	C:\Program Files\Android\Android Studio\jre\bin\jli.dll
0x00007ffaac000000 - 0x00007ffaac017000 	C:\Program Files\Android\Android Studio\jre\bin\VCRUNTIME140.dll
0x00007ffab5500000 - 0x00007ffab56a1000 	C:\WINDOWS\System32\USER32.dll
0x00007ffa8e060000 - 0x00007ffa8e2fa000 	C:\WINDOWS\WinSxS\amd64_microsoft.windows.common-controls_6595b64144ccf1df_6.0.19041.1110_none_60b5254171f9507e\COMCTL32.dll
0x00007ffab3cf0000 - 0x00007ffab3d12000 	C:\WINDOWS\System32\win32u.dll
0x00007ffab40e0000 - 0x00007ffab417e000 	C:\WINDOWS\System32\msvcrt.dll
0x00007ffab3fe0000 - 0x00007ffab400b000 	C:\WINDOWS\System32\GDI32.dll
0x00007ffab35a0000 - 0x00007ffab36ab000 	C:\WINDOWS\System32\gdi32full.dll
0x00007ffab3500000 - 0x00007ffab359d000 	C:\WINDOWS\System32\msvcp_win.dll
0x00007ffab5820000 - 0x00007ffab5850000 	C:\WINDOWS\System32\IMM32.DLL
0x00007ffa8a400000 - 0x00007ffa8a49d000 	C:\Program Files\Android\Android Studio\jre\bin\msvcp140.dll
0x00007ffa6b670000 - 0x00007ffa6c13f000 	C:\Program Files\Android\Android Studio\jre\bin\server\jvm.dll
0x00007ffab56c0000 - 0x00007ffab576c000 	C:\WINDOWS\System32\ADVAPI32.dll
0x00007ffab3ec0000 - 0x00007ffab3f5b000 	C:\WINDOWS\System32\sechost.dll
0x00007ffab53d0000 - 0x00007ffab54fa000 	C:\WINDOWS\System32\RPCRT4.dll
0x00007ffab56b0000 - 0x00007ffab56b8000 	C:\WINDOWS\System32\PSAPI.DLL
0x00007ffab0070000 - 0x00007ffab0079000 	C:\WINDOWS\SYSTEM32\WSOCK32.dll
0x00007ffaaae50000 - 0x00007ffaaae5a000 	C:\WINDOWS\SYSTEM32\VERSION.dll
0x00007ffa9c740000 - 0x00007ffa9c767000 	C:\WINDOWS\SYSTEM32\WINMM.dll
0x00007ffab5360000 - 0x00007ffab53cb000 	C:\WINDOWS\System32\WS2_32.dll
0x00007ffab1c30000 - 0x00007ffab1c42000 	C:\WINDOWS\SYSTEM32\kernel.appcore.dll
0x00007ffaadbe0000 - 0x00007ffaadbf1000 	C:\Program Files\Android\Android Studio\jre\bin\verify.dll
0x00007ffab1950000 - 0x00007ffab1b34000 	C:\WINDOWS\SYSTEM32\DBGHELP.DLL
0x00007ffa99f00000 - 0x00007ffa99f2c000 	C:\WINDOWS\SYSTEM32\dbgcore.DLL
0x00007ffab3440000 - 0x00007ffab34c3000 	C:\WINDOWS\System32\bcryptPrimitives.dll
0x00007ffaad970000 - 0x00007ffaad999000 	C:\Program Files\Android\Android Studio\jre\bin\java.dll
0x00007ffab0060000 - 0x00007ffab006b000 	C:\Program Files\Android\Android Studio\jre\bin\jimage.dll
0x00007ffaad950000 - 0x00007ffaad968000 	C:\Program Files\Android\Android Studio\jre\bin\zip.dll
0x00007ffab46c0000 - 0x00007ffab4dff000 	C:\WINDOWS\System32\SHELL32.dll
0x00007ffab11c0000 - 0x00007ffab1950000 	C:\WINDOWS\SYSTEM32\windows.storage.dll
0x00007ffab5000000 - 0x00007ffab5355000 	C:\WINDOWS\System32\combase.dll
0x00007ffab2e40000 - 0x00007ffab2e6c000 	C:\WINDOWS\SYSTEM32\Wldp.dll
0x00007ffab4610000 - 0x00007ffab46be000 	C:\WINDOWS\System32\SHCORE.dll
0x00007ffab58e0000 - 0x00007ffab5935000 	C:\WINDOWS\System32\shlwapi.dll
0x00007ffab3330000 - 0x00007ffab334f000 	C:\WINDOWS\SYSTEM32\profapi.dll
0x00007ffaad4c0000 - 0x00007ffaad4da000 	C:\Program Files\Android\Android Studio\jre\bin\net.dll
0x00007ffaa4560000 - 0x00007ffaa4668000 	C:\WINDOWS\SYSTEM32\WINHTTP.dll
0x00007ffab2b80000 - 0x00007ffab2bea000 	C:\WINDOWS\system32\mswsock.dll
0x00007ffaad4a0000 - 0x00007ffaad4b4000 	C:\Program Files\Android\Android Studio\jre\bin\nio.dll
0x00007ffa8c570000 - 0x00007ffa8c597000 	C:\Users\ASUS\.gradle\native\8bec1ad78214c89d9ad589b4d07fe93259594b29d510b10fafb7a158f7737e5d\windows-amd64\native-platform.dll
0x00007ffa7be70000 - 0x00007ffa7bfad000 	C:\Users\ASUS\.gradle\native\53dbd7edfb1c66fb8903c78663c9afc45aea4f116125fa6feffd364cf09443e8\windows-amd64\native-platform-file-events.dll
0x00007ffaad490000 - 0x00007ffaad49a000 	C:\Program Files\Android\Android Studio\jre\bin\management.dll
0x00007ffaad480000 - 0x00007ffaad48c000 	C:\Program Files\Android\Android Studio\jre\bin\management_ext.dll
0x00007ffab2da0000 - 0x00007ffab2db8000 	C:\WINDOWS\SYSTEM32\CRYPTSP.dll
0x00007ffab2470000 - 0x00007ffab24a4000 	C:\WINDOWS\system32\rsaenh.dll
0x00007ffab34d0000 - 0x00007ffab34f7000 	C:\WINDOWS\System32\bcrypt.dll
0x00007ffab32f0000 - 0x00007ffab331e000 	C:\WINDOWS\SYSTEM32\USERENV.dll
0x00007ffab2d90000 - 0x00007ffab2d9c000 	C:\WINDOWS\SYSTEM32\CRYPTBASE.dll
0x00007ffab2810000 - 0x00007ffab284b000 	C:\WINDOWS\SYSTEM32\IPHLPAPI.DLL
0x00007ffab4010000 - 0x00007ffab4018000 	C:\WINDOWS\System32\NSI.dll
0x00007ffaac8b0000 - 0x00007ffaac8c7000 	C:\WINDOWS\SYSTEM32\dhcpcsvc6.DLL
0x00007ffaac6f0000 - 0x00007ffaac70d000 	C:\WINDOWS\SYSTEM32\dhcpcsvc.DLL
0x00007ffab2860000 - 0x00007ffab292c000 	C:\WINDOWS\SYSTEM32\DNSAPI.dll

dbghelp: loaded successfully - version: 4.0.5 - missing functions: none
symbol engine: initialized successfully - sym options: 0x614 - pdb path: .;C:\Program Files\Android\Android Studio\jre\bin;C:\WINDOWS\SYSTEM32;C:\WINDOWS\WinSxS\amd64_microsoft.windows.common-controls_6595b64144ccf1df_6.0.19041.1110_none_60b5254171f9507e;C:\Program Files\Android\Android Studio\jre\bin\server;C:\Users\ASUS\.gradle\native\8bec1ad78214c89d9ad589b4d07fe93259594b29d510b10fafb7a158f7737e5d\windows-amd64;C:\Users\ASUS\.gradle\native\53dbd7edfb1c66fb8903c78663c9afc45aea4f116125fa6feffd364cf09443e8\windows-amd64

VM Arguments:
jvm_args: --add-opens=java.base/java.util=ALL-UNNAMED --add-opens=java.base/java.lang=ALL-UNNAMED --add-opens=java.base/java.lang.invoke=ALL-UNNAMED --add-opens=java.base/java.util=ALL-UNNAMED --add-opens=java.prefs/java.util.prefs=ALL-UNNAMED --add-opens=java.prefs/java.util.prefs=ALL-UNNAMED --add-opens=java.base/java.nio.charset=ALL-UNNAMED --add-opens=java.base/java.net=ALL-UNNAMED --add-opens=java.base/java.util.concurrent.atomic=ALL-UNNAMED -Xmx2048m -Dfile.encoding=UTF-8 -Duser.country=US -Duser.language=en -Duser.variant 
java_command: org.gradle.launcher.daemon.bootstrap.GradleDaemon 7.0.2
java_class_path (initial): C:\Users\ASUS\.gradle\wrapper\dists\gradle-7.0.2-bin\857tjihv64xamwrf0h14cai3r\gradle-7.0.2\lib\gradle-launcher-7.0.2.jar
Launcher Type: SUN_STANDARD

[Global flags]
     intx CICompilerCount                          = 4                                         {product} {ergonomic}
     uint ConcGCThreads                            = 2                                         {product} {ergonomic}
     uint G1ConcRefinementThreads                  = 8                                         {product} {ergonomic}
   size_t G1HeapRegionSize                         = 1048576                                   {product} {ergonomic}
    uintx GCDrainStackTargetSize                   = 64                                        {product} {ergonomic}
   size_t InitialHeapSize                          = 134217728                                 {product} {ergonomic}
   size_t MarkStackSize                            = 4194304                                   {product} {ergonomic}
   size_t MaxHeapSize                              = 2147483648                                {product} {command line}
   size_t MaxNewSize                               = 1287651328                                {product} {ergonomic}
   size_t MinHeapDeltaBytes                        = 1048576                                   {product} {ergonomic}
    uintx NonNMethodCodeHeapSize                   = 5836300                                {pd product} {ergonomic}
    uintx NonProfiledCodeHeapSize                  = 122910970                              {pd product} {ergonomic}
    uintx ProfiledCodeHeapSize                     = 122910970                              {pd product} {ergonomic}
    uintx ReservedCodeCacheSize                    = 251658240                              {pd product} {ergonomic}
     bool SegmentedCodeCache                       = true                                      {product} {ergonomic}
     bool UseCompressedClassPointers               = true                                 {lp64_product} {ergonomic}
     bool UseCompressedOops                        = true                                 {lp64_product} {ergonomic}
     bool UseG1GC                                  = true                                      {product} {ergonomic}
     bool UseLargePagesIndividualAllocation        = false                                  {pd product} {ergonomic}

Logging:
Log output configuration:
 #0: stdout all=warning uptime,level,tags
 #1: stderr all=off uptime,level,tags

Environment Variables:
PATH=C:\Program Files\Microsoft MPI\Bin\;C:\Program Files (x86)\Common Files\Oracle\Java\javapath;C:\Program Files (x86)\Intel\Intel(R) Management Engine Components\iCLS\;C:\Program Files\Intel\Intel(R) Management Engine Components\iCLS\;C:\Windows\system32;C:\Windows;C:\Windows\System32\Wbem;C:\Windows\System32\WindowsPowerShell\v1.0\;C:\Windows\System32\OpenSSH\;C:\Program Files (x86)\NVIDIA Corporation\PhysX\Common;C:\Program Files (x86)\Intel\Intel(R) Management Engine Components\DAL;C:\Program Files\Intel\Intel(R) Management Engine Components\DAL;C:\Program Files (x86)\Intel\Intel(R) Management Engine Components\IPT;C:\Program Files\Intel\Intel(R) Management Engine Components\IPT;C:\WINDOWS\system32;C:\WINDOWS;C:\WINDOWS\System32\Wbem;C:\WINDOWS\System32\WindowsPowerShell\v1.0\;C:\WINDOWS\System32\OpenSSH\;C:\Program Files\Microsoft SQL Server\110\Tools\Binn\;C:\Program Files (x86)\Microsoft SQL Server\110\Tools\Binn\;C:\Program Files\Microsoft SQL Server\110\DTS\Binn\;C:\Program Files (x86)\Microsoft SQL Server\110\Tools\Binn\ManagementStudio\;C:\Program Files (x86)\Microsoft Visual Studio 10.0\Common7\IDE\PrivateAssemblies\;C:\Program Files (x86)\Microsoft SQL Server\110\DTS\Binn\;C:\Program Files\Microsoft SQL Server\130\Tools\Binn\;C:\Program Files\dotnet\;C:\Program Files\Microsoft SQL Server\Client SDK\ODBC\170\Tools\Binn\;C:\Program Files\nodejs\;C:\Program Files\Git\cmd;C:\Users\ASUS\AppData\Local\Microsoft\WindowsApps;C:\Users\ASUS\AppData\Local\Microsoft\WindowsApps;C:\Users\ASUS\AppData\Roaming\npm;C:\Users\ASUS\AppData\Local\Programs\Microsoft VS Code\bin
USERNAME=ASUS
OS=Windows_NT
PROCESSOR_IDENTIFIER=Intel64 Family 6 Model 142 Stepping 10, GenuineIntel



---------------  S Y S T E M  ---------------

OS: Windows 10 , 64 bit Build 19041 (10.0.19041.1202)
OS uptime: 2 days 13:47 hours
Hyper-V role detected

CPU:total 8 (initial active 8) (4 cores per cpu, 2 threads per core) family 6 model 142 stepping 10 microcode 0xb4, cmov, cx8, fxsr, mmx, sse, sse2, sse3, ssse3, sse4.1, sse4.2, popcnt, avx, avx2, aes, clmul, erms, 3dnowpref, lzcnt, ht, tsc, tscinvbit, bmi1, bmi2, adx, fma

Memory: 4k page, system-wide physical 8073M (491M free)
TotalPageFile size 10073M (AvailPageFile size 60M)
current process WorkingSet (physical memory assigned to process): 618M, peak: 618M
current process commit charge ("private bytes"): 666M, peak: 753M

vm_info: OpenJDK 64-Bit Server VM (11.0.10+0-b96-7249189) for windows-amd64 JRE (11.0.10+0-b96-7249189), built on Mar 31 2021 21:44:00 by "builder" with MS VC++ 14.0 (VS2015)

END.
